{"/home/aronboliveira/Desktop/programming/_portfolio/web/crm/apps/mobile/src/components/PromptHost.tsx": {"path":"/home/aronboliveira/Desktop/programming/_portfolio/web/crm/apps/mobile/src/components/PromptHost.tsx","statementMap":{"0":{"start":{"line":42,"column":35},"end":{"line":42,"column":57}},"1":{"start":{"line":43,"column":2},"end":{"line":47,"column":5}},"2":{"start":{"line":44,"column":4},"end":{"line":44,"column":41}},"3":{"start":{"line":44,"column":34},"end":{"line":44,"column":41}},"4":{"start":{"line":45,"column":4},"end":{"line":46,"column":25}},"5":{"start":{"line":45,"column":29},"end":{"line":45,"column":45}},"6":{"start":{"line":46,"column":9},"end":{"line":46,"column":25}},"7":{"start":{"line":48,"column":2},"end":{"line":48,"column":13}},"8":{"start":{"line":52,"column":22},"end":{"line":52,"column":61}},"9":{"start":{"line":54,"column":38},"end":{"line":54,"column":71}},"10":{"start":{"line":55,"column":36},"end":{"line":55,"column":65}},"11":{"start":{"line":57,"column":22},"end":{"line":61,"column":8}},"12":{"start":{"line":58,"column":4},"end":{"line":60,"column":7}},"13":{"start":{"line":59,"column":6},"end":{"line":59,"column":48}},"14":{"start":{"line":63,"column":19},"end":{"line":72,"column":3}},"15":{"start":{"line":65,"column":6},"end":{"line":69,"column":9}},"16":{"start":{"line":66,"column":8},"end":{"line":66,"column":27}},"17":{"start":{"line":67,"column":8},"end":{"line":67,"column":70}},"18":{"start":{"line":68,"column":8},"end":{"line":68,"column":47}},"19":{"start":{"line":74,"column":25},"end":{"line":80,"column":3}},"20":{"start":{"line":75,"column":11},"end":{"line":78,"column":5}},"21":{"start":{"line":82,"column":2},"end":{"line":85,"column":12}},"22":{"start":{"line":83,"column":4},"end":{"line":83,"column":27}},"23":{"start":{"line":84,"column":4},"end":{"line":84,"column":39}},"24":{"start":{"line":84,"column":17},"end":{"line":84,"column":38}},"25":{"start":{"line":87,"column":16},"end":{"line":91,"column":8}},"26":{"start":{"line":88,"column":4},"end":{"line":88,"column":28}},"27":{"start":{"line":89,"column":4},"end":{"line":89,"column":23}},"28":{"start":{"line":90,"column":4},"end":{"line":90,"column":22}},"29":{"start":{"line":93,"column":24},"end":{"line":97,"column":17}},"30":{"start":{"line":94,"column":4},"end":{"line":94,"column":38}},"31":{"start":{"line":94,"column":31},"end":{"line":94,"column":38}},"32":{"start":{"line":95,"column":4},"end":{"line":95,"column":22}},"33":{"start":{"line":96,"column":4},"end":{"line":96,"column":12}},"34":{"start":{"line":99,"column":20},"end":{"line":103,"column":17}},"35":{"start":{"line":100,"column":4},"end":{"line":100,"column":38}},"36":{"start":{"line":100,"column":31},"end":{"line":100,"column":38}},"37":{"start":{"line":101,"column":4},"end":{"line":101,"column":21}},"38":{"start":{"line":102,"column":4},"end":{"line":102,"column":12}},"39":{"start":{"line":105,"column":21},"end":{"line":109,"column":17}},"40":{"start":{"line":106,"column":4},"end":{"line":106,"column":35}},"41":{"start":{"line":106,"column":28},"end":{"line":106,"column":35}},"42":{"start":{"line":107,"column":4},"end":{"line":107,"column":21}},"43":{"start":{"line":108,"column":4},"end":{"line":108,"column":12}},"44":{"start":{"line":111,"column":17},"end":{"line":137,"column":29}},"45":{"start":{"line":112,"column":4},"end":{"line":112,"column":35}},"46":{"start":{"line":112,"column":28},"end":{"line":112,"column":35}},"47":{"start":{"line":114,"column":17},"end":{"line":114,"column":24}},"48":{"start":{"line":115,"column":14},"end":{"line":115,"column":31}},"49":{"start":{"line":118,"column":4},"end":{"line":126,"column":5}},"50":{"start":{"line":119,"column":6},"end":{"line":119,"column":32}},"51":{"start":{"line":119,"column":23},"end":{"line":119,"column":32}},"52":{"start":{"line":120,"column":18},"end":{"line":120,"column":28}},"53":{"start":{"line":121,"column":17},"end":{"line":121,"column":52}},"54":{"start":{"line":122,"column":6},"end":{"line":125,"column":7}},"55":{"start":{"line":123,"column":8},"end":{"line":123,"column":47}},"56":{"start":{"line":124,"column":8},"end":{"line":124,"column":15}},"57":{"start":{"line":129,"column":16},"end":{"line":129,"column":55}},"58":{"start":{"line":130,"column":4},"end":{"line":133,"column":5}},"59":{"start":{"line":131,"column":6},"end":{"line":131,"column":24}},"60":{"start":{"line":132,"column":6},"end":{"line":132,"column":13}},"61":{"start":{"line":135,"column":4},"end":{"line":135,"column":18}},"62":{"start":{"line":136,"column":4},"end":{"line":136,"column":12}},"63":{"start":{"line":139,"column":19},"end":{"line":142,"column":8}},"64":{"start":{"line":140,"column":4},"end":{"line":140,"column":23}},"65":{"start":{"line":141,"column":4},"end":{"line":141,"column":45}},"66":{"start":{"line":141,"column":26},"end":{"line":141,"column":42}},"67":{"start":{"line":144,"column":18},"end":{"line":144,"column":36}},"68":{"start":{"line":147,"column":4},"end":{"line":151,"column":12}},"69":{"start":{"line":154,"column":4},"end":{"line":158,"column":14}},"70":{"start":{"line":161,"column":4},"end":{"line":165,"column":18}},"71":{"start":{"line":167,"column":2},"end":{"line":274,"column":4}},"72":{"start":{"line":173,"column":8},"end":{"line":177,"column":22}},"73":{"start":{"line":183,"column":10},"end":{"line":187,"column":24}},"74":{"start":{"line":192,"column":25},"end":{"line":192,"column":31}},"75":{"start":{"line":205,"column":16},"end":{"line":245,"column":23}},"76":{"start":{"line":212,"column":48},"end":{"line":212,"column":76}},"77":{"start":{"line":216,"column":26},"end":{"line":220,"column":28}},"78":{"start":{"line":227,"column":43},"end":{"line":227,"column":61}},"79":{"start":{"line":277,"column":15},"end":{"line":337,"column":2}}},"fnMap":{"0":{"name":"buildInitial","decl":{"start":{"line":38,"column":9},"end":{"line":38,"column":21}},"loc":{"start":{"line":41,"column":2},"end":{"line":49,"column":1}},"line":41},"1":{"name":"(anonymous_1)","decl":{"start":{"line":43,"column":17},"end":{"line":43,"column":18}},"loc":{"start":{"line":43,"column":24},"end":{"line":47,"column":3}},"line":43},"2":{"name":"PromptHost","decl":{"start":{"line":51,"column":24},"end":{"line":51,"column":34}},"loc":{"start":{"line":51,"column":37},"end":{"line":275,"column":1}},"line":51},"3":{"name":"(anonymous_3)","decl":{"start":{"line":57,"column":34},"end":{"line":57,"column":35}},"loc":{"start":{"line":57,"column":57},"end":{"line":61,"column":3}},"line":57},"4":{"name":"(anonymous_4)","decl":{"start":{"line":58,"column":32},"end":{"line":58,"column":33}},"loc":{"start":{"line":58,"column":45},"end":{"line":60,"column":5}},"line":58},"5":{"name":"(anonymous_5)","decl":{"start":{"line":64,"column":4},"end":{"line":64,"column":5}},"loc":{"start":{"line":64,"column":58},"end":{"line":70,"column":5}},"line":64},"6":{"name":"(anonymous_6)","decl":{"start":{"line":65,"column":35},"end":{"line":65,"column":36}},"loc":{"start":{"line":65,"column":48},"end":{"line":69,"column":7}},"line":65},"7":{"name":"(anonymous_7)","decl":{"start":{"line":75,"column":4},"end":{"line":75,"column":5}},"loc":{"start":{"line":75,"column":11},"end":{"line":78,"column":5}},"line":75},"8":{"name":"(anonymous_8)","decl":{"start":{"line":82,"column":12},"end":{"line":82,"column":13}},"loc":{"start":{"line":82,"column":18},"end":{"line":85,"column":3}},"line":82},"9":{"name":"(anonymous_9)","decl":{"start":{"line":84,"column":11},"end":{"line":84,"column":12}},"loc":{"start":{"line":84,"column":17},"end":{"line":84,"column":38}},"line":84},"10":{"name":"(anonymous_10)","decl":{"start":{"line":87,"column":28},"end":{"line":87,"column":29}},"loc":{"start":{"line":87,"column":34},"end":{"line":91,"column":3}},"line":87},"11":{"name":"(anonymous_11)","decl":{"start":{"line":93,"column":36},"end":{"line":93,"column":37}},"loc":{"start":{"line":93,"column":42},"end":{"line":97,"column":3}},"line":93},"12":{"name":"(anonymous_12)","decl":{"start":{"line":99,"column":32},"end":{"line":99,"column":33}},"loc":{"start":{"line":99,"column":38},"end":{"line":103,"column":3}},"line":99},"13":{"name":"(anonymous_13)","decl":{"start":{"line":105,"column":33},"end":{"line":105,"column":34}},"loc":{"start":{"line":105,"column":39},"end":{"line":109,"column":3}},"line":105},"14":{"name":"(anonymous_14)","decl":{"start":{"line":111,"column":29},"end":{"line":111,"column":30}},"loc":{"start":{"line":111,"column":35},"end":{"line":137,"column":3}},"line":111},"15":{"name":"(anonymous_15)","decl":{"start":{"line":139,"column":31},"end":{"line":139,"column":32}},"loc":{"start":{"line":139,"column":54},"end":{"line":142,"column":3}},"line":139},"16":{"name":"(anonymous_16)","decl":{"start":{"line":141,"column":18},"end":{"line":141,"column":19}},"loc":{"start":{"line":141,"column":26},"end":{"line":141,"column":42}},"line":141},"17":{"name":"(anonymous_17)","decl":{"start":{"line":172,"column":22},"end":{"line":172,"column":23}},"loc":{"start":{"line":172,"column":28},"end":{"line":178,"column":7}},"line":172},"18":{"name":"(anonymous_18)","decl":{"start":{"line":182,"column":17},"end":{"line":182,"column":18}},"loc":{"start":{"line":182,"column":23},"end":{"line":188,"column":9}},"line":182},"19":{"name":"(anonymous_19)","decl":{"start":{"line":192,"column":19},"end":{"line":192,"column":20}},"loc":{"start":{"line":192,"column":25},"end":{"line":192,"column":31}},"line":192},"20":{"name":"(anonymous_20)","decl":{"start":{"line":204,"column":34},"end":{"line":204,"column":35}},"loc":{"start":{"line":205,"column":16},"end":{"line":245,"column":23}},"line":205},"21":{"name":"(anonymous_21)","decl":{"start":{"line":212,"column":39},"end":{"line":212,"column":40}},"loc":{"start":{"line":212,"column":48},"end":{"line":212,"column":76}},"line":212},"22":{"name":"(anonymous_22)","decl":{"start":{"line":215,"column":47},"end":{"line":215,"column":48}},"loc":{"start":{"line":216,"column":26},"end":{"line":220,"column":28}},"line":216},"23":{"name":"(anonymous_23)","decl":{"start":{"line":227,"column":36},"end":{"line":227,"column":37}},"loc":{"start":{"line":227,"column":43},"end":{"line":227,"column":61}},"line":227}},"branchMap":{"0":{"loc":{"start":{"line":42,"column":41},"end":{"line":42,"column":54}},"type":"binary-expr","locations":[{"start":{"line":42,"column":41},"end":{"line":42,"column":48}},{"start":{"line":42,"column":52},"end":{"line":42,"column":54}}],"line":42},"1":{"loc":{"start":{"line":44,"column":4},"end":{"line":44,"column":41}},"type":"if","locations":[{"start":{"line":44,"column":4},"end":{"line":44,"column":41}},{"start":{},"end":{}}],"line":44},"2":{"loc":{"start":{"line":45,"column":4},"end":{"line":46,"column":25}},"type":"if","locations":[{"start":{"line":45,"column":4},"end":{"line":46,"column":25}},{"start":{"line":46,"column":9},"end":{"line":46,"column":25}}],"line":45},"3":{"loc":{"start":{"line":94,"column":4},"end":{"line":94,"column":38}},"type":"if","locations":[{"start":{"line":94,"column":4},"end":{"line":94,"column":38}},{"start":{},"end":{}}],"line":94},"4":{"loc":{"start":{"line":100,"column":4},"end":{"line":100,"column":38}},"type":"if","locations":[{"start":{"line":100,"column":4},"end":{"line":100,"column":38}},{"start":{},"end":{}}],"line":100},"5":{"loc":{"start":{"line":106,"column":4},"end":{"line":106,"column":35}},"type":"if","locations":[{"start":{"line":106,"column":4},"end":{"line":106,"column":35}},{"start":{},"end":{}}],"line":106},"6":{"loc":{"start":{"line":112,"column":4},"end":{"line":112,"column":35}},"type":"if","locations":[{"start":{"line":112,"column":4},"end":{"line":112,"column":35}},{"start":{},"end":{}}],"line":112},"7":{"loc":{"start":{"line":119,"column":6},"end":{"line":119,"column":32}},"type":"if","locations":[{"start":{"line":119,"column":6},"end":{"line":119,"column":32}},{"start":{},"end":{}}],"line":119},"8":{"loc":{"start":{"line":121,"column":24},"end":{"line":121,"column":33}},"type":"binary-expr","locations":[{"start":{"line":121,"column":24},"end":{"line":121,"column":27}},{"start":{"line":121,"column":31},"end":{"line":121,"column":33}}],"line":121},"9":{"loc":{"start":{"line":122,"column":6},"end":{"line":125,"column":7}},"type":"if","locations":[{"start":{"line":122,"column":6},"end":{"line":125,"column":7}},{"start":{},"end":{}}],"line":122},"10":{"loc":{"start":{"line":129,"column":16},"end":{"line":129,"column":55}},"type":"cond-expr","locations":[{"start":{"line":129,"column":32},"end":{"line":129,"column":48}},{"start":{"line":129,"column":51},"end":{"line":129,"column":55}}],"line":129},"11":{"loc":{"start":{"line":130,"column":4},"end":{"line":133,"column":5}},"type":"if","locations":[{"start":{"line":130,"column":4},"end":{"line":133,"column":5}},{"start":{},"end":{}}],"line":130},"12":{"loc":{"start":{"line":147,"column":4},"end":{"line":151,"column":12}},"type":"cond-expr","locations":[{"start":{"line":148,"column":8},"end":{"line":148,"column":21}},{"start":{"line":149,"column":8},"end":{"line":151,"column":12}}],"line":147},"13":{"loc":{"start":{"line":149,"column":8},"end":{"line":151,"column":12}},"type":"cond-expr","locations":[{"start":{"line":150,"column":10},"end":{"line":150,"column":23}},{"start":{"line":151,"column":10},"end":{"line":151,"column":12}}],"line":149},"14":{"loc":{"start":{"line":154,"column":4},"end":{"line":158,"column":14}},"type":"cond-expr","locations":[{"start":{"line":155,"column":8},"end":{"line":155,"column":35}},{"start":{"line":156,"column":8},"end":{"line":158,"column":14}}],"line":154},"15":{"loc":{"start":{"line":155,"column":8},"end":{"line":155,"column":35}},"type":"binary-expr","locations":[{"start":{"line":155,"column":8},"end":{"line":155,"column":27}},{"start":{"line":155,"column":31},"end":{"line":155,"column":35}}],"line":155},"16":{"loc":{"start":{"line":156,"column":8},"end":{"line":158,"column":14}},"type":"cond-expr","locations":[{"start":{"line":157,"column":10},"end":{"line":157,"column":37}},{"start":{"line":158,"column":10},"end":{"line":158,"column":14}}],"line":156},"17":{"loc":{"start":{"line":157,"column":10},"end":{"line":157,"column":37}},"type":"binary-expr","locations":[{"start":{"line":157,"column":10},"end":{"line":157,"column":29}},{"start":{"line":157,"column":33},"end":{"line":157,"column":37}}],"line":157},"18":{"loc":{"start":{"line":161,"column":4},"end":{"line":165,"column":18}},"type":"cond-expr","locations":[{"start":{"line":162,"column":8},"end":{"line":162,"column":38}},{"start":{"line":163,"column":8},"end":{"line":165,"column":18}}],"line":161},"19":{"loc":{"start":{"line":162,"column":8},"end":{"line":162,"column":38}},"type":"binary-expr","locations":[{"start":{"line":162,"column":8},"end":{"line":162,"column":26}},{"start":{"line":162,"column":30},"end":{"line":162,"column":38}}],"line":162},"20":{"loc":{"start":{"line":163,"column":8},"end":{"line":165,"column":18}},"type":"cond-expr","locations":[{"start":{"line":164,"column":10},"end":{"line":164,"column":40}},{"start":{"line":165,"column":10},"end":{"line":165,"column":18}}],"line":163},"21":{"loc":{"start":{"line":164,"column":10},"end":{"line":164,"column":40}},"type":"binary-expr","locations":[{"start":{"line":164,"column":10},"end":{"line":164,"column":28}},{"start":{"line":164,"column":32},"end":{"line":164,"column":40}}],"line":164},"22":{"loc":{"start":{"line":173,"column":8},"end":{"line":177,"column":21}},"type":"cond-expr","locations":[{"start":{"line":174,"column":12},"end":{"line":174,"column":27}},{"start":{"line":175,"column":12},"end":{"line":177,"column":21}}],"line":173},"23":{"loc":{"start":{"line":175,"column":12},"end":{"line":177,"column":21}},"type":"cond-expr","locations":[{"start":{"line":176,"column":14},"end":{"line":176,"column":26}},{"start":{"line":177,"column":14},"end":{"line":177,"column":21}}],"line":175},"24":{"loc":{"start":{"line":183,"column":10},"end":{"line":187,"column":23}},"type":"cond-expr","locations":[{"start":{"line":184,"column":14},"end":{"line":184,"column":29}},{"start":{"line":185,"column":14},"end":{"line":187,"column":23}}],"line":183},"25":{"loc":{"start":{"line":185,"column":14},"end":{"line":187,"column":23}},"type":"cond-expr","locations":[{"start":{"line":186,"column":16},"end":{"line":186,"column":28}},{"start":{"line":187,"column":16},"end":{"line":187,"column":23}}],"line":185},"26":{"loc":{"start":{"line":197,"column":13},"end":{"line":199,"column":20}},"type":"cond-expr","locations":[{"start":{"line":198,"column":14},"end":{"line":198,"column":63}},{"start":{"line":199,"column":16},"end":{"line":199,"column":20}}],"line":197},"27":{"loc":{"start":{"line":197,"column":13},"end":{"line":197,"column":53}},"type":"binary-expr","locations":[{"start":{"line":197,"column":13},"end":{"line":197,"column":34}},{"start":{"line":197,"column":38},"end":{"line":197,"column":53}}],"line":197},"28":{"loc":{"start":{"line":202,"column":11},"end":{"line":250,"column":18}},"type":"cond-expr","locations":[{"start":{"line":203,"column":12},"end":{"line":249,"column":19}},{"start":{"line":250,"column":14},"end":{"line":250,"column":18}}],"line":202},"29":{"loc":{"start":{"line":208,"column":19},"end":{"line":238,"column":19}},"type":"cond-expr","locations":[{"start":{"line":209,"column":20},"end":{"line":223,"column":27}},{"start":{"line":225,"column":20},"end":{"line":237,"column":22}}],"line":208},"30":{"loc":{"start":{"line":211,"column":46},"end":{"line":211,"column":71}},"type":"binary-expr","locations":[{"start":{"line":211,"column":46},"end":{"line":211,"column":65}},{"start":{"line":211,"column":69},"end":{"line":211,"column":71}}],"line":211},"31":{"loc":{"start":{"line":215,"column":26},"end":{"line":215,"column":41}},"type":"binary-expr","locations":[{"start":{"line":215,"column":26},"end":{"line":215,"column":35}},{"start":{"line":215,"column":39},"end":{"line":215,"column":41}}],"line":215},"32":{"loc":{"start":{"line":226,"column":36},"end":{"line":226,"column":61}},"type":"binary-expr","locations":[{"start":{"line":226,"column":36},"end":{"line":226,"column":55}},{"start":{"line":226,"column":59},"end":{"line":226,"column":61}}],"line":226},"33":{"loc":{"start":{"line":230,"column":36},"end":{"line":230,"column":79}},"type":"cond-expr","locations":[{"start":{"line":230,"column":58},"end":{"line":230,"column":67}},{"start":{"line":230,"column":70},"end":{"line":230,"column":79}}],"line":230},"34":{"loc":{"start":{"line":235,"column":24},"end":{"line":235,"column":64}},"type":"binary-expr","locations":[{"start":{"line":235,"column":24},"end":{"line":235,"column":45}},{"start":{"line":235,"column":49},"end":{"line":235,"column":64}}],"line":235},"35":{"loc":{"start":{"line":240,"column":19},"end":{"line":244,"column":26}},"type":"cond-expr","locations":[{"start":{"line":241,"column":20},"end":{"line":243,"column":27}},{"start":{"line":244,"column":22},"end":{"line":244,"column":26}}],"line":240},"36":{"loc":{"start":{"line":248,"column":15},"end":{"line":248,"column":79}},"type":"cond-expr","locations":[{"start":{"line":248,"column":27},"end":{"line":248,"column":72}},{"start":{"line":248,"column":75},"end":{"line":248,"column":79}}],"line":248},"37":{"loc":{"start":{"line":255,"column":23},"end":{"line":255,"column":73}},"type":"cond-expr","locations":[{"start":{"line":255,"column":47},"end":{"line":255,"column":60}},{"start":{"line":255,"column":63},"end":{"line":255,"column":73}}],"line":255},"38":{"loc":{"start":{"line":262,"column":16},"end":{"line":264,"column":37}},"type":"cond-expr","locations":[{"start":{"line":263,"column":20},"end":{"line":263,"column":36}},{"start":{"line":264,"column":20},"end":{"line":264,"column":37}}],"line":262},"39":{"loc":{"start":{"line":262,"column":16},"end":{"line":262,"column":60}},"type":"binary-expr","locations":[{"start":{"line":262,"column":16},"end":{"line":262,"column":37}},{"start":{"line":262,"column":41},"end":{"line":262,"column":60}}],"line":262},"40":{"loc":{"start":{"line":266,"column":23},"end":{"line":266,"column":65}},"type":"cond-expr","locations":[{"start":{"line":266,"column":47},"end":{"line":266,"column":56}},{"start":{"line":266,"column":59},"end":{"line":266,"column":65}}],"line":266}},"s":{"0":0,"1":0,"2":0,"3":0,"4":0,"5":0,"6":0,"7":0,"8":0,"9":0,"10":0,"11":0,"12":0,"13":0,"14":0,"15":0,"16":0,"17":0,"18":0,"19":0,"20":0,"21":0,"22":0,"23":0,"24":0,"25":0,"26":0,"27":0,"28":0,"29":0,"30":0,"31":0,"32":0,"33":0,"34":0,"35":0,"36":0,"37":0,"38":0,"39":0,"40":0,"41":0,"42":0,"43":0,"44":0,"45":0,"46":0,"47":0,"48":0,"49":0,"50":0,"51":0,"52":0,"53":0,"54":0,"55":0,"56":0,"57":0,"58":0,"59":0,"60":0,"61":0,"62":0,"63":0,"64":0,"65":0,"66":0,"67":0,"68":0,"69":0,"70":0,"71":0,"72":0,"73":0,"74":0,"75":0,"76":0,"77":0,"78":0,"79":0},"f":{"0":0,"1":0,"2":0,"3":0,"4":0,"5":0,"6":0,"7":0,"8":0,"9":0,"10":0,"11":0,"12":0,"13":0,"14":0,"15":0,"16":0,"17":0,"18":0,"19":0,"20":0,"21":0,"22":0,"23":0},"b":{"0":[0,0],"1":[0,0],"2":[0,0],"3":[0,0],"4":[0,0],"5":[0,0],"6":[0,0],"7":[0,0],"8":[0,0],"9":[0,0],"10":[0,0],"11":[0,0],"12":[0,0],"13":[0,0],"14":[0,0],"15":[0,0],"16":[0,0],"17":[0,0],"18":[0,0],"19":[0,0],"20":[0,0],"21":[0,0],"22":[0,0],"23":[0,0],"24":[0,0],"25":[0,0],"26":[0,0],"27":[0,0],"28":[0,0],"29":[0,0],"30":[0,0],"31":[0,0],"32":[0,0],"33":[0,0],"34":[0,0],"35":[0,0],"36":[0,0],"37":[0,0],"38":[0,0],"39":[0,0],"40":[0,0]}}
,"/home/aronboliveira/Desktop/programming/_portfolio/web/crm/apps/mobile/src/constants/index.ts": {"path":"/home/aronboliveira/Desktop/programming/_portfolio/web/crm/apps/mobile/src/constants/index.ts","statementMap":{},"fnMap":{},"branchMap":{},"s":{},"f":{},"b":{},"_coverageSchema":"1a1c01bbd47fc00a2c39e90264f33305004495a9","hash":"4d036a904e3a9562abc1532017f0c299bb285cc7"}
,"/home/aronboliveira/Desktop/programming/_portfolio/web/crm/apps/mobile/src/constants/nav-routes.constants.ts": {"path":"/home/aronboliveira/Desktop/programming/_portfolio/web/crm/apps/mobile/src/constants/nav-routes.constants.ts","statementMap":{"0":{"start":{"line":16,"column":20},"end":{"line":86,"column":10}},"1":{"start":{"line":92,"column":26},"end":{"line":92,"column":55}},"2":{"start":{"line":103,"column":27},"end":{"line":103,"column":29}},"3":{"start":{"line":105,"column":2},"end":{"line":109,"column":3}},"4":{"start":{"line":106,"column":4},"end":{"line":108,"column":5}},"5":{"start":{"line":107,"column":6},"end":{"line":107,"column":25}},"6":{"start":{"line":111,"column":2},"end":{"line":111,"column":16}},"7":{"start":{"line":118,"column":2},"end":{"line":118,"column":48}}},"fnMap":{"0":{"name":"getAllRouteNames","decl":{"start":{"line":102,"column":16},"end":{"line":102,"column":32}},"loc":{"start":{"line":102,"column":45},"end":{"line":112,"column":1}},"line":102},"1":{"name":"isValidRoute","decl":{"start":{"line":117,"column":16},"end":{"line":117,"column":28}},"loc":{"start":{"line":117,"column":57},"end":{"line":119,"column":1}},"line":117}},"branchMap":{},"s":{"0":4,"1":4,"2":0,"3":0,"4":0,"5":0,"6":0,"7":0},"f":{"0":0,"1":0},"b":{},"_coverageSchema":"1a1c01bbd47fc00a2c39e90264f33305004495a9","hash":"82018841b1f7b7b401ac1cebeb4400bdf01bb2f1"}
,"/home/aronboliveira/Desktop/programming/_portfolio/web/crm/apps/mobile/src/constants/storage-keys.constants.ts": {"path":"/home/aronboliveira/Desktop/programming/_portfolio/web/crm/apps/mobile/src/constants/storage-keys.constants.ts","statementMap":{"0":{"start":{"line":16,"column":22},"end":{"line":98,"column":10}},"1":{"start":{"line":104,"column":28},"end":{"line":104,"column":59}},"2":{"start":{"line":115,"column":25},"end":{"line":115,"column":27}},"3":{"start":{"line":117,"column":2},"end":{"line":121,"column":3}},"4":{"start":{"line":118,"column":4},"end":{"line":120,"column":5}},"5":{"start":{"line":119,"column":6},"end":{"line":119,"column":21}},"6":{"start":{"line":123,"column":2},"end":{"line":123,"column":14}},"7":{"start":{"line":130,"column":2},"end":{"line":130,"column":43}},"8":{"start":{"line":137,"column":2},"end":{"line":137,"column":43}},"9":{"start":{"line":144,"column":2},"end":{"line":144,"column":44}}},"fnMap":{"0":{"name":"getAllStorageKeys","decl":{"start":{"line":114,"column":16},"end":{"line":114,"column":33}},"loc":{"start":{"line":114,"column":46},"end":{"line":124,"column":1}},"line":114},"1":{"name":"isValidStorageKey","decl":{"start":{"line":129,"column":16},"end":{"line":129,"column":33}},"loc":{"start":{"line":129,"column":56},"end":{"line":131,"column":1}},"line":129},"2":{"name":"getAuthKeys","decl":{"start":{"line":136,"column":16},"end":{"line":136,"column":27}},"loc":{"start":{"line":136,"column":40},"end":{"line":138,"column":1}},"line":136},"3":{"name":"getCacheKeys","decl":{"start":{"line":143,"column":16},"end":{"line":143,"column":28}},"loc":{"start":{"line":143,"column":41},"end":{"line":145,"column":1}},"line":143}},"branchMap":{},"s":{"0":4,"1":4,"2":0,"3":0,"4":0,"5":0,"6":0,"7":0,"8":0,"9":0},"f":{"0":0,"1":0,"2":0,"3":0},"b":{},"_coverageSchema":"1a1c01bbd47fc00a2c39e90264f33305004495a9","hash":"45f28029bc56bb98ec2a792af4318c3347cec5fc"}
,"/home/aronboliveira/Desktop/programming/_portfolio/web/crm/apps/mobile/src/constants/theme.constants.ts": {"path":"/home/aronboliveira/Desktop/programming/_portfolio/web/crm/apps/mobile/src/constants/theme.constants.ts","statementMap":{"0":{"start":{"line":24,"column":15},"end":{"line":229,"column":10}},"1":{"start":{"line":235,"column":21},"end":{"line":235,"column":45}},"2":{"start":{"line":245,"column":26},"end":{"line":264,"column":2}}},"fnMap":{},"branchMap":{},"s":{"0":4,"1":4,"2":4},"f":{},"b":{},"_coverageSchema":"1a1c01bbd47fc00a2c39e90264f33305004495a9","hash":"a54539e823c4ff12ff335750378b0ae22ca525ba"}
,"/home/aronboliveira/Desktop/programming/_portfolio/web/crm/apps/mobile/src/constants/validation-rules.constants.ts": {"path":"/home/aronboliveira/Desktop/programming/_portfolio/web/crm/apps/mobile/src/constants/validation-rules.constants.ts","statementMap":{"0":{"start":{"line":20,"column":26},"end":{"line":121,"column":10}},"1":{"start":{"line":127,"column":32},"end":{"line":127,"column":67}},"2":{"start":{"line":141,"column":2},"end":{"line":143,"column":3}},"3":{"start":{"line":142,"column":4},"end":{"line":142,"column":57}},"4":{"start":{"line":145,"column":2},"end":{"line":147,"column":3}},"5":{"start":{"line":146,"column":4},"end":{"line":146,"column":56}},"6":{"start":{"line":149,"column":2},"end":{"line":151,"column":3}},"7":{"start":{"line":150,"column":4},"end":{"line":150,"column":73}},"8":{"start":{"line":153,"column":2},"end":{"line":153,"column":25}},"9":{"start":{"line":163,"column":2},"end":{"line":168,"column":3}},"10":{"start":{"line":164,"column":4},"end":{"line":167,"column":6}},"11":{"start":{"line":170,"column":2},"end":{"line":172,"column":3}},"12":{"start":{"line":171,"column":4},"end":{"line":171,"column":59}},"13":{"start":{"line":174,"column":2},"end":{"line":179,"column":3}},"14":{"start":{"line":175,"column":4},"end":{"line":178,"column":6}},"15":{"start":{"line":181,"column":2},"end":{"line":186,"column":3}},"16":{"start":{"line":182,"column":4},"end":{"line":185,"column":6}},"17":{"start":{"line":188,"column":2},"end":{"line":190,"column":3}},"18":{"start":{"line":189,"column":4},"end":{"line":189,"column":80}},"19":{"start":{"line":192,"column":2},"end":{"line":200,"column":3}},"20":{"start":{"line":196,"column":4},"end":{"line":199,"column":6}},"21":{"start":{"line":202,"column":2},"end":{"line":202,"column":25}},"22":{"start":{"line":212,"column":18},"end":{"line":212,"column":43}},"23":{"start":{"line":214,"column":2},"end":{"line":216,"column":3}},"24":{"start":{"line":215,"column":4},"end":{"line":215,"column":64}},"25":{"start":{"line":218,"column":2},"end":{"line":220,"column":3}},"26":{"start":{"line":219,"column":4},"end":{"line":219,"column":63}},"27":{"start":{"line":222,"column":2},"end":{"line":224,"column":3}},"28":{"start":{"line":223,"column":4},"end":{"line":223,"column":73}},"29":{"start":{"line":226,"column":2},"end":{"line":226,"column":25}}},"fnMap":{"0":{"name":"validateEmail","decl":{"start":{"line":137,"column":16},"end":{"line":137,"column":29}},"loc":{"start":{"line":140,"column":2},"end":{"line":154,"column":1}},"line":140},"1":{"name":"validatePassword","decl":{"start":{"line":159,"column":16},"end":{"line":159,"column":32}},"loc":{"start":{"line":162,"column":2},"end":{"line":203,"column":1}},"line":162},"2":{"name":"validatePhone","decl":{"start":{"line":208,"column":16},"end":{"line":208,"column":29}},"loc":{"start":{"line":211,"column":2},"end":{"line":227,"column":1}},"line":211}},"branchMap":{"0":{"loc":{"start":{"line":141,"column":2},"end":{"line":143,"column":3}},"type":"if","locations":[{"start":{"line":141,"column":2},"end":{"line":143,"column":3}},{"start":{},"end":{}}],"line":141},"1":{"loc":{"start":{"line":141,"column":6},"end":{"line":141,"column":64}},"type":"binary-expr","locations":[{"start":{"line":141,"column":6},"end":{"line":141,"column":12}},{"start":{"line":141,"column":16},"end":{"line":141,"column":64}}],"line":141},"2":{"loc":{"start":{"line":145,"column":2},"end":{"line":147,"column":3}},"type":"if","locations":[{"start":{"line":145,"column":2},"end":{"line":147,"column":3}},{"start":{},"end":{}}],"line":145},"3":{"loc":{"start":{"line":149,"column":2},"end":{"line":151,"column":3}},"type":"if","locations":[{"start":{"line":149,"column":2},"end":{"line":151,"column":3}},{"start":{},"end":{}}],"line":149},"4":{"loc":{"start":{"line":163,"column":2},"end":{"line":168,"column":3}},"type":"if","locations":[{"start":{"line":163,"column":2},"end":{"line":168,"column":3}},{"start":{},"end":{}}],"line":163},"5":{"loc":{"start":{"line":163,"column":6},"end":{"line":163,"column":73}},"type":"binary-expr","locations":[{"start":{"line":163,"column":6},"end":{"line":163,"column":15}},{"start":{"line":163,"column":19},"end":{"line":163,"column":73}}],"line":163},"6":{"loc":{"start":{"line":170,"column":2},"end":{"line":172,"column":3}},"type":"if","locations":[{"start":{"line":170,"column":2},"end":{"line":172,"column":3}},{"start":{},"end":{}}],"line":170},"7":{"loc":{"start":{"line":174,"column":2},"end":{"line":179,"column":3}},"type":"if","locations":[{"start":{"line":174,"column":2},"end":{"line":179,"column":3}},{"start":{},"end":{}}],"line":174},"8":{"loc":{"start":{"line":174,"column":6},"end":{"line":174,"column":76}},"type":"binary-expr","locations":[{"start":{"line":174,"column":6},"end":{"line":174,"column":49}},{"start":{"line":174,"column":53},"end":{"line":174,"column":76}}],"line":174},"9":{"loc":{"start":{"line":181,"column":2},"end":{"line":186,"column":3}},"type":"if","locations":[{"start":{"line":181,"column":2},"end":{"line":186,"column":3}},{"start":{},"end":{}}],"line":181},"10":{"loc":{"start":{"line":181,"column":6},"end":{"line":181,"column":76}},"type":"binary-expr","locations":[{"start":{"line":181,"column":6},"end":{"line":181,"column":49}},{"start":{"line":181,"column":53},"end":{"line":181,"column":76}}],"line":181},"11":{"loc":{"start":{"line":188,"column":2},"end":{"line":190,"column":3}},"type":"if","locations":[{"start":{"line":188,"column":2},"end":{"line":190,"column":3}},{"start":{},"end":{}}],"line":188},"12":{"loc":{"start":{"line":188,"column":6},"end":{"line":188,"column":70}},"type":"binary-expr","locations":[{"start":{"line":188,"column":6},"end":{"line":188,"column":46}},{"start":{"line":188,"column":50},"end":{"line":188,"column":70}}],"line":188},"13":{"loc":{"start":{"line":192,"column":2},"end":{"line":200,"column":3}},"type":"if","locations":[{"start":{"line":192,"column":2},"end":{"line":200,"column":3}},{"start":{},"end":{}}],"line":192},"14":{"loc":{"start":{"line":193,"column":4},"end":{"line":194,"column":67}},"type":"binary-expr","locations":[{"start":{"line":193,"column":4},"end":{"line":193,"column":45}},{"start":{"line":194,"column":4},"end":{"line":194,"column":67}}],"line":193},"15":{"loc":{"start":{"line":214,"column":2},"end":{"line":216,"column":3}},"type":"if","locations":[{"start":{"line":214,"column":2},"end":{"line":216,"column":3}},{"start":{},"end":{}}],"line":214},"16":{"loc":{"start":{"line":218,"column":2},"end":{"line":220,"column":3}},"type":"if","locations":[{"start":{"line":218,"column":2},"end":{"line":220,"column":3}},{"start":{},"end":{}}],"line":218},"17":{"loc":{"start":{"line":222,"column":2},"end":{"line":224,"column":3}},"type":"if","locations":[{"start":{"line":222,"column":2},"end":{"line":224,"column":3}},{"start":{},"end":{}}],"line":222}},"s":{"0":4,"1":4,"2":19,"3":0,"4":19,"5":0,"6":19,"7":1,"8":18,"9":0,"10":0,"11":0,"12":0,"13":0,"14":0,"15":0,"16":0,"17":0,"18":0,"19":0,"20":0,"21":0,"22":0,"23":0,"24":0,"25":0,"26":0,"27":0,"28":0,"29":0},"f":{"0":19,"1":0,"2":0},"b":{"0":[0,19],"1":[19,19],"2":[0,19],"3":[1,18],"4":[0,0],"5":[0,0],"6":[0,0],"7":[0,0],"8":[0,0],"9":[0,0],"10":[0,0],"11":[0,0],"12":[0,0],"13":[0,0],"14":[0,0],"15":[0,0],"16":[0,0],"17":[0,0]},"_coverageSchema":"1a1c01bbd47fc00a2c39e90264f33305004495a9","hash":"4040826894bc7fdd41404b8e578ddc8dbd0d0c5b"}
,"/home/aronboliveira/Desktop/programming/_portfolio/web/crm/apps/mobile/src/hooks/useDashboardProjectsPage.ts": {"path":"/home/aronboliveira/Desktop/programming/_portfolio/web/crm/apps/mobile/src/hooks/useDashboardProjectsPage.ts","statementMap":{"0":{"start":{"line":16,"column":29},"end":{"line":16,"column":31}},"1":{"start":{"line":17,"column":2},"end":{"line":27,"column":3}},"2":{"start":{"line":17,"column":15},"end":{"line":17,"column":16}},"3":{"start":{"line":18,"column":14},"end":{"line":18,"column":28}},"4":{"start":{"line":19,"column":4},"end":{"line":26,"column":7}},"5":{"start":{"line":28,"column":2},"end":{"line":28,"column":14}},"6":{"start":{"line":32,"column":2},"end":{"line":32,"column":32}},"7":{"start":{"line":41,"column":20},"end":{"line":41,"column":32}},"8":{"start":{"line":42,"column":15},"end":{"line":42,"column":24}},"9":{"start":{"line":43,"column":2},"end":{"line":43,"column":19}},"10":{"start":{"line":45,"column":26},"end":{"line":45,"column":52}},"11":{"start":{"line":46,"column":32},"end":{"line":46,"column":47}},"12":{"start":{"line":47,"column":28},"end":{"line":47,"column":48}},"13":{"start":{"line":50,"column":30},"end":{"line":50,"column":59}},"14":{"start":{"line":51,"column":38},"end":{"line":51,"column":67}},"15":{"start":{"line":53,"column":15},"end":{"line":121,"column":3}},"16":{"start":{"line":55,"column":6},"end":{"line":55,"column":26}},"17":{"start":{"line":55,"column":19},"end":{"line":55,"column":26}},"18":{"start":{"line":57,"column":6},"end":{"line":57,"column":23}},"19":{"start":{"line":58,"column":6},"end":{"line":58,"column":19}},"20":{"start":{"line":60,"column":6},"end":{"line":118,"column":7}},"21":{"start":{"line":61,"column":8},"end":{"line":66,"column":9}},"22":{"start":{"line":62,"column":10},"end":{"line":64,"column":12}},"23":{"start":{"line":65,"column":10},"end":{"line":65,"column":24}},"24":{"start":{"line":68,"column":32},"end":{"line":68,"column":53}},"25":{"start":{"line":70,"column":8},"end":{"line":74,"column":9}},"26":{"start":{"line":71,"column":10},"end":{"line":71,"column":22}},"27":{"start":{"line":72,"column":10},"end":{"line":72,"column":26}},"28":{"start":{"line":73,"column":10},"end":{"line":73,"column":30}},"29":{"start":{"line":76,"column":22},"end":{"line":76,"column":44}},"30":{"start":{"line":78,"column":18},"end":{"line":82,"column":10}},"31":{"start":{"line":84,"column":22},"end":{"line":84,"column":78}},"32":{"start":{"line":85,"column":19},"end":{"line":85,"column":62}},"33":{"start":{"line":87,"column":8},"end":{"line":87,"column":65}},"34":{"start":{"line":87,"column":27},"end":{"line":87,"column":62}},"35":{"start":{"line":88,"column":8},"end":{"line":88,"column":22}},"36":{"start":{"line":89,"column":8},"end":{"line":89,"column":26}},"37":{"start":{"line":91,"column":8},"end":{"line":94,"column":10}},"38":{"start":{"line":97,"column":25},"end":{"line":97,"column":27}},"39":{"start":{"line":98,"column":23},"end":{"line":98,"column":75}},"40":{"start":{"line":100,"column":22},"end":{"line":106,"column":10}},"41":{"start":{"line":101,"column":24},"end":{"line":101,"column":60}},"42":{"start":{"line":102,"column":10},"end":{"line":102,"column":34}},"43":{"start":{"line":102,"column":22},"end":{"line":102,"column":34}},"44":{"start":{"line":104,"column":12},"end":{"line":104,"column":81}},"45":{"start":{"line":105,"column":10},"end":{"line":105,"column":37}},"46":{"start":{"line":108,"column":26},"end":{"line":108,"column":43}},"47":{"start":{"line":109,"column":19},"end":{"line":109,"column":58}},"48":{"start":{"line":111,"column":8},"end":{"line":111,"column":65}},"49":{"start":{"line":111,"column":27},"end":{"line":111,"column":62}},"50":{"start":{"line":112,"column":8},"end":{"line":112,"column":22}},"51":{"start":{"line":113,"column":8},"end":{"line":113,"column":26}},"52":{"start":{"line":115,"column":8},"end":{"line":115,"column":69}},"53":{"start":{"line":117,"column":8},"end":{"line":117,"column":26}},"54":{"start":{"line":123,"column":15},"end":{"line":127,"column":33}},"55":{"start":{"line":124,"column":4},"end":{"line":124,"column":24}},"56":{"start":{"line":124,"column":17},"end":{"line":124,"column":24}},"57":{"start":{"line":125,"column":4},"end":{"line":125,"column":28}},"58":{"start":{"line":125,"column":21},"end":{"line":125,"column":28}},"59":{"start":{"line":126,"column":4},"end":{"line":126,"column":22}},"60":{"start":{"line":137,"column":2},"end":{"line":149,"column":4}},"61":{"start":{"line":138,"column":11},"end":{"line":147,"column":5}}},"fnMap":{"0":{"name":"mockProjects","decl":{"start":{"line":15,"column":9},"end":{"line":15,"column":21}},"loc":{"start":{"line":15,"column":60},"end":{"line":29,"column":1}},"line":15},"1":{"name":"safeTrim","decl":{"start":{"line":31,"column":9},"end":{"line":31,"column":17}},"loc":{"start":{"line":31,"column":37},"end":{"line":33,"column":1}},"line":31},"2":{"name":"useDashboardProjectsPage","decl":{"start":{"line":40,"column":16},"end":{"line":40,"column":40}},"loc":{"start":{"line":40,"column":43},"end":{"line":150,"column":1}},"line":40},"3":{"name":"(anonymous_3)","decl":{"start":{"line":54,"column":4},"end":{"line":54,"column":5}},"loc":{"start":{"line":54,"column":30},"end":{"line":119,"column":5}},"line":54},"4":{"name":"(anonymous_4)","decl":{"start":{"line":87,"column":16},"end":{"line":87,"column":17}},"loc":{"start":{"line":87,"column":27},"end":{"line":87,"column":62}},"line":87},"5":{"name":"(anonymous_5)","decl":{"start":{"line":100,"column":60},"end":{"line":100,"column":61}},"loc":{"start":{"line":100,"column":67},"end":{"line":106,"column":9}},"line":100},"6":{"name":"(anonymous_6)","decl":{"start":{"line":111,"column":16},"end":{"line":111,"column":17}},"loc":{"start":{"line":111,"column":27},"end":{"line":111,"column":62}},"line":111},"7":{"name":"(anonymous_7)","decl":{"start":{"line":123,"column":27},"end":{"line":123,"column":28}},"loc":{"start":{"line":123,"column":39},"end":{"line":127,"column":3}},"line":123},"8":{"name":"(anonymous_8)","decl":{"start":{"line":138,"column":4},"end":{"line":138,"column":5}},"loc":{"start":{"line":138,"column":11},"end":{"line":147,"column":5}},"line":138}},"branchMap":{"0":{"loc":{"start":{"line":15,"column":22},"end":{"line":15,"column":32}},"type":"default-arg","locations":[{"start":{"line":15,"column":30},"end":{"line":15,"column":32}}],"line":15},"1":{"loc":{"start":{"line":15,"column":34},"end":{"line":15,"column":44}},"type":"default-arg","locations":[{"start":{"line":15,"column":43},"end":{"line":15,"column":44}}],"line":15},"2":{"loc":{"start":{"line":32,"column":16},"end":{"line":32,"column":23}},"type":"binary-expr","locations":[{"start":{"line":32,"column":16},"end":{"line":32,"column":17}},{"start":{"line":32,"column":21},"end":{"line":32,"column":23}}],"line":32},"3":{"loc":{"start":{"line":55,"column":6},"end":{"line":55,"column":26}},"type":"if","locations":[{"start":{"line":55,"column":6},"end":{"line":55,"column":26}},{"start":{},"end":{}}],"line":55},"4":{"loc":{"start":{"line":61,"column":8},"end":{"line":66,"column":9}},"type":"if","locations":[{"start":{"line":61,"column":8},"end":{"line":66,"column":9}},{"start":{},"end":{}}],"line":61},"5":{"loc":{"start":{"line":68,"column":32},"end":{"line":68,"column":53}},"type":"cond-expr","locations":[{"start":{"line":68,"column":40},"end":{"line":68,"column":44}},{"start":{"line":68,"column":47},"end":{"line":68,"column":53}}],"line":68},"6":{"loc":{"start":{"line":70,"column":8},"end":{"line":74,"column":9}},"type":"if","locations":[{"start":{"line":70,"column":8},"end":{"line":74,"column":9}},{"start":{},"end":{}}],"line":70},"7":{"loc":{"start":{"line":79,"column":13},"end":{"line":79,"column":31}},"type":"binary-expr","locations":[{"start":{"line":79,"column":13},"end":{"line":79,"column":18}},{"start":{"line":79,"column":22},"end":{"line":79,"column":31}}],"line":79},"8":{"loc":{"start":{"line":80,"column":18},"end":{"line":80,"column":46}},"type":"binary-expr","locations":[{"start":{"line":80,"column":18},"end":{"line":80,"column":33}},{"start":{"line":80,"column":37},"end":{"line":80,"column":46}}],"line":80},"9":{"loc":{"start":{"line":84,"column":22},"end":{"line":84,"column":78}},"type":"cond-expr","locations":[{"start":{"line":84,"column":49},"end":{"line":84,"column":72}},{"start":{"line":84,"column":76},"end":{"line":84,"column":78}}],"line":84},"10":{"loc":{"start":{"line":85,"column":19},"end":{"line":85,"column":62}},"type":"cond-expr","locations":[{"start":{"line":85,"column":35},"end":{"line":85,"column":55}},{"start":{"line":85,"column":58},"end":{"line":85,"column":62}}],"line":85},"11":{"loc":{"start":{"line":87,"column":27},"end":{"line":87,"column":62}},"type":"cond-expr","locations":[{"start":{"line":87,"column":35},"end":{"line":87,"column":40}},{"start":{"line":87,"column":43},"end":{"line":87,"column":62}}],"line":87},"12":{"loc":{"start":{"line":98,"column":23},"end":{"line":98,"column":75}},"type":"cond-expr","locations":[{"start":{"line":98,"column":31},"end":{"line":98,"column":32}},{"start":{"line":98,"column":35},"end":{"line":98,"column":75}}],"line":98},"13":{"loc":{"start":{"line":98,"column":35},"end":{"line":98,"column":75}},"type":"binary-expr","locations":[{"start":{"line":98,"column":35},"end":{"line":98,"column":70}},{"start":{"line":98,"column":74},"end":{"line":98,"column":75}}],"line":98},"14":{"loc":{"start":{"line":98,"column":51},"end":{"line":98,"column":64}},"type":"binary-expr","locations":[{"start":{"line":98,"column":51},"end":{"line":98,"column":57}},{"start":{"line":98,"column":61},"end":{"line":98,"column":64}}],"line":98},"15":{"loc":{"start":{"line":102,"column":10},"end":{"line":102,"column":34}},"type":"if","locations":[{"start":{"line":102,"column":10},"end":{"line":102,"column":34}},{"start":{},"end":{}}],"line":102},"16":{"loc":{"start":{"line":104,"column":15},"end":{"line":104,"column":27}},"type":"binary-expr","locations":[{"start":{"line":104,"column":15},"end":{"line":104,"column":21}},{"start":{"line":104,"column":25},"end":{"line":104,"column":27}}],"line":104},"17":{"loc":{"start":{"line":104,"column":31},"end":{"line":104,"column":43}},"type":"binary-expr","locations":[{"start":{"line":104,"column":31},"end":{"line":104,"column":37}},{"start":{"line":104,"column":41},"end":{"line":104,"column":43}}],"line":104},"18":{"loc":{"start":{"line":104,"column":47},"end":{"line":104,"column":65}},"type":"binary-expr","locations":[{"start":{"line":104,"column":47},"end":{"line":104,"column":59}},{"start":{"line":104,"column":63},"end":{"line":104,"column":65}}],"line":104},"19":{"loc":{"start":{"line":109,"column":19},"end":{"line":109,"column":58}},"type":"cond-expr","locations":[{"start":{"line":109,"column":34},"end":{"line":109,"column":51}},{"start":{"line":109,"column":54},"end":{"line":109,"column":58}}],"line":109},"20":{"loc":{"start":{"line":111,"column":27},"end":{"line":111,"column":62}},"type":"cond-expr","locations":[{"start":{"line":111,"column":35},"end":{"line":111,"column":40}},{"start":{"line":111,"column":43},"end":{"line":111,"column":62}}],"line":111},"21":{"loc":{"start":{"line":124,"column":4},"end":{"line":124,"column":24}},"type":"if","locations":[{"start":{"line":124,"column":4},"end":{"line":124,"column":24}},{"start":{},"end":{}}],"line":124},"22":{"loc":{"start":{"line":125,"column":4},"end":{"line":125,"column":28}},"type":"if","locations":[{"start":{"line":125,"column":4},"end":{"line":125,"column":28}},{"start":{},"end":{}}],"line":125}},"s":{"0":0,"1":0,"2":0,"3":0,"4":0,"5":0,"6":0,"7":0,"8":0,"9":0,"10":0,"11":0,"12":0,"13":0,"14":0,"15":0,"16":0,"17":0,"18":0,"19":0,"20":0,"21":0,"22":0,"23":0,"24":0,"25":0,"26":0,"27":0,"28":0,"29":0,"30":0,"31":0,"32":0,"33":0,"34":0,"35":0,"36":0,"37":0,"38":0,"39":0,"40":0,"41":0,"42":0,"43":0,"44":0,"45":0,"46":0,"47":0,"48":0,"49":0,"50":0,"51":0,"52":0,"53":0,"54":0,"55":0,"56":0,"57":0,"58":0,"59":0,"60":0,"61":0},"f":{"0":0,"1":0,"2":0,"3":0,"4":0,"5":0,"6":0,"7":0,"8":0},"b":{"0":[0],"1":[0],"2":[0,0],"3":[0,0],"4":[0,0],"5":[0,0],"6":[0,0],"7":[0,0],"8":[0,0],"9":[0,0],"10":[0,0],"11":[0,0],"12":[0,0],"13":[0,0],"14":[0,0],"15":[0,0],"16":[0,0],"17":[0,0],"18":[0,0],"19":[0,0],"20":[0,0],"21":[0,0],"22":[0,0]}}
,"/home/aronboliveira/Desktop/programming/_portfolio/web/crm/apps/mobile/src/pages/AdminAudtiScreen.tsx": {"path":"/home/aronboliveira/Desktop/programming/_portfolio/web/crm/apps/mobile/src/pages/AdminAudtiScreen.tsx","statementMap":{"0":{"start":{"line":33,"column":12},"end":{"line":33,"column":31}},"1":{"start":{"line":35,"column":34},"end":{"line":40,"column":1}},"2":{"start":{"line":43,"column":2},"end":{"line":47,"column":3}},"3":{"start":{"line":44,"column":4},"end":{"line":44,"column":45}},"4":{"start":{"line":46,"column":4},"end":{"line":46,"column":30}},"5":{"start":{"line":51,"column":14},"end":{"line":51,"column":64}},"6":{"start":{"line":51,"column":28},"end":{"line":51,"column":59}},"7":{"start":{"line":53,"column":22},"end":{"line":53,"column":57}},"8":{"start":{"line":54,"column":16},"end":{"line":54,"column":38}},"9":{"start":{"line":55,"column":2},"end":{"line":57,"column":11}},"10":{"start":{"line":56,"column":4},"end":{"line":56,"column":23}},"11":{"start":{"line":59,"column":26},"end":{"line":59,"column":64}},"12":{"start":{"line":60,"column":26},"end":{"line":60,"column":41}},"13":{"start":{"line":61,"column":38},"end":{"line":61,"column":67}},"14":{"start":{"line":63,"column":20},"end":{"line":70,"column":8}},"15":{"start":{"line":64,"column":4},"end":{"line":69,"column":5}},"16":{"start":{"line":65,"column":6},"end":{"line":65,"column":67}},"17":{"start":{"line":68,"column":6},"end":{"line":68,"column":63}},"18":{"start":{"line":72,"column":20},"end":{"line":96,"column":8}},"19":{"start":{"line":73,"column":4},"end":{"line":95,"column":5}},"20":{"start":{"line":74,"column":18},"end":{"line":74,"column":49}},"21":{"start":{"line":75,"column":6},"end":{"line":75,"column":37}},"22":{"start":{"line":75,"column":16},"end":{"line":75,"column":37}},"23":{"start":{"line":77,"column":21},"end":{"line":77,"column":66}},"24":{"start":{"line":78,"column":6},"end":{"line":78,"column":70}},"25":{"start":{"line":78,"column":49},"end":{"line":78,"column":70}},"26":{"start":{"line":81,"column":6},"end":{"line":91,"column":8}},"27":{"start":{"line":93,"column":6},"end":{"line":93,"column":63}},"28":{"start":{"line":94,"column":6},"end":{"line":94,"column":27}},"29":{"start":{"line":98,"column":15},"end":{"line":150,"column":3}},"30":{"start":{"line":100,"column":6},"end":{"line":100,"column":31}},"31":{"start":{"line":100,"column":24},"end":{"line":100,"column":31}},"32":{"start":{"line":102,"column":6},"end":{"line":102,"column":20}},"33":{"start":{"line":103,"column":6},"end":{"line":147,"column":7}},"34":{"start":{"line":104,"column":8},"end":{"line":110,"column":9}},"35":{"start":{"line":105,"column":10},"end":{"line":108,"column":12}},"36":{"start":{"line":109,"column":10},"end":{"line":109,"column":24}},"37":{"start":{"line":112,"column":20},"end":{"line":112,"column":33}},"38":{"start":{"line":114,"column":43},"end":{"line":116,"column":22}},"39":{"start":{"line":118,"column":8},"end":{"line":123,"column":9}},"40":{"start":{"line":119,"column":10},"end":{"line":119,"column":22}},"41":{"start":{"line":120,"column":10},"end":{"line":120,"column":30}},"42":{"start":{"line":121,"column":10},"end":{"line":121,"column":32}},"43":{"start":{"line":122,"column":10},"end":{"line":122,"column":41}},"44":{"start":{"line":125,"column":18},"end":{"line":130,"column":10}},"45":{"start":{"line":132,"column":26},"end":{"line":132,"column":46}},"46":{"start":{"line":134,"column":8},"end":{"line":134,"column":69}},"47":{"start":{"line":134,"column":27},"end":{"line":134,"column":66}},"48":{"start":{"line":135,"column":8},"end":{"line":135,"column":33}},"49":{"start":{"line":137,"column":37},"end":{"line":137,"column":77}},"50":{"start":{"line":138,"column":8},"end":{"line":138,"column":24}},"51":{"start":{"line":139,"column":8},"end":{"line":139,"column":33}},"52":{"start":{"line":141,"column":8},"end":{"line":141,"column":34}},"53":{"start":{"line":143,"column":8},"end":{"line":143,"column":60}},"54":{"start":{"line":144,"column":8},"end":{"line":144,"column":67}},"55":{"start":{"line":146,"column":8},"end":{"line":146,"column":23}},"56":{"start":{"line":152,"column":2},"end":{"line":172,"column":24}},"57":{"start":{"line":153,"column":18},"end":{"line":153,"column":22}},"58":{"start":{"line":155,"column":4},"end":{"line":167,"column":9}},"59":{"start":{"line":156,"column":6},"end":{"line":166,"column":7}},"60":{"start":{"line":157,"column":22},"end":{"line":157,"column":39}},"61":{"start":{"line":158,"column":8},"end":{"line":158,"column":29}},"62":{"start":{"line":158,"column":22},"end":{"line":158,"column":29}},"63":{"start":{"line":160,"column":8},"end":{"line":160,"column":21}},"64":{"start":{"line":161,"column":8},"end":{"line":161,"column":30}},"65":{"start":{"line":163,"column":8},"end":{"line":163,"column":25}},"66":{"start":{"line":165,"column":8},"end":{"line":165,"column":61}},"67":{"start":{"line":169,"column":4},"end":{"line":171,"column":6}},"68":{"start":{"line":170,"column":6},"end":{"line":170,"column":22}},"69":{"start":{"line":174,"column":2},"end":{"line":180,"column":3}},"70":{"start":{"line":175,"column":4},"end":{"line":179,"column":6}},"71":{"start":{"line":182,"column":16},"end":{"line":192,"column":3}},"72":{"start":{"line":194,"column":2},"end":{"line":349,"column":4}},"73":{"start":{"line":209,"column":37},"end":{"line":209,"column":67}},"74":{"start":{"line":209,"column":51},"end":{"line":209,"column":65}},"75":{"start":{"line":216,"column":39},"end":{"line":216,"column":54}},"76":{"start":{"line":226,"column":20},"end":{"line":226,"column":62}},"77":{"start":{"line":226,"column":34},"end":{"line":226,"column":59}},"78":{"start":{"line":227,"column":20},"end":{"line":227,"column":36}},"79":{"start":{"line":232,"column":20},"end":{"line":236,"column":22}},"80":{"start":{"line":245,"column":29},"end":{"line":245,"column":44}},"81":{"start":{"line":248,"column":38},"end":{"line":252,"column":15}},"82":{"start":{"line":283,"column":16},"end":{"line":283,"column":68}},"83":{"start":{"line":287,"column":18},"end":{"line":287,"column":74}},"84":{"start":{"line":289,"column":18},"end":{"line":289,"column":76}},"85":{"start":{"line":290,"column":29},"end":{"line":290,"column":57}},"86":{"start":{"line":292,"column":16},"end":{"line":319,"column":18}},"87":{"start":{"line":336,"column":25},"end":{"line":336,"column":41}},"88":{"start":{"line":339,"column":34},"end":{"line":343,"column":11}},"89":{"start":{"line":352,"column":15},"end":{"line":506,"column":2}}},"fnMap":{"0":{"name":"safeStringifyMeta","decl":{"start":{"line":42,"column":9},"end":{"line":42,"column":26}},"loc":{"start":{"line":42,"column":50},"end":{"line":48,"column":1}},"line":42},"1":{"name":"AdminAuditScreen","decl":{"start":{"line":50,"column":24},"end":{"line":50,"column":40}},"loc":{"start":{"line":50,"column":43},"end":{"line":350,"column":1}},"line":50},"2":{"name":"(anonymous_2)","decl":{"start":{"line":51,"column":22},"end":{"line":51,"column":23}},"loc":{"start":{"line":51,"column":28},"end":{"line":51,"column":59}},"line":51},"3":{"name":"(anonymous_3)","decl":{"start":{"line":55,"column":12},"end":{"line":55,"column":13}},"loc":{"start":{"line":55,"column":18},"end":{"line":57,"column":3}},"line":55},"4":{"name":"(anonymous_4)","decl":{"start":{"line":63,"column":32},"end":{"line":63,"column":33}},"loc":{"start":{"line":63,"column":67},"end":{"line":70,"column":3}},"line":63},"5":{"name":"(anonymous_5)","decl":{"start":{"line":72,"column":32},"end":{"line":72,"column":33}},"loc":{"start":{"line":72,"column":65},"end":{"line":96,"column":3}},"line":72},"6":{"name":"(anonymous_6)","decl":{"start":{"line":99,"column":4},"end":{"line":99,"column":5}},"loc":{"start":{"line":99,"column":30},"end":{"line":148,"column":5}},"line":99},"7":{"name":"(anonymous_7)","decl":{"start":{"line":134,"column":16},"end":{"line":134,"column":17}},"loc":{"start":{"line":134,"column":27},"end":{"line":134,"column":66}},"line":134},"8":{"name":"(anonymous_8)","decl":{"start":{"line":152,"column":12},"end":{"line":152,"column":13}},"loc":{"start":{"line":152,"column":18},"end":{"line":172,"column":3}},"line":152},"9":{"name":"(anonymous_9)","decl":{"start":{"line":155,"column":5},"end":{"line":155,"column":6}},"loc":{"start":{"line":155,"column":17},"end":{"line":167,"column":5}},"line":155},"10":{"name":"(anonymous_10)","decl":{"start":{"line":169,"column":11},"end":{"line":169,"column":12}},"loc":{"start":{"line":169,"column":17},"end":{"line":171,"column":5}},"line":169},"11":{"name":"(anonymous_11)","decl":{"start":{"line":209,"column":30},"end":{"line":209,"column":31}},"loc":{"start":{"line":209,"column":37},"end":{"line":209,"column":67}},"line":209},"12":{"name":"(anonymous_12)","decl":{"start":{"line":209,"column":43},"end":{"line":209,"column":44}},"loc":{"start":{"line":209,"column":51},"end":{"line":209,"column":65}},"line":209},"13":{"name":"(anonymous_13)","decl":{"start":{"line":216,"column":33},"end":{"line":216,"column":34}},"loc":{"start":{"line":216,"column":39},"end":{"line":216,"column":54}},"line":216},"14":{"name":"(anonymous_14)","decl":{"start":{"line":225,"column":33},"end":{"line":225,"column":34}},"loc":{"start":{"line":225,"column":40},"end":{"line":228,"column":19}},"line":225},"15":{"name":"(anonymous_15)","decl":{"start":{"line":226,"column":26},"end":{"line":226,"column":27}},"loc":{"start":{"line":226,"column":34},"end":{"line":226,"column":59}},"line":226},"16":{"name":"(anonymous_16)","decl":{"start":{"line":231,"column":29},"end":{"line":231,"column":30}},"loc":{"start":{"line":232,"column":20},"end":{"line":236,"column":22}},"line":232},"17":{"name":"(anonymous_17)","decl":{"start":{"line":245,"column":23},"end":{"line":245,"column":24}},"loc":{"start":{"line":245,"column":29},"end":{"line":245,"column":44}},"line":245},"18":{"name":"(anonymous_18)","decl":{"start":{"line":248,"column":21},"end":{"line":248,"column":22}},"loc":{"start":{"line":248,"column":38},"end":{"line":252,"column":15}},"line":248},"19":{"name":"(anonymous_19)","decl":{"start":{"line":282,"column":28},"end":{"line":282,"column":29}},"loc":{"start":{"line":283,"column":16},"end":{"line":283,"column":68}},"line":283},"20":{"name":"(anonymous_20)","decl":{"start":{"line":285,"column":26},"end":{"line":285,"column":27}},"loc":{"start":{"line":285,"column":40},"end":{"line":320,"column":15}},"line":285},"21":{"name":"(anonymous_21)","decl":{"start":{"line":336,"column":19},"end":{"line":336,"column":20}},"loc":{"start":{"line":336,"column":25},"end":{"line":336,"column":41}},"line":336},"22":{"name":"(anonymous_22)","decl":{"start":{"line":339,"column":17},"end":{"line":339,"column":18}},"loc":{"start":{"line":339,"column":34},"end":{"line":343,"column":11}},"line":339}},"branchMap":{"0":{"loc":{"start":{"line":44,"column":11},"end":{"line":44,"column":44}},"type":"cond-expr","locations":[{"start":{"line":44,"column":18},"end":{"line":44,"column":38}},{"start":{"line":44,"column":41},"end":{"line":44,"column":44}}],"line":44},"1":{"loc":{"start":{"line":75,"column":6},"end":{"line":75,"column":37}},"type":"if","locations":[{"start":{"line":75,"column":6},"end":{"line":75,"column":37}},{"start":{},"end":{}}],"line":75},"2":{"loc":{"start":{"line":78,"column":6},"end":{"line":78,"column":70}},"type":"if","locations":[{"start":{"line":78,"column":6},"end":{"line":78,"column":70}},{"start":{},"end":{}}],"line":78},"3":{"loc":{"start":{"line":78,"column":10},"end":{"line":78,"column":47}},"type":"binary-expr","locations":[{"start":{"line":78,"column":10},"end":{"line":78,"column":17}},{"start":{"line":78,"column":21},"end":{"line":78,"column":47}}],"line":78},"4":{"loc":{"start":{"line":82,"column":11},"end":{"line":82,"column":68}},"type":"cond-expr","locations":[{"start":{"line":82,"column":42},"end":{"line":82,"column":50}},{"start":{"line":82,"column":53},"end":{"line":82,"column":68}}],"line":82},"5":{"loc":{"start":{"line":84,"column":10},"end":{"line":84,"column":76}},"type":"cond-expr","locations":[{"start":{"line":84,"column":44},"end":{"line":84,"column":55}},{"start":{"line":84,"column":58},"end":{"line":84,"column":76}}],"line":84},"6":{"loc":{"start":{"line":86,"column":10},"end":{"line":88,"column":34}},"type":"cond-expr","locations":[{"start":{"line":87,"column":14},"end":{"line":87,"column":27}},{"start":{"line":88,"column":14},"end":{"line":88,"column":34}}],"line":86},"7":{"loc":{"start":{"line":86,"column":10},"end":{"line":86,"column":69}},"type":"binary-expr","locations":[{"start":{"line":86,"column":10},"end":{"line":86,"column":43}},{"start":{"line":86,"column":47},"end":{"line":86,"column":69}}],"line":86},"8":{"loc":{"start":{"line":90,"column":10},"end":{"line":90,"column":79}},"type":"cond-expr","locations":[{"start":{"line":90,"column":45},"end":{"line":90,"column":57}},{"start":{"line":90,"column":60},"end":{"line":90,"column":79}}],"line":90},"9":{"loc":{"start":{"line":100,"column":6},"end":{"line":100,"column":31}},"type":"if","locations":[{"start":{"line":100,"column":6},"end":{"line":100,"column":31}},{"start":{},"end":{}}],"line":100},"10":{"loc":{"start":{"line":100,"column":10},"end":{"line":100,"column":22}},"type":"binary-expr","locations":[{"start":{"line":100,"column":10},"end":{"line":100,"column":14}},{"start":{"line":100,"column":18},"end":{"line":100,"column":22}}],"line":100},"11":{"loc":{"start":{"line":104,"column":8},"end":{"line":110,"column":9}},"type":"if","locations":[{"start":{"line":104,"column":8},"end":{"line":110,"column":9}},{"start":{},"end":{}}],"line":104},"12":{"loc":{"start":{"line":114,"column":43},"end":{"line":116,"column":22}},"type":"cond-expr","locations":[{"start":{"line":115,"column":12},"end":{"line":115,"column":36}},{"start":{"line":116,"column":12},"end":{"line":116,"column":22}}],"line":114},"13":{"loc":{"start":{"line":118,"column":8},"end":{"line":123,"column":9}},"type":"if","locations":[{"start":{"line":118,"column":8},"end":{"line":123,"column":9}},{"start":{},"end":{}}],"line":118},"14":{"loc":{"start":{"line":126,"column":13},"end":{"line":126,"column":49}},"type":"binary-expr","locations":[{"start":{"line":126,"column":13},"end":{"line":126,"column":36}},{"start":{"line":126,"column":40},"end":{"line":126,"column":49}}],"line":126},"15":{"loc":{"start":{"line":127,"column":16},"end":{"line":127,"column":55}},"type":"binary-expr","locations":[{"start":{"line":127,"column":16},"end":{"line":127,"column":42}},{"start":{"line":127,"column":46},"end":{"line":127,"column":55}}],"line":127},"16":{"loc":{"start":{"line":128,"column":18},"end":{"line":128,"column":52}},"type":"binary-expr","locations":[{"start":{"line":128,"column":18},"end":{"line":128,"column":39}},{"start":{"line":128,"column":43},"end":{"line":128,"column":52}}],"line":128},"17":{"loc":{"start":{"line":132,"column":26},"end":{"line":132,"column":46}},"type":"binary-expr","locations":[{"start":{"line":132,"column":26},"end":{"line":132,"column":38}},{"start":{"line":132,"column":42},"end":{"line":132,"column":46}}],"line":132},"18":{"loc":{"start":{"line":134,"column":27},"end":{"line":134,"column":66}},"type":"cond-expr","locations":[{"start":{"line":134,"column":35},"end":{"line":134,"column":42}},{"start":{"line":134,"column":45},"end":{"line":134,"column":66}}],"line":134},"19":{"loc":{"start":{"line":158,"column":8},"end":{"line":158,"column":29}},"type":"if","locations":[{"start":{"line":158,"column":8},"end":{"line":158,"column":29}},{"start":{},"end":{}}],"line":158},"20":{"loc":{"start":{"line":174,"column":2},"end":{"line":180,"column":3}},"type":"if","locations":[{"start":{"line":174,"column":2},"end":{"line":180,"column":3}},{"start":{},"end":{}}],"line":174},"21":{"loc":{"start":{"line":233,"column":27},"end":{"line":233,"column":37}},"type":"binary-expr","locations":[{"start":{"line":233,"column":27},"end":{"line":233,"column":28}},{"start":{"line":233,"column":32},"end":{"line":233,"column":37}}],"line":233},"22":{"loc":{"start":{"line":234,"column":29},"end":{"line":234,"column":39}},"type":"binary-expr","locations":[{"start":{"line":234,"column":29},"end":{"line":234,"column":30}},{"start":{"line":234,"column":34},"end":{"line":234,"column":39}}],"line":234},"23":{"loc":{"start":{"line":250,"column":16},"end":{"line":250,"column":42}},"type":"binary-expr","locations":[{"start":{"line":250,"column":16},"end":{"line":250,"column":20}},{"start":{"line":250,"column":24},"end":{"line":250,"column":42}}],"line":250},"24":{"loc":{"start":{"line":251,"column":16},"end":{"line":251,"column":44}},"type":"binary-expr","locations":[{"start":{"line":251,"column":16},"end":{"line":251,"column":23}},{"start":{"line":251,"column":27},"end":{"line":251,"column":44}}],"line":251},"25":{"loc":{"start":{"line":262,"column":9},"end":{"line":267,"column":16}},"type":"cond-expr","locations":[{"start":{"line":263,"column":10},"end":{"line":266,"column":17}},{"start":{"line":267,"column":12},"end":{"line":267,"column":16}}],"line":262},"26":{"loc":{"start":{"line":283,"column":23},"end":{"line":283,"column":67}},"type":"binary-expr","locations":[{"start":{"line":283,"column":23},"end":{"line":283,"column":37}},{"start":{"line":283,"column":41},"end":{"line":283,"column":67}}],"line":283},"27":{"loc":{"start":{"line":287,"column":18},"end":{"line":287,"column":74}},"type":"binary-expr","locations":[{"start":{"line":287,"column":18},"end":{"line":287,"column":48}},{"start":{"line":287,"column":52},"end":{"line":287,"column":67}},{"start":{"line":287,"column":71},"end":{"line":287,"column":74}}],"line":287},"28":{"loc":{"start":{"line":289,"column":18},"end":{"line":289,"column":76}},"type":"binary-expr","locations":[{"start":{"line":289,"column":18},"end":{"line":289,"column":49}},{"start":{"line":289,"column":53},"end":{"line":289,"column":69}},{"start":{"line":289,"column":73},"end":{"line":289,"column":76}}],"line":289},"29":{"loc":{"start":{"line":295,"column":30},"end":{"line":295,"column":51}},"type":"binary-expr","locations":[{"start":{"line":295,"column":30},"end":{"line":295,"column":44}},{"start":{"line":295,"column":48},"end":{"line":295,"column":51}}],"line":295},"30":{"loc":{"start":{"line":301,"column":30},"end":{"line":301,"column":46}},"type":"binary-expr","locations":[{"start":{"line":301,"column":30},"end":{"line":301,"column":39}},{"start":{"line":301,"column":43},"end":{"line":301,"column":46}}],"line":301},"31":{"loc":{"start":{"line":322,"column":16},"end":{"line":326,"column":24}},"type":"cond-expr","locations":[{"start":{"line":323,"column":18},"end":{"line":325,"column":25}},{"start":{"line":326,"column":20},"end":{"line":326,"column":24}}],"line":322},"32":{"loc":{"start":{"line":337,"column":20},"end":{"line":337,"column":39}},"type":"binary-expr","locations":[{"start":{"line":337,"column":20},"end":{"line":337,"column":24}},{"start":{"line":337,"column":28},"end":{"line":337,"column":39}}],"line":337},"33":{"loc":{"start":{"line":341,"column":12},"end":{"line":341,"column":55}},"type":"binary-expr","locations":[{"start":{"line":341,"column":13},"end":{"line":341,"column":17}},{"start":{"line":341,"column":21},"end":{"line":341,"column":32}},{"start":{"line":341,"column":37},"end":{"line":341,"column":55}}],"line":341},"34":{"loc":{"start":{"line":342,"column":12},"end":{"line":342,"column":40}},"type":"binary-expr","locations":[{"start":{"line":342,"column":12},"end":{"line":342,"column":19}},{"start":{"line":342,"column":23},"end":{"line":342,"column":40}}],"line":342}},"s":{"0":0,"1":0,"2":0,"3":0,"4":0,"5":0,"6":0,"7":0,"8":0,"9":0,"10":0,"11":0,"12":0,"13":0,"14":0,"15":0,"16":0,"17":0,"18":0,"19":0,"20":0,"21":0,"22":0,"23":0,"24":0,"25":0,"26":0,"27":0,"28":0,"29":0,"30":0,"31":0,"32":0,"33":0,"34":0,"35":0,"36":0,"37":0,"38":0,"39":0,"40":0,"41":0,"42":0,"43":0,"44":0,"45":0,"46":0,"47":0,"48":0,"49":0,"50":0,"51":0,"52":0,"53":0,"54":0,"55":0,"56":0,"57":0,"58":0,"59":0,"60":0,"61":0,"62":0,"63":0,"64":0,"65":0,"66":0,"67":0,"68":0,"69":0,"70":0,"71":0,"72":0,"73":0,"74":0,"75":0,"76":0,"77":0,"78":0,"79":0,"80":0,"81":0,"82":0,"83":0,"84":0,"85":0,"86":0,"87":0,"88":0,"89":0},"f":{"0":0,"1":0,"2":0,"3":0,"4":0,"5":0,"6":0,"7":0,"8":0,"9":0,"10":0,"11":0,"12":0,"13":0,"14":0,"15":0,"16":0,"17":0,"18":0,"19":0,"20":0,"21":0,"22":0},"b":{"0":[0,0],"1":[0,0],"2":[0,0],"3":[0,0],"4":[0,0],"5":[0,0],"6":[0,0],"7":[0,0],"8":[0,0],"9":[0,0],"10":[0,0],"11":[0,0],"12":[0,0],"13":[0,0],"14":[0,0],"15":[0,0],"16":[0,0],"17":[0,0],"18":[0,0],"19":[0,0],"20":[0,0],"21":[0,0],"22":[0,0],"23":[0,0],"24":[0,0],"25":[0,0],"26":[0,0],"27":[0,0,0],"28":[0,0,0],"29":[0,0],"30":[0,0],"31":[0,0],"32":[0,0],"33":[0,0,0],"34":[0,0]}}
,"/home/aronboliveira/Desktop/programming/_portfolio/web/crm/apps/mobile/src/pages/AdminMailOutboxScreen.tsx": {"path":"/home/aronboliveira/Desktop/programming/_portfolio/web/crm/apps/mobile/src/pages/AdminMailOutboxScreen.tsx","statementMap":{"0":{"start":{"line":34,"column":29},"end":{"line":34,"column":71}},"1":{"start":{"line":37,"column":2},"end":{"line":41,"column":3}},"2":{"start":{"line":38,"column":4},"end":{"line":38,"column":48}},"3":{"start":{"line":40,"column":4},"end":{"line":40,"column":30}},"4":{"start":{"line":45,"column":22},"end":{"line":45,"column":52}},"5":{"start":{"line":46,"column":16},"end":{"line":46,"column":33}},"6":{"start":{"line":47,"column":2},"end":{"line":49,"column":11}},"7":{"start":{"line":48,"column":4},"end":{"line":48,"column":23}},"8":{"start":{"line":51,"column":26},"end":{"line":51,"column":41}},"9":{"start":{"line":52,"column":28},"end":{"line":52,"column":58}},"10":{"start":{"line":53,"column":38},"end":{"line":53,"column":67}},"11":{"start":{"line":55,"column":34},"end":{"line":55,"column":71}},"12":{"start":{"line":56,"column":42},"end":{"line":56,"column":57}},"13":{"start":{"line":59,"column":15},"end":{"line":59,"column":52}},"14":{"start":{"line":60,"column":2},"end":{"line":66,"column":27}},"15":{"start":{"line":61,"column":4},"end":{"line":65,"column":15}},"16":{"start":{"line":68,"column":15},"end":{"line":103,"column":8}},"17":{"start":{"line":69,"column":4},"end":{"line":69,"column":18}},"18":{"start":{"line":70,"column":4},"end":{"line":102,"column":5}},"19":{"start":{"line":71,"column":6},"end":{"line":77,"column":7}},"20":{"start":{"line":72,"column":8},"end":{"line":75,"column":10}},"21":{"start":{"line":76,"column":8},"end":{"line":76,"column":22}},"22":{"start":{"line":79,"column":18},"end":{"line":79,"column":31}},"23":{"start":{"line":80,"column":29},"end":{"line":80,"column":72}},"24":{"start":{"line":82,"column":6},"end":{"line":85,"column":7}},"25":{"start":{"line":83,"column":8},"end":{"line":83,"column":30}},"26":{"start":{"line":84,"column":8},"end":{"line":84,"column":39}},"27":{"start":{"line":87,"column":16},"end":{"line":92,"column":8}},"28":{"start":{"line":94,"column":19},"end":{"line":94,"column":57}},"29":{"start":{"line":95,"column":6},"end":{"line":95,"column":62}},"30":{"start":{"line":95,"column":26},"end":{"line":95,"column":59}},"31":{"start":{"line":96,"column":6},"end":{"line":96,"column":43}},"32":{"start":{"line":98,"column":6},"end":{"line":98,"column":63}},"33":{"start":{"line":99,"column":6},"end":{"line":99,"column":59}},"34":{"start":{"line":101,"column":6},"end":{"line":101,"column":21}},"35":{"start":{"line":105,"column":15},"end":{"line":120,"column":30}},"36":{"start":{"line":106,"column":4},"end":{"line":119,"column":5}},"37":{"start":{"line":107,"column":6},"end":{"line":112,"column":7}},"38":{"start":{"line":108,"column":8},"end":{"line":110,"column":10}},"39":{"start":{"line":111,"column":8},"end":{"line":111,"column":15}},"40":{"start":{"line":113,"column":23},"end":{"line":113,"column":71}},"41":{"start":{"line":114,"column":6},"end":{"line":114,"column":22}},"42":{"start":{"line":115,"column":6},"end":{"line":115,"column":31}},"43":{"start":{"line":116,"column":6},"end":{"line":116,"column":24}},"44":{"start":{"line":118,"column":6},"end":{"line":118,"column":63}},"45":{"start":{"line":122,"column":18},"end":{"line":137,"column":8}},"46":{"start":{"line":123,"column":4},"end":{"line":136,"column":5}},"47":{"start":{"line":124,"column":17},"end":{"line":124,"column":48}},"48":{"start":{"line":125,"column":6},"end":{"line":128,"column":7}},"49":{"start":{"line":126,"column":8},"end":{"line":126,"column":72}},"50":{"start":{"line":127,"column":8},"end":{"line":127,"column":15}},"51":{"start":{"line":130,"column":19},"end":{"line":130,"column":59}},"52":{"start":{"line":131,"column":6},"end":{"line":131,"column":24}},"53":{"start":{"line":132,"column":6},"end":{"line":132,"column":28}},"54":{"start":{"line":134,"column":6},"end":{"line":134,"column":66}},"55":{"start":{"line":135,"column":6},"end":{"line":135,"column":60}},"56":{"start":{"line":139,"column":16},"end":{"line":141,"column":8}},"57":{"start":{"line":140,"column":4},"end":{"line":140,"column":27}},"58":{"start":{"line":143,"column":2},"end":{"line":151,"column":13}},"59":{"start":{"line":144,"column":4},"end":{"line":150,"column":9}},"60":{"start":{"line":145,"column":6},"end":{"line":149,"column":7}},"61":{"start":{"line":146,"column":8},"end":{"line":146,"column":25}},"62":{"start":{"line":148,"column":8},"end":{"line":148,"column":66}},"63":{"start":{"line":153,"column":16},"end":{"line":153,"column":69}},"64":{"start":{"line":153,"column":30},"end":{"line":153,"column":64}},"65":{"start":{"line":155,"column":2},"end":{"line":381,"column":4}},"66":{"start":{"line":169,"column":33},"end":{"line":169,"column":63}},"67":{"start":{"line":169,"column":47},"end":{"line":169,"column":61}},"68":{"start":{"line":176,"column":35},"end":{"line":176,"column":50}},"69":{"start":{"line":183,"column":33},"end":{"line":187,"column":17}},"70":{"start":{"line":188,"column":16},"end":{"line":188,"column":32}},"71":{"start":{"line":189,"column":16},"end":{"line":189,"column":41}},"72":{"start":{"line":190,"column":16},"end":{"line":190,"column":32}},"73":{"start":{"line":195,"column":16},"end":{"line":195,"column":77}},"74":{"start":{"line":201,"column":27},"end":{"line":201,"column":42}},"75":{"start":{"line":204,"column":36},"end":{"line":208,"column":13}},"76":{"start":{"line":235,"column":25},"end":{"line":235,"column":54}},"77":{"start":{"line":236,"column":14},"end":{"line":272,"column":16}},"78":{"start":{"line":261,"column":37},"end":{"line":261,"column":52}},"79":{"start":{"line":263,"column":46},"end":{"line":266,"column":23}},"80":{"start":{"line":287,"column":25},"end":{"line":287,"column":36}},"81":{"start":{"line":290,"column":34},"end":{"line":294,"column":11}},"82":{"start":{"line":330,"column":30},"end":{"line":330,"column":49}},"83":{"start":{"line":384,"column":15},"end":{"line":528,"column":2}}},"fnMap":{"0":{"name":"safeJsonPretty","decl":{"start":{"line":36,"column":9},"end":{"line":36,"column":23}},"loc":{"start":{"line":36,"column":44},"end":{"line":42,"column":1}},"line":36},"1":{"name":"AdminMailOutboxScreen","decl":{"start":{"line":44,"column":24},"end":{"line":44,"column":45}},"loc":{"start":{"line":44,"column":48},"end":{"line":382,"column":1}},"line":44},"2":{"name":"(anonymous_2)","decl":{"start":{"line":47,"column":12},"end":{"line":47,"column":13}},"loc":{"start":{"line":47,"column":18},"end":{"line":49,"column":3}},"line":47},"3":{"name":"(anonymous_3)","decl":{"start":{"line":60,"column":12},"end":{"line":60,"column":13}},"loc":{"start":{"line":60,"column":18},"end":{"line":66,"column":3}},"line":60},"4":{"name":"(anonymous_4)","decl":{"start":{"line":68,"column":27},"end":{"line":68,"column":28}},"loc":{"start":{"line":68,"column":61},"end":{"line":103,"column":3}},"line":68},"5":{"name":"(anonymous_5)","decl":{"start":{"line":95,"column":15},"end":{"line":95,"column":16}},"loc":{"start":{"line":95,"column":26},"end":{"line":95,"column":59}},"line":95},"6":{"name":"(anonymous_6)","decl":{"start":{"line":105,"column":27},"end":{"line":105,"column":28}},"loc":{"start":{"line":105,"column":39},"end":{"line":120,"column":3}},"line":105},"7":{"name":"(anonymous_7)","decl":{"start":{"line":122,"column":30},"end":{"line":122,"column":31}},"loc":{"start":{"line":122,"column":61},"end":{"line":137,"column":3}},"line":122},"8":{"name":"(anonymous_8)","decl":{"start":{"line":139,"column":28},"end":{"line":139,"column":29}},"loc":{"start":{"line":139,"column":34},"end":{"line":141,"column":3}},"line":139},"9":{"name":"(anonymous_9)","decl":{"start":{"line":143,"column":12},"end":{"line":143,"column":13}},"loc":{"start":{"line":143,"column":18},"end":{"line":151,"column":3}},"line":143},"10":{"name":"(anonymous_10)","decl":{"start":{"line":144,"column":5},"end":{"line":144,"column":6}},"loc":{"start":{"line":144,"column":17},"end":{"line":150,"column":5}},"line":144},"11":{"name":"(anonymous_11)","decl":{"start":{"line":153,"column":24},"end":{"line":153,"column":25}},"loc":{"start":{"line":153,"column":30},"end":{"line":153,"column":64}},"line":153},"12":{"name":"(anonymous_12)","decl":{"start":{"line":169,"column":26},"end":{"line":169,"column":27}},"loc":{"start":{"line":169,"column":33},"end":{"line":169,"column":63}},"line":169},"13":{"name":"(anonymous_13)","decl":{"start":{"line":169,"column":39},"end":{"line":169,"column":40}},"loc":{"start":{"line":169,"column":47},"end":{"line":169,"column":61}},"line":169},"14":{"name":"(anonymous_14)","decl":{"start":{"line":176,"column":29},"end":{"line":176,"column":30}},"loc":{"start":{"line":176,"column":35},"end":{"line":176,"column":50}},"line":176},"15":{"name":"(anonymous_15)","decl":{"start":{"line":182,"column":29},"end":{"line":182,"column":30}},"loc":{"start":{"line":182,"column":36},"end":{"line":191,"column":15}},"line":182},"16":{"name":"(anonymous_16)","decl":{"start":{"line":194,"column":25},"end":{"line":194,"column":26}},"loc":{"start":{"line":195,"column":16},"end":{"line":195,"column":77}},"line":195},"17":{"name":"(anonymous_17)","decl":{"start":{"line":201,"column":21},"end":{"line":201,"column":22}},"loc":{"start":{"line":201,"column":27},"end":{"line":201,"column":42}},"line":201},"18":{"name":"(anonymous_18)","decl":{"start":{"line":204,"column":19},"end":{"line":204,"column":20}},"loc":{"start":{"line":204,"column":36},"end":{"line":208,"column":13}},"line":204},"19":{"name":"(anonymous_19)","decl":{"start":{"line":234,"column":23},"end":{"line":234,"column":24}},"loc":{"start":{"line":234,"column":30},"end":{"line":273,"column":13}},"line":234},"20":{"name":"(anonymous_20)","decl":{"start":{"line":261,"column":31},"end":{"line":261,"column":32}},"loc":{"start":{"line":261,"column":37},"end":{"line":261,"column":52}},"line":261},"21":{"name":"(anonymous_21)","decl":{"start":{"line":263,"column":29},"end":{"line":263,"column":30}},"loc":{"start":{"line":263,"column":46},"end":{"line":266,"column":23}},"line":263},"22":{"name":"(anonymous_22)","decl":{"start":{"line":287,"column":19},"end":{"line":287,"column":20}},"loc":{"start":{"line":287,"column":25},"end":{"line":287,"column":36}},"line":287},"23":{"name":"(anonymous_23)","decl":{"start":{"line":290,"column":17},"end":{"line":290,"column":18}},"loc":{"start":{"line":290,"column":34},"end":{"line":294,"column":11}},"line":290},"24":{"name":"(anonymous_24)","decl":{"start":{"line":330,"column":23},"end":{"line":330,"column":24}},"loc":{"start":{"line":330,"column":30},"end":{"line":330,"column":49}},"line":330}},"branchMap":{"0":{"loc":{"start":{"line":38,"column":11},"end":{"line":38,"column":47}},"type":"cond-expr","locations":[{"start":{"line":38,"column":15},"end":{"line":38,"column":41}},{"start":{"line":38,"column":44},"end":{"line":38,"column":47}}],"line":38},"1":{"loc":{"start":{"line":62,"column":15},"end":{"line":62,"column":35}},"type":"cond-expr","locations":[{"start":{"line":62,"column":30},"end":{"line":62,"column":31}},{"start":{"line":62,"column":34},"end":{"line":62,"column":35}}],"line":62},"2":{"loc":{"start":{"line":68,"column":34},"end":{"line":68,"column":56}},"type":"default-arg","locations":[{"start":{"line":68,"column":51},"end":{"line":68,"column":56}}],"line":68},"3":{"loc":{"start":{"line":71,"column":6},"end":{"line":77,"column":7}},"type":"if","locations":[{"start":{"line":71,"column":6},"end":{"line":77,"column":7}},{"start":{},"end":{}}],"line":71},"4":{"loc":{"start":{"line":80,"column":29},"end":{"line":80,"column":72}},"type":"cond-expr","locations":[{"start":{"line":80,"column":37},"end":{"line":80,"column":59}},{"start":{"line":80,"column":62},"end":{"line":80,"column":72}}],"line":80},"5":{"loc":{"start":{"line":82,"column":6},"end":{"line":85,"column":7}},"type":"if","locations":[{"start":{"line":82,"column":6},"end":{"line":85,"column":7}},{"start":{},"end":{}}],"line":82},"6":{"loc":{"start":{"line":88,"column":11},"end":{"line":88,"column":40}},"type":"binary-expr","locations":[{"start":{"line":88,"column":11},"end":{"line":88,"column":27}},{"start":{"line":88,"column":31},"end":{"line":88,"column":40}}],"line":88},"7":{"loc":{"start":{"line":89,"column":14},"end":{"line":89,"column":46}},"type":"binary-expr","locations":[{"start":{"line":89,"column":14},"end":{"line":89,"column":33}},{"start":{"line":89,"column":37},"end":{"line":89,"column":46}}],"line":89},"8":{"loc":{"start":{"line":90,"column":16},"end":{"line":90,"column":50}},"type":"binary-expr","locations":[{"start":{"line":90,"column":16},"end":{"line":90,"column":37}},{"start":{"line":90,"column":41},"end":{"line":90,"column":50}}],"line":90},"9":{"loc":{"start":{"line":94,"column":19},"end":{"line":94,"column":57}},"type":"cond-expr","locations":[{"start":{"line":94,"column":45},"end":{"line":94,"column":52}},{"start":{"line":94,"column":55},"end":{"line":94,"column":57}}],"line":94},"10":{"loc":{"start":{"line":95,"column":26},"end":{"line":95,"column":59}},"type":"cond-expr","locations":[{"start":{"line":95,"column":34},"end":{"line":95,"column":38}},{"start":{"line":95,"column":41},"end":{"line":95,"column":59}}],"line":95},"11":{"loc":{"start":{"line":96,"column":20},"end":{"line":96,"column":41}},"type":"binary-expr","locations":[{"start":{"line":96,"column":20},"end":{"line":96,"column":33}},{"start":{"line":96,"column":37},"end":{"line":96,"column":41}}],"line":96},"12":{"loc":{"start":{"line":107,"column":6},"end":{"line":112,"column":7}},"type":"if","locations":[{"start":{"line":107,"column":6},"end":{"line":112,"column":7}},{"start":{},"end":{}}],"line":107},"13":{"loc":{"start":{"line":107,"column":10},"end":{"line":107,"column":29}},"type":"binary-expr","locations":[{"start":{"line":107,"column":10},"end":{"line":107,"column":21}},{"start":{"line":107,"column":25},"end":{"line":107,"column":29}}],"line":107},"14":{"loc":{"start":{"line":124,"column":24},"end":{"line":124,"column":47}},"type":"binary-e
[...]
,"/home/aronboliveira/Desktop/programming/_portfolio/web/crm/apps/mobile/src/services/RoleService.ts": {"path":"/home/aronboliveira/Desktop/programming/_portfolio/web/crm/apps/mobile/src/services/RoleService.ts","statementMap":{"0":{"start":{"line":5,"column":16},"end":{"line":5,"column":27}},"1":{"start":{"line":6,"column":35},"end":{"line":6,"column":39}},"2":{"start":{"line":13,"column":14},"end":{"line":13,"column":76}},"3":{"start":{"line":14,"column":17},"end":{"line":14,"column":53}},"4":{"start":{"line":15,"column":4},"end":{"line":15,"column":30}},"5":{"start":{"line":16,"column":4},"end":{"line":16,"column":16}},"6":{"start":{"line":25,"column":4},"end":{"line":25,"column":41}},"7":{"start":{"line":32,"column":14},"end":{"line":32,"column":76}},"8":{"start":{"line":33,"column":17},"end":{"line":33,"column":53}},"9":{"start":{"line":34,"column":4},"end":{"line":34,"column":30}},"10":{"start":{"line":35,"column":4},"end":{"line":35,"column":16}},"11":{"start":{"line":39,"column":4},"end":{"line":39,"column":27}},"12":{"start":{"line":40,"column":4},"end":{"line":40,"column":61}},"13":{"start":{"line":44,"column":4},"end":{"line":44,"column":30}},"14":{"start":{"line":48,"column":4},"end":{"line":48,"column":80}}},"fnMap":{"0":{"name":"(anonymous_0)","decl":{"start":{"line":12,"column":2},"end":{"line":12,"column":3}},"loc":{"start":{"line":12,"column":46},"end":{"line":17,"column":3}},"line":12},"1":{"name":"(anonymous_1)","decl":{"start":{"line":24,"column":2},"end":{"line":24,"column":3}},"loc":{"start":{"line":24,"column":25},"end":{"line":26,"column":3}},"line":24},"2":{"name":"(anonymous_2)","decl":{"start":{"line":31,"column":2},"end":{"line":31,"column":3}},"loc":{"start":{"line":31,"column":45},"end":{"line":36,"column":3}},"line":31},"3":{"name":"(anonymous_3)","decl":{"start":{"line":38,"column":2},"end":{"line":38,"column":3}},"loc":{"start":{"line":38,"column":47},"end":{"line":41,"column":3}},"line":38},"4":{"name":"(anonymous_4)","decl":{"start":{"line":43,"column":2},"end":{"line":43,"column":3}},"loc":{"start":{"line":43,"column":28},"end":{"line":45,"column":3}},"line":43}},"branchMap":{"0":{"loc":{"start":{"line":14,"column":17},"end":{"line":14,"column":53}},"type":"cond-expr","locations":[{"start":{"line":14,"column":42},"end":{"line":14,"column":43}},{"start":{"line":14,"column":46},"end":{"line":14,"column":53}}],"line":14},"1":{"loc":{"start":{"line":25,"column":11},"end":{"line":25,"column":40}},"type":"binary-expr","locations":[{"start":{"line":25,"column":11},"end":{"line":25,"column":29}},{"start":{"line":25,"column":33},"end":{"line":25,"column":40}}],"line":25},"2":{"loc":{"start":{"line":33,"column":17},"end":{"line":33,"column":53}},"type":"cond-expr","locations":[{"start":{"line":33,"column":42},"end":{"line":33,"column":43}},{"start":{"line":33,"column":46},"end":{"line":33,"column":53}}],"line":33},"3":{"loc":{"start":{"line":48,"column":11},"end":{"line":48,"column":79}},"type":"binary-expr","locations":[{"start":{"line":48,"column":11},"end":{"line":48,"column":24}},{"start":{"line":48,"column":28},"end":{"line":48,"column":43}},{"start":{"line":48,"column":47},"end":{"line":48,"column":61}},{"start":{"line":48,"column":65},"end":{"line":48,"column":79}}],"line":48}},"s":{"0":0,"1":0,"2":0,"3":0,"4":0,"5":0,"6":0,"7":0,"8":0,"9":0,"10":0,"11":0,"12":0,"13":0,"14":0},"f":{"0":0,"1":0,"2":0,"3":0,"4":0},"b":{"0":[0,0],"1":[0,0],"2":[0,0],"3":[0,0,0,0]}}
,"/home/aronboliveira/Desktop/programming/_portfolio/web/crm/apps/mobile/src/services/StorageService.ts": {"path":"/home/aronboliveira/Desktop/programming/_portfolio/web/crm/apps/mobile/src/services/StorageService.ts","statementMap":{"0":{"start":{"line":14,"column":4},"end":{"line":14,"column":18}},"1":{"start":{"line":18,"column":14},"end":{"line":18,"column":37}},"2":{"start":{"line":19,"column":4},"end":{"line":19,"column":44}},"3":{"start":{"line":23,"column":4},"end":{"line":23,"column":29}},"4":{"start":{"line":27,"column":4},"end":{"line":27,"column":25}},"5":{"start":{"line":31,"column":4},"end":{"line":31,"column":24}},"6":{"start":{"line":40,"column":4},"end":{"line":40,"column":16}},"7":{"start":{"line":41,"column":4},"end":{"line":41,"column":21}},"8":{"start":{"line":45,"column":4},"end":{"line":45,"column":28}},"9":{"start":{"line":49,"column":4},"end":{"line":56,"column":5}},"10":{"start":{"line":50,"column":6},"end":{"line":50,"column":55}},"11":{"start":{"line":50,"column":39},"end":{"line":50,"column":55}},"12":{"start":{"line":51,"column":18},"end":{"line":51,"column":46}},"13":{"start":{"line":52,"column":6},"end":{"line":52,"column":32}},"14":{"start":{"line":52,"column":16},"end":{"line":52,"column":32}},"15":{"start":{"line":53,"column":6},"end":{"line":53,"column":34}},"16":{"start":{"line":55,"column":6},"end":{"line":55,"column":22}},"17":{"start":{"line":60,"column":4},"end":{"line":65,"column":5}},"18":{"start":{"line":61,"column":6},"end":{"line":61,"column":46}},"19":{"start":{"line":61,"column":39},"end":{"line":61,"column":46}},"20":{"start":{"line":62,"column":6},"end":{"line":62,"column":54}},"21":{"start":{"line":69,"column":14},"end":{"line":69,"column":68}},"22":{"start":{"line":70,"column":4},"end":{"line":70,"column":21}},"23":{"start":{"line":74,"column":4},"end":{"line":74,"column":38}},"24":{"start":{"line":78,"column":14},"end":{"line":78,"column":61}},"25":{"start":{"line":79,"column":4},"end":{"line":79,"column":52}},"26":{"start":{"line":83,"column":4},"end":{"line":83,"column":27}},"27":{"start":{"line":87,"column":4},"end":{"line":92,"column":5}},"28":{"start":{"line":88,"column":6},"end":{"line":88,"column":46}},"29":{"start":{"line":88,"column":39},"end":{"line":88,"column":46}},"30":{"start":{"line":89,"column":6},"end":{"line":89,"column":38}},"31":{"start":{"line":96,"column":4},"end":{"line":96,"column":22}},"32":{"start":{"line":101,"column":16},"end":{"line":101,"column":52}},"33":{"start":{"line":102,"column":18},"end":{"line":102,"column":56}},"34":{"start":{"line":105,"column":17},"end":{"line":105,"column":73}},"35":{"start":{"line":106,"column":19},"end":{"line":106,"column":77}}},"fnMap":{"0":{"name":"(anonymous_0)","decl":{"start":{"line":13,"column":2},"end":{"line":13,"column":3}},"loc":{"start":{"line":13,"column":24},"end":{"line":15,"column":3}},"line":13},"1":{"name":"(anonymous_1)","decl":{"start":{"line":17,"column":2},"end":{"line":17,"column":3}},"loc":{"start":{"line":17,"column":38},"end":{"line":20,"column":3}},"line":17},"2":{"name":"(anonymous_2)","decl":{"start":{"line":22,"column":2},"end":{"line":22,"column":3}},"loc":{"start":{"line":22,"column":44},"end":{"line":24,"column":3}},"line":22},"3":{"name":"(anonymous_3)","decl":{"start":{"line":26,"column":2},"end":{"line":26,"column":3}},"loc":{"start":{"line":26,"column":32},"end":{"line":28,"column":3}},"line":26},"4":{"name":"(anonymous_4)","decl":{"start":{"line":30,"column":2},"end":{"line":30,"column":3}},"loc":{"start":{"line":30,"column":16},"end":{"line":32,"column":3}},"line":30},"5":{"name":"(anonymous_5)","decl":{"start":{"line":39,"column":2},"end":{"line":39,"column":3}},"loc":{"start":{"line":39,"column":40},"end":{"line":42,"column":3}},"line":39},"6":{"name":"(anonymous_6)","decl":{"start":{"line":44,"column":2},"end":{"line":44,"column":3}},"loc":{"start":{"line":44,"column":25},"end":{"line":46,"column":3}},"line":44},"7":{"name":"(anonymous_7)","decl":{"start":{"line":48,"column":2},"end":{"line":48,"column":3}},"loc":{"start":{"line":48,"column":40},"end":{"line":57,"column":3}},"line":48},"8":{"name":"(anonymous_8)","decl":{"start":{"line":59,"column":2},"end":{"line":59,"column":3}},"loc":{"start":{"line":59,"column":36},"end":{"line":66,"column":3}},"line":59},"9":{"name":"(anonymous_9)","decl":{"start":{"line":68,"column":2},"end":{"line":68,"column":3}},"loc":{"start":{"line":68,"column":49},"end":{"line":71,"column":3}},"line":68},"10":{"name":"(anonymous_10)","decl":{"start":{"line":73,"column":2},"end":{"line":73,"column":3}},"loc":{"start":{"line":73,"column":39},"end":{"line":75,"column":3}},"line":73},"11":{"name":"(anonymous_11)","decl":{"start":{"line":77,"column":2},"end":{"line":77,"column":3}},"loc":{"start":{"line":77,"column":46},"end":{"line":80,"column":3}},"line":77},"12":{"name":"(anonymous_12)","decl":{"start":{"line":82,"column":2},"end":{"line":82,"column":3}},"loc":{"start":{"line":82,"column":37},"end":{"line":84,"column":3}},"line":82},"13":{"name":"(anonymous_13)","decl":{"start":{"line":86,"column":2},"end":{"line":86,"column":3}},"loc":{"start":{"line":86,"column":23},"end":{"line":93,"column":3}},"line":86},"14":{"name":"(anonymous_14)","decl":{"start":{"line":95,"column":2},"end":{"line":95,"column":3}},"loc":{"start":{"line":95,"column":16},"end":{"line":97,"column":3}},"line":95}},"branchMap":{"0":{"loc":{"start":{"line":19,"column":11},"end":{"line":19,"column":43}},"type":"cond-expr","locations":[{"start":{"line":19,"column":35},"end":{"line":19,"column":36}},{"start":{"line":19,"column":39},"end":{"line":19,"column":43}}],"line":19},"1":{"loc":{"start":{"line":50,"column":6},"end":{"line":50,"column":55}},"type":"if","locations":[{"start":{"line":50,"column":6},"end":{"line":50,"column":55}},{"start":{},"end":{}}],"line":50},"2":{"loc":{"start":{"line":50,"column":10},"end":{"line":50,"column":37}},"type":"binary-expr","locations":[{"start":{"line":50,"column":10},"end":{"line":50,"column":12}},{"start":{"line":50,"column":16},"end":{"line":50,"column":37}}],"line":50},"3":{"loc":{"start":{"line":52,"column":6},"end":{"line":52,"column":32}},"type":"if","locations":[{"start":{"line":52,"column":6},"end":{"line":52,"column":32}},{"start":{},"end":{}}],"line":52},"4":{"loc":{"start":{"line":61,"column":6},"end":{"line":61,"column":46}},"type":"if","locations":[{"start":{"line":61,"column":6},"end":{"line":61,"column":46}},{"start":{},"end":{}}],"line":61},"5":{"loc":{"start":{"line":61,"column":10},"end":{"line":61,"column":37}},"type":"binary-expr","locations":[{"start":{"line":61,"column":10},"end":{"line":61,"column":12}},{"start":{"line":61,"column":16},"end":{"line":61,"column":37}}],"line":61},"6":{"loc":{"start":{"line":69,"column":49},"end":{"line":69,"column":65}},"type":"cond-expr","locations":[{"start":{"line":69,"column":60},"end":{"line":69,"column":61}},{"start":{"line":69,"column":64},"end":{"line":69,"column":65}}],"line":69},"7":{"loc":{"start":{"line":74,"column":25},"end":{"line":74,"column":34}},"type":"cond-expr","locations":[{"start":{"line":74,"column":29},"end":{"line":74,"column":30}},{"start":{"line":74,"column":33},"end":{"line":74,"column":34}}],"line":74},"8":{"loc":{"start":{"line":79,"column":11},"end":{"line":79,"column":51}},"type":"cond-expr","locations":[{"start":{"line":79,"column":37},"end":{"line":79,"column":40}},{"start":{"line":79,"column":43},"end":{"line":79,"column":51}}],"line":79},"9":{"loc":{"start":{"line":88,"column":6},"end":{"line":88,"column":46}},"type":"if","locations":[{"start":{"line":88,"column":6},"end":{"line":88,"column":46}},{"start":{},"end":{}}],"line":88},"10":{"loc":{"start":{"line":88,"column":10},"end":{"line":88,"column":37}},"type":"binary-expr","locations":[{"start":{"line":88,"column":10},"end":{"line":88,"column":12}},{"start":{"line":88,"column":16},"end":{"line":88,"column":37}}],"line":88}},"s":{"0":8,"1":0,"2":0,"3":0,"4":0,"5":0,"6":8,"7":8,"8":0,"9":0,"10":0,"11":0,"12":0,"13":0,"14":0,"15":0,"16":0,"17":0,"18":0,"19":0,"20":0,"21":0,"22":0,"23":0,"24":0,"25":0,"26":0,"27":0,"28":0,"29":0,"30":0,"31":0,"32":4,"33":4,"34":4,"35":4},"f":{"0":8,"1":0,"2":0,"3":0,"4":0,"5":8,"6":0,"7":0,"8":0,"9":0,"10":0,"11":0,"12":0,"13":0,"14":0},"b":{"0":[0,0],"1":[0,0],"2":[0,0],"3":[0,0],"4":[0,0],"5":[0,0],"6":[0,0],"7":[0,0],"8":[0,0],"9":[0,0],"10":[0,0]},"_coverageSchema":"1a1c01bbd47fc00a2c39e90264f33305004495a9","hash":"7ca4c80d6d4b01ae444199a0f7f244f5c6f7a03a"}
,"/home/aronboliveira/Desktop/programming/_portfolio/web/crm/apps/mobile/src/services/ThemeService.ts": {"path":"/home/aronboliveira/Desktop/programming/_portfolio/web/crm/apps/mobile/src/services/ThemeService.ts","statementMap":{"0":{"start":{"line":7,"column":16},"end":{"line":7,"column":31}},"1":{"start":{"line":8,"column":16},"end":{"line":8,"column":27}},"2":{"start":{"line":9,"column":25},"end":{"line":9,"column":43}},"3":{"start":{"line":12,"column":4},"end":{"line":51,"column":5}},"4":{"start":{"line":13,"column":19},"end":{"line":13,"column":43}},"5":{"start":{"line":14,"column":6},"end":{"line":17,"column":7}},"6":{"start":{"line":15,"column":8},"end":{"line":15,"column":64}},"7":{"start":{"line":16,"column":8},"end":{"line":16,"column":15}},"8":{"start":{"line":19,"column":6},"end":{"line":19,"column":67}},"9":{"start":{"line":19,"column":60},"end":{"line":19,"column":67}},"10":{"start":{"line":22,"column":8},"end":{"line":22,"column":76}},"11":{"start":{"line":23,"column":21},"end":{"line":26,"column":7}},"12":{"start":{"line":28,"column":6},"end":{"line":28,"column":34}},"13":{"start":{"line":30,"column":25},"end":{"line":30,"column":76}},"14":{"start":{"line":31,"column":6},"end":{"line":48,"column":7}},"15":{"start":{"line":32,"column":8},"end":{"line":47,"column":11}},"16":{"start":{"line":33,"column":10},"end":{"line":46,"column":11}},"17":{"start":{"line":34,"column":29},"end":{"line":37,"column":13}},"18":{"start":{"line":38,"column":12},"end":{"line":40,"column":13}},"19":{"start":{"line":39,"column":14},"end":{"line":39,"column":47}},"20":{"start":{"line":42,"column":12},"end":{"line":45,"column":14}},"21":{"start":{"line":50,"column":6},"end":{"line":50,"column":63}},"22":{"start":{"line":55,"column":4},"end":{"line":67,"column":5}},"23":{"start":{"line":56,"column":19},"end":{"line":56,"column":43}},"24":{"start":{"line":57,"column":6},"end":{"line":60,"column":7}},"25":{"start":{"line":58,"column":8},"end":{"line":58,"column":64}},"26":{"start":{"line":59,"column":8},"end":{"line":59,"column":15}},"27":{"start":{"line":62,"column":17},"end":{"line":62,"column":59}},"28":{"start":{"line":63,"column":6},"end":{"line":63,"column":59}},"29":{"start":{"line":64,"column":6},"end":{"line":64,"column":31}},"30":{"start":{"line":66,"column":6},"end":{"line":66,"column":60}},"31":{"start":{"line":71,"column":4},"end":{"line":85,"column":5}},"32":{"start":{"line":72,"column":19},"end":{"line":72,"column":43}},"33":{"start":{"line":73,"column":6},"end":{"line":73,"column":24}},"34":{"start":{"line":73,"column":17},"end":{"line":73,"column":24}},"35":{"start":{"line":75,"column":6},"end":{"line":81,"column":7}},"36":{"start":{"line":76,"column":8},"end":{"line":76,"column":52}},"37":{"start":{"line":78,"column":8},"end":{"line":80,"column":9}},"38":{"start":{"line":79,"column":10},"end":{"line":79,"column":51}},"39":{"start":{"line":82,"column":6},"end":{"line":82,"column":61}},"40":{"start":{"line":84,"column":6},"end":{"line":84,"column":65}}},"fnMap":{"0":{"name":"(anonymous_0)","decl":{"start":{"line":11,"column":2},"end":{"line":11,"column":3}},"loc":{"start":{"line":11,"column":48},"end":{"line":52,"column":3}},"line":11},"1":{"name":"(anonymous_1)","decl":{"start":{"line":32,"column":46},"end":{"line":32,"column":47}},"loc":{"start":{"line":32,"column":53},"end":{"line":47,"column":9}},"line":32},"2":{"name":"(anonymous_2)","decl":{"start":{"line":54,"column":2},"end":{"line":54,"column":3}},"loc":{"start":{"line":54,"column":24},"end":{"line":68,"column":3}},"line":54}},"branchMap":{"0":{"loc":{"start":{"line":14,"column":6},"end":{"line":17,"column":7}},"type":"if","locations":[{"start":{"line":14,"column":6},"end":{"line":17,"column":7}},{"start":{},"end":{}}],"line":14},"1":{"loc":{"start":{"line":19,"column":6},"end":{"line":19,"column":67}},"type":"if","locations":[{"start":{"line":19,"column":6},"end":{"line":19,"column":67}},{"start":{},"end":{}}],"line":19},"2":{"loc":{"start":{"line":22,"column":8},"end":{"line":22,"column":76}},"type":"binary-expr","locations":[{"start":{"line":22,"column":8},"end":{"line":22,"column":67}},{"start":{"line":22,"column":71},"end":{"line":22,"column":76}}],"line":22},"3":{"loc":{"start":{"line":31,"column":6},"end":{"line":48,"column":7}},"type":"if","locations":[{"start":{"line":31,"column":6},"end":{"line":48,"column":7}},{"start":{},"end":{}}],"line":31},"4":{"loc":{"start":{"line":38,"column":12},"end":{"line":40,"column":13}},"type":"if","locations":[{"start":{"line":38,"column":12},"end":{"line":40,"column":13}},{"start":{},"end":{}}],"line":38},"5":{"loc":{"start":{"line":57,"column":6},"end":{"line":60,"column":7}},"type":"if","locations":[{"start":{"line":57,"column":6},"end":{"line":60,"column":7}},{"start":{},"end":{}}],"line":57},"6":{"loc":{"start":{"line":73,"column":6},"end":{"line":73,"column":24}},"type":"if","locations":[{"start":{"line":73,"column":6},"end":{"line":73,"column":24}},{"start":{},"end":{}}],"line":73},"7":{"loc":{"start":{"line":75,"column":6},"end":{"line":81,"column":7}},"type":"if","locations":[{"start":{"line":75,"column":6},"end":{"line":81,"column":7}},{"start":{"line":77,"column":13},"end":{"line":81,"column":7}}],"line":75},"8":{"loc":{"start":{"line":78,"column":8},"end":{"line":80,"column":9}},"type":"if","locations":[{"start":{"line":78,"column":8},"end":{"line":80,"column":9}},{"start":{},"end":{}}],"line":78},"9":{"loc":{"start":{"line":82,"column":38},"end":{"line":82,"column":59}},"type":"cond-expr","locations":[{"start":{"line":82,"column":43},"end":{"line":82,"column":49}},{"start":{"line":82,"column":52},"end":{"line":82,"column":59}}],"line":82}},"s":{"0":0,"1":0,"2":0,"3":0,"4":0,"5":0,"6":0,"7":0,"8":0,"9":0,"10":0,"11":0,"12":0,"13":0,"14":0,"15":0,"16":0,"17":0,"18":0,"19":0,"20":0,"21":0,"22":0,"23":0,"24":0,"25":0,"26":0,"27":0,"28":0,"29":0,"30":0,"31":0,"32":0,"33":0,"34":0,"35":0,"36":0,"37":0,"38":0,"39":0,"40":0},"f":{"0":0,"1":0,"2":0},"b":{"0":[0,0],"1":[0,0],"2":[0,0],"3":[0,0],"4":[0,0],"5":[0,0],"6":[0,0],"7":[0,0],"8":[0,0],"9":[0,0]}}
}
