TN:
SF:src/components/PromptHost.tsx
FN:38,buildInitial
FN:43,(anonymous_1)
FN:51,PromptHost
FN:57,(anonymous_3)
FN:58,(anonymous_4)
FN:64,(anonymous_5)
FN:65,(anonymous_6)
FN:75,(anonymous_7)
FN:82,(anonymous_8)
FN:84,(anonymous_9)
FN:87,(anonymous_10)
FN:93,(anonymous_11)
FN:99,(anonymous_12)
FN:105,(anonymous_13)
FN:111,(anonymous_14)
FN:139,(anonymous_15)
FN:141,(anonymous_16)
FN:172,(anonymous_17)
FN:182,(anonymous_18)
FN:192,(anonymous_19)
FN:204,(anonymous_20)
FN:212,(anonymous_21)
FN:215,(anonymous_22)
FN:227,(anonymous_23)
FNF:24
FNH:0
FNDA:0,buildInitial
FNDA:0,(anonymous_1)
FNDA:0,PromptHost
FNDA:0,(anonymous_3)
FNDA:0,(anonymous_4)
FNDA:0,(anonymous_5)
FNDA:0,(anonymous_6)
FNDA:0,(anonymous_7)
FNDA:0,(anonymous_8)
FNDA:0,(anonymous_9)
FNDA:0,(anonymous_10)
FNDA:0,(anonymous_11)
FNDA:0,(anonymous_12)
FNDA:0,(anonymous_13)
FNDA:0,(anonymous_14)
FNDA:0,(anonymous_15)
FNDA:0,(anonymous_16)
FNDA:0,(anonymous_17)
FNDA:0,(anonymous_18)
FNDA:0,(anonymous_19)
FNDA:0,(anonymous_20)
FNDA:0,(anonymous_21)
FNDA:0,(anonymous_22)
FNDA:0,(anonymous_23)
DA:42,0
DA:43,0
DA:44,0
DA:45,0
DA:46,0
DA:48,0
DA:52,0
DA:54,0
DA:55,0
DA:57,0
DA:58,0
DA:59,0
DA:63,0
DA:65,0
DA:66,0
DA:67,0
DA:68,0
DA:74,0
DA:75,0
DA:82,0
DA:83,0
DA:84,0
DA:87,0
DA:88,0
DA:89,0
DA:90,0
DA:93,0
DA:94,0
DA:95,0
DA:96,0
DA:99,0
DA:100,0
DA:101,0
DA:102,0
DA:105,0
DA:106,0
DA:107,0
DA:108,0
DA:111,0
DA:112,0
DA:114,0
DA:115,0
DA:118,0
DA:119,0
DA:120,0
DA:121,0
DA:122,0
DA:123,0
DA:124,0
DA:129,0
DA:130,0
DA:131,0
DA:132,0
DA:135,0
DA:136,0
DA:139,0
DA:140,0
DA:141,0
DA:144,0
DA:147,0
DA:154,0
DA:161,0
DA:167,0
DA:173,0
DA:183,0
DA:192,0
DA:205,0
DA:212,0
DA:216,0
DA:227,0
DA:277,0
LF:71
LH:0
BRDA:42,0,0,0
BRDA:42,0,1,0
BRDA:44,1,0,0
BRDA:44,1,1,0
BRDA:45,2,0,0
BRDA:45,2,1,0
BRDA:94,3,0,0
BRDA:94,3,1,0
BRDA:100,4,0,0
BRDA:100,4,1,0
BRDA:106,5,0,0
BRDA:106,5,1,0
BRDA:112,6,0,0
BRDA:112,6,1,0
BRDA:119,7,0,0
BRDA:119,7,1,0
BRDA:121,8,0,0
BRDA:121,8,1,0
BRDA:122,9,0,0
BRDA:122,9,1,0
BRDA:129,10,0,0
BRDA:129,10,1,0
BRDA:130,11,0,0
BRDA:130,11,1,0
BRDA:147,12,0,0
BRDA:147,12,1,0
BRDA:149,13,0,0
BRDA:149,13,1,0
BRDA:154,14,0,0
BRDA:154,14,1,0
BRDA:155,15,0,0
BRDA:155,15,1,0
BRDA:156,16,0,0
BRDA:156,16,1,0
BRDA:157,17,0,0
BRDA:157,17,1,0
BRDA:161,18,0,0
BRDA:161,18,1,0
BRDA:162,19,0,0
BRDA:162,19,1,0
BRDA:163,20,0,0
BRDA:163,20,1,0
BRDA:164,21,0,0
BRDA:164,21,1,0
BRDA:173,22,0,0
BRDA:173,22,1,0
BRDA:175,23,0,0
BRDA:175,23,1,0
BRDA:183,24,0,0
BRDA:183,24,1,0
BRDA:185,25,0,0
BRDA:185,25,1,0
BRDA:197,26,0,0
BRDA:197,26,1,0
BRDA:197,27,0,0
BRDA:197,27,1,0
BRDA:202,28,0,0
BRDA:202,28,1,0
BRDA:208,29,0,0
BRDA:208,29,1,0
BRDA:211,30,0,0
BRDA:211,30,1,0
BRDA:215,31,0,0
BRDA:215,31,1,0
BRDA:226,32,0,0
BRDA:226,32,1,0
BRDA:230,33,0,0
BRDA:230,33,1,0
BRDA:235,34,0,0
BRDA:235,34,1,0
BRDA:240,35,0,0
BRDA:240,35,1,0
BRDA:248,36,0,0
BRDA:248,36,1,0
BRDA:255,37,0,0
BRDA:255,37,1,0
BRDA:262,38,0,0
BRDA:262,38,1,0
BRDA:262,39,0,0
BRDA:262,39,1,0
BRDA:266,40,0,0
BRDA:266,40,1,0
BRF:82
BRH:0
end_of_record
TN:
SF:src/constants/index.ts
FNF:0
FNH:0
LF:0
LH:0
BRF:0
BRH:0
end_of_record
TN:
SF:src/constants/nav-routes.constants.ts
FN:102,getAllRouteNames
FN:117,isValidRoute
FNF:2
FNH:0
FNDA:0,getAllRouteNames
FNDA:0,isValidRoute
DA:16,4
DA:92,4
DA:103,0
DA:105,0
DA:106,0
DA:107,0
DA:111,0
DA:118,0
LF:8
LH:2
BRF:0
BRH:0
end_of_record
TN:
SF:src/constants/storage-keys.constants.ts
FN:114,getAllStorageKeys
FN:129,isValidStorageKey
FN:136,getAuthKeys
FN:143,getCacheKeys
FNF:4
FNH:0
FNDA:0,getAllStorageKeys
FNDA:0,isValidStorageKey
FNDA:0,getAuthKeys
FNDA:0,getCacheKeys
DA:16,4
DA:104,4
DA:115,0
DA:117,0
DA:118,0
DA:119,0
DA:123,0
DA:130,0
DA:137,0
DA:144,0
LF:10
LH:2
BRF:0
BRH:0
end_of_record
TN:
SF:src/constants/theme.constants.ts
FNF:0
FNH:0
DA:24,4
DA:235,4
DA:245,4
LF:3
LH:3
BRF:0
BRH:0
end_of_record
TN:
SF:src/constants/validation-rules.constants.ts
FN:137,validateEmail
FN:159,validatePassword
FN:208,validatePhone
FNF:3
FNH:1
FNDA:19,validateEmail
FNDA:0,validatePassword
FNDA:0,validatePhone
DA:20,4
DA:127,4
DA:141,19
DA:142,0
DA:145,19
DA:146,0
DA:149,19
DA:150,1
DA:153,18
DA:163,0
DA:164,0
DA:170,0
DA:171,0
DA:174,0
DA:175,0
DA:181,0
DA:182,0
DA:188,0
DA:189,0
DA:192,0
DA:196,0
DA:202,0
DA:212,0
DA:214,0
DA:215,0
DA:218,0
DA:219,0
DA:222,0
DA:223,0
DA:226,0
LF:30
LH:7
BRDA:141,0,0,0
BRDA:141,0,1,19
BRDA:141,1,0,19
BRDA:141,1,1,19
BRDA:145,2,0,0
BRDA:145,2,1,19
BRDA:149,3,0,1
BRDA:149,3,1,18
BRDA:163,4,0,0
BRDA:163,4,1,0
BRDA:163,5,0,0
BRDA:163,5,1,0
BRDA:170,6,0,0
BRDA:170,6,1,0
BRDA:174,7,0,0
BRDA:174,7,1,0
BRDA:174,8,0,0
BRDA:174,8,1,0
BRDA:181,9,0,0
BRDA:181,9,1,0
BRDA:181,10,0,0
BRDA:181,10,1,0
BRDA:188,11,0,0
BRDA:188,11,1,0
BRDA:188,12,0,0
BRDA:188,12,1,0
BRDA:192,13,0,0
BRDA:192,13,1,0
BRDA:193,14,0,0
BRDA:193,14,1,0
BRDA:214,15,0,0
BRDA:214,15,1,0
BRDA:218,16,0,0
BRDA:218,16,1,0
BRDA:222,17,0,0
BRDA:222,17,1,0
BRF:36
BRH:6
end_of_record
TN:
SF:src/hooks/useDashboardProjectsPage.ts
FN:15,mockProjects
FN:31,safeTrim
FN:40,useDashboardProjectsPage
FN:54,(anonymous_3)
FN:87,(anonymous_4)
FN:100,(anonymous_5)
FN:111,(anonymous_6)
FN:123,(anonymous_7)
FN:138,(anonymous_8)
FNF:9
FNH:0
FNDA:0,mockProjects
FNDA:0,safeTrim
FNDA:0,useDashboardProjectsPage
FNDA:0,(anonymous_3)
FNDA:0,(anonymous_4)
FNDA:0,(anonymous_5)
FNDA:0,(anonymous_6)
FNDA:0,(anonymous_7)
FNDA:0,(anonymous_8)
DA:16,0
DA:17,0
DA:18,0
DA:19,0
DA:28,0
DA:32,0
DA:41,0
DA:42,0
DA:43,0
DA:45,0
DA:46,0
DA:47,0
DA:50,0
DA:51,0
DA:53,0
DA:55,0
DA:57,0
DA:58,0
DA:60,0
DA:61,0
DA:62,0
DA:65,0
DA:68,0
DA:70,0
DA:71,0
DA:72,0
DA:73,0
DA:76,0
DA:78,0
DA:84,0
DA:85,0
DA:87,0
DA:88,0
DA:89,0
DA:91,0
DA:97,0
DA:98,0
DA:100,0
DA:101,0
DA:102,0
DA:104,0
DA:105,0
DA:108,0
DA:109,0
DA:111,0
DA:112,0
DA:113,0
DA:115,0
DA:117,0
DA:123,0
DA:124,0
DA:125,0
DA:126,0
DA:137,0
DA:138,0
LF:55
LH:0
BRDA:15,0,0,0
BRDA:15,1,0,0
BRDA:32,2,0,0
BRDA:32,2,1,0
BRDA:55,3,0,0
BRDA:55,3,1,0
BRDA:61,4,0,0
BRDA:61,4,1,0
BRDA:68,5,0,0
BRDA:68,5,1,0
BRDA:70,6,0,0
BRDA:70,6,1,0
BRDA:79,7,0,0
BRDA:79,7,1,0
BRDA:80,8,0,0
BRDA:80,8,1,0
BRDA:84,9,0,0
BRDA:84,9,1,0
BRDA:85,10,0,0
BRDA:85,10,1,0
BRDA:87,11,0,0
BRDA:87,11,1,0
BRDA:98,12,0,0
BRDA:98,12,1,0
BRDA:98,13,0,0
BRDA:98,13,1,0
BRDA:98,14,0,0
BRDA:98,14,1,0
BRDA:102,15,0,0
BRDA:102,15,1,0
BRDA:104,16,0,0
BRDA:104,16,1,0
BRDA:104,17,0,0
BRDA:104,17,1,0
BRDA:104,18,0,0
BRDA:104,18,1,0
BRDA:109,19,0,0
BRDA:109,19,1,0
BRDA:111,20,0,0
BRDA:111,20,1,0
BRDA:124,21,0,0
BRDA:124,21,1,0
BRDA:125,22,0,0
BRDA:125,22,1,0
BRF:44
BRH:0
end_of_record
TN:
SF:src/pages/AdminAudtiScreen.tsx
FN:42,safeStringifyMeta
FN:50,AdminAuditScreen
FN:51,(anonymous_2)
FN:55,(anonymous_3)
FN:63,(anonymous_4)
FN:72,(anonymous_5)
FN:99,(anonymous_6)
FN:134,(anonymous_7)
FN:152,(anonymous_8)
FN:155,(anonymous_9)
FN:169,(anonymous_10)
FN:209,(anonymous_11)
FN:209,(anonymous_12)
FN:216,(anonymous_13)
FN:225,(anonymous_14)
FN:226,(anonymous_15)
FN:231,(anonymous_16)
FN:245,(anonymous_17)
FN:248,(anonymous_18)
FN:282,(anonymous_19)
FN:285,(anonymous_20)
FN:336,(anonymous_21)
FN:339,(anonymous_22)
FNF:23
FNH:0
FNDA:0,safeStringifyMeta
FNDA:0,AdminAuditScreen
FNDA:0,(anonymous_2)
FNDA:0,(anonymous_3)
FNDA:0,(anonymous_4)
FNDA:0,(anonymous_5)
FNDA:0,(anonymous_6)
FNDA:0,(anonymous_7)
FNDA:0,(anonymous_8)
FNDA:0,(anonymous_9)
FNDA:0,(anonymous_10)
FNDA:0,(anonymous_11)
FNDA:0,(anonymous_12)
FNDA:0,(anonymous_13)
FNDA:0,(anonymous_14)
FNDA:0,(anonymous_15)
FNDA:0,(anonymous_16)
FNDA:0,(anonymous_17)
FNDA:0,(anonymous_18)
FNDA:0,(anonymous_19)
FNDA:0,(anonymous_20)
FNDA:0,(anonymous_21)
FNDA:0,(anonymous_22)
DA:33,0
DA:35,0
DA:43,0
DA:44,0
DA:46,0
DA:51,0
DA:53,0
DA:54,0
DA:55,0
DA:56,0
DA:59,0
DA:60,0
DA:61,0
DA:63,0
DA:64,0
DA:65,0
DA:68,0
DA:72,0
DA:73,0
DA:74,0
DA:75,0
DA:77,0
DA:78,0
DA:81,0
DA:93,0
DA:94,0
DA:98,0
DA:100,0
DA:102,0
DA:103,0
DA:104,0
DA:105,0
DA:109,0
DA:112,0
DA:114,0
DA:118,0
DA:119,0
DA:120,0
DA:121,0
DA:122,0
DA:125,0
DA:132,0
DA:134,0
DA:135,0
DA:137,0
DA:138,0
DA:139,0
DA:141,0
DA:143,0
DA:144,0
DA:146,0
DA:152,0
DA:153,0
DA:155,0
DA:156,0
DA:157,0
DA:158,0
DA:160,0
DA:161,0
DA:163,0
DA:165,0
DA:169,0
DA:170,0
DA:174,0
DA:175,0
DA:182,0
DA:194,0
DA:209,0
DA:216,0
DA:226,0
DA:227,0
DA:232,0
DA:245,0
DA:248,0
DA:283,0
DA:287,0
DA:289,0
DA:290,0
DA:292,0
DA:336,0
DA:339,0
DA:352,0
LF:82
LH:0
BRDA:44,0,0,0
BRDA:44,0,1,0
BRDA:75,1,0,0
BRDA:75,1,1,0
BRDA:78,2,0,0
BRDA:78,2,1,0
BRDA:78,3,0,0
BRDA:78,3,1,0
BRDA:82,4,0,0
BRDA:82,4,1,0
BRDA:84,5,0,0
BRDA:84,5,1,0
BRDA:86,6,0,0
BRDA:86,6,1,0
BRDA:86,7,0,0
BRDA:86,7,1,0
BRDA:90,8,0,0
BRDA:90,8,1,0
BRDA:100,9,0,0
BRDA:100,9,1,0
BRDA:100,10,0,0
BRDA:100,10,1,0
BRDA:104,11,0,0
BRDA:104,11,1,0
BRDA:114,12,0,0
BRDA:114,12,1,0
BRDA:118,13,0,0
BRDA:118,13,1,0
BRDA:126,14,0,0
BRDA:126,14,1,0
BRDA:127,15,0,0
BRDA:127,15,1,0
BRDA:128,16,0,0
BRDA:128,16,1,0
BRDA:132,17,0,0
BRDA:132,17,1,0
BRDA:134,18,0,0
BRDA:134,18,1,0
BRDA:158,19,0,0
BRDA:158,19,1,0
BRDA:174,20,0,0
BRDA:174,20,1,0
BRDA:233,21,0,0
BRDA:233,21,1,0
BRDA:234,22,0,0
BRDA:234,22,1,0
BRDA:250,23,0,0
BRDA:250,23,1,0
BRDA:251,24,0,0
BRDA:251,24,1,0
BRDA:262,25,0,0
BRDA:262,25,1,0
BRDA:283,26,0,0
BRDA:283,26,1,0
BRDA:287,27,0,0
BRDA:287,27,1,0
BRDA:287,27,2,0
BRDA:289,28,0,0
BRDA:289,28,1,0
BRDA:289,28,2,0
BRDA:295,29,0,0
BRDA:295,29,1,0
BRDA:301,30,0,0
BRDA:301,30,1,0
BRDA:322,31,0,0
BRDA:322,31,1,0
BRDA:337,32,0,0
BRDA:337,32,1,0
BRDA:341,33,0,0
BRDA:341,33,1,0
BRDA:341,33,2,0
BRDA:342,34,0,0
BRDA:342,34,1,0
BRF:73
BRH:0
end_of_record
TN:
SF:src/pages/AdminMailOutboxScreen.tsx
FN:36,safeJsonPretty
FN:44,AdminMailOutboxScreen
FN:47,(anonymous_2)
FN:60,(anonymous_3)
FN:68,(anonymous_4)
FN:95,(anonymous_5)
FN:105,(anonymous_6)
FN:122,(anonymous_7)
FN:139,(anonymous_8)
FN:143,(anonymous_9)
FN:144,(anonymous_10)
FN:153,(anonymous_11)
FN:169,(anonymous_12)
FN:169,(anonymous_13)
FN:176,(anonymous_14)
FN:182,(anonymous_15)
FN:194,(anonymous_16)
FN:201,(anonymous_17)
FN:204,(anonymous_18)
FN:234,(anonymous_19)
FN:261,(anonymous_20)
FN:263,(anonymous_21)
FN:287,(anonymous_22)
FN:290,(anonymous_23)
FN:330,(anonymous_24)
FNF:25
FNH:0
FNDA:0,safeJsonPretty
FNDA:0,AdminMailOutboxScreen
FNDA:0,(anonymous_2)
FNDA:0,(anonymous_3)
FNDA:0,(anonymous_4)
FNDA:0,(anonymous_5)
FNDA:0,(anonymous_6)
FNDA:0,(anonymous_7)
FNDA:0,(anonymous_8)
FNDA:0,(anonymous_9)
FNDA:0,(anonymous_10)
FNDA:0,(anonymous_11)
FNDA:0,(anonymous_12)
FNDA:0,(anonymous_13)
FNDA:0,(anonymous_14)
FNDA:0,(anonymous_15)
FNDA:0,(anonymous_16)
FNDA:0,(anonymous_17)
FNDA:0,(anonymous_18)
FNDA:0,(anonymous_19)
FNDA:0,(anonymous_20)
FNDA:0,(anonymous_21)
FNDA:0,(anonymous_22)
FNDA:0,(anonymous_23)
FNDA:0,(anonymous_24)
DA:34,0
DA:37,0
DA:38,0
DA:40,0
DA:45,0
DA:46,0
DA:47,0
DA:48,0
DA:51,0
DA:52,0
DA:53,0
DA:55,0
DA:56,0
DA:59,0
DA:60,0
DA:61,0
DA:68,0
DA:69,0
DA:70,0
DA:71,0
DA:72,0
DA:76,0
DA:79,0
DA:80,0
DA:82,0
DA:83,0
DA:84,0
DA:87,0
DA:94,0
DA:95,0
DA:96,0
DA:98,0
DA:99,0
DA:101,0
DA:105,0
DA:106,0
DA:107,0
DA:108,0
DA:111,0
DA:113,0
DA:114,0
DA:115,0
DA:116,0
DA:118,0
DA:122,0
DA:123,0
DA:124,0
DA:125,0
DA:126,0
DA:127,0
DA:130,0
DA:131,0
DA:132,0
DA:134,0
DA:135,0
DA:139,0
DA:140,0
DA:143,0
DA:144,0
DA:145,0
DA:146,0
DA:148,0
DA:153,0
DA:155,0
DA:169,0
DA:176,0
DA:183,0
DA:188,0
DA:189,0
DA:190,0
DA:195,0
DA:201,0
DA:204,0
DA:235,0
DA:236,0
DA:261,0
DA:263,0
DA:287,0
DA:290,0
DA:330,0
DA:384,0
LF:81
LH:0
BRDA:38,0,0,0
BRDA:38,0,1,0
BRDA:62,1,0,0
BRDA:62,1,1,0
BRDA:68,2,0,0
BRDA:71,3,0,0
BRDA:71,3,1,0
BRDA:80,4,0,0
BRDA:80,4,1,0
BRDA:82,5,0,0
BRDA:82,5,1,0
BRDA:88,6,0,0
BRDA:88,6,1,0
BRDA:89,7,0,0
BRDA:89,7,1,0
BRDA:90,8,0,0
BRDA:90,8,1,0
BRDA:94,9,0,0
BRDA:94,9,1,0
BRDA:95,10,0,0
BRDA:95,10,1,0
BRDA:96,11,0,0
BRDA:96,11,1,0
BRDA:107,12,0,0
BRDA:107,12,1,0
BRDA:107,13,0,0
BRDA:107,13,1,0
BRDA:124,14,0,0
BRDA:124,14,1,0
BRDA:125,15,0,0
BRDA:125,15,1,0
BRDA:195,16,0,0
BRDA:195,16,1,0
BRDA:195,17,0,0
BRDA:195,17,1,0
BRDA:206,18,0,0
BRDA:206,18,1,0
BRDA:207,19,0,0
BRDA:207,19,1,0
BRDA:217,20,0,0
BRDA:217,20,1,0
BRDA:235,21,0,0
BRDA:235,21,1,0
BRDA:238,22,0,0
BRDA:238,22,1,0
BRDA:248,23,0,0
BRDA:248,23,1,0
BRDA:251,24,0,0
BRDA:251,24,1,0
BRDA:257,25,0,0
BRDA:257,25,1,0
BRDA:265,26,0,0
BRDA:265,26,1,0
BRDA:275,27,0,0
BRDA:275,27,1,0
BRDA:275,28,0,0
BRDA:275,28,1,0
BRDA:288,29,0,0
BRDA:288,29,1,0
BRDA:292,30,0,0
BRDA:292,30,1,0
BRDA:292,30,2,0
BRDA:293,31,0,0
BRDA:293,31,1,0
BRDA:337,32,0,0
BRDA:337,32,1,0
BRDA:338,33,0,0
BRDA:338,33,1,0
BRDA:359,34,0,0
BRDA:359,34,1,0
BRF:70
BRH:0
end_of_record
TN:
SF:src/pages/AdminUsersScreen.tsx
FN:50,mergeState
FN:72,AdminUserDetailsDrawerRN
FN:89,(anonymous_2)
FN:113,(anonymous_3)
FN:127,CreateUserModalRN
FN:142,(anonymous_5)
FN:162,(anonymous_6)
FN:166,(anonymous_7)
FN:180,TokenModal
FN:189,(anonymous_9)
FN:221,(anonymous_10)
FN:258,AdminUsersScreen
FN:259,(anonymous_12)
FN:262,(anonymous_13)
FN:263,(anonymous_14)
FN:267,(anonymous_15)
FN:274,(anonymous_16)
FN:283,(anonymous_17)
FN:287,(anonymous_18)
FN:299,(anonymous_19)
FN:307,(anonymous_20)
FN:319,(anonymous_21)
FN:353,(anonymous_22)
FN:372,(anonymous_23)
FN:394,(anonymous_24)
FN:415,(anonymous_25)
FN:433,(anonymous_26)
FN:466,(anonymous_27)
FN:467,(anonymous_28)
FN:504,(anonymous_29)
FN:504,(anonymous_30)
FN:511,(anonymous_31)
FN:520,(anonymous_32)
FN:533,(anonymous_33)
FN:543,(anonymous_34)
FN:546,(anonymous_35)
FN:581,(anonymous_36)
FN:583,(anonymous_37)
FN:595,(anonymous_38)
FN:596,(anonymous_39)
FN:634,(anonymous_40)
FN:635,(anonymous_41)
FN:646,(anonymous_42)
FN:647,(anonymous_43)
FN:658,(anonymous_44)
FN:659,(anonymous_45)
FN:695,(anonymous_46)
FN:698,(anonymous_47)
FN:711,(anonymous_48)
FN:726,(anonymous_49)
FN:730,(anonymous_50)
FN:732,(anonymous_51)
FN:742,(anonymous_52)
FN:753,(anonymous_53)
FN:755,(anonymous_54)
FN:762,(anonymous_55)
FN:764,(anonymous_56)
FN:781,(anonymous_57)
FN:789,(anonymous_58)
FN:794,(anonymous_59)
FNF:60
FNH:0
FNDA:0,mergeState
FNDA:0,AdminUserDetailsDrawerRN
FNDA:0,(anonymous_2)
FNDA:0,(anonymous_3)
FNDA:0,CreateUserModalRN
FNDA:0,(anonymous_5)
FNDA:0,(anonymous_6)
FNDA:0,(anonymous_7)
FNDA:0,TokenModal
FNDA:0,(anonymous_9)
FNDA:0,(anonymous_10)
FNDA:0,AdminUsersScreen
FNDA:0,(anonymous_12)
FNDA:0,(anonymous_13)
FNDA:0,(anonymous_14)
FNDA:0,(anonymous_15)
FNDA:0,(anonymous_16)
FNDA:0,(anonymous_17)
FNDA:0,(anonymous_18)
FNDA:0,(anonymous_19)
FNDA:0,(anonymous_20)
FNDA:0,(anonymous_21)
FNDA:0,(anonymous_22)
FNDA:0,(anonymous_23)
FNDA:0,(anonymous_24)
FNDA:0,(anonymous_25)
FNDA:0,(anonymous_26)
FNDA:0,(anonymous_27)
FNDA:0,(anonymous_28)
FNDA:0,(anonymous_29)
FNDA:0,(anonymous_30)
FNDA:0,(anonymous_31)
FNDA:0,(anonymous_32)
FNDA:0,(anonymous_33)
FNDA:0,(anonymous_34)
FNDA:0,(anonymous_35)
FNDA:0,(anonymous_36)
FNDA:0,(anonymous_37)
FNDA:0,(anonymous_38)
FNDA:0,(anonymous_39)
FNDA:0,(anonymous_40)
FNDA:0,(anonymous_41)
FNDA:0,(anonymous_42)
FNDA:0,(anonymous_43)
FNDA:0,(anonymous_44)
FNDA:0,(anonymous_45)
FNDA:0,(anonymous_46)
FNDA:0,(anonymous_47)
FNDA:0,(anonymous_48)
FNDA:0,(anonymous_49)
FNDA:0,(anonymous_50)
FNDA:0,(anonymous_51)
FNDA:0,(anonymous_52)
FNDA:0,(anonymous_53)
FNDA:0,(anonymous_54)
FNDA:0,(anonymous_55)
FNDA:0,(anonymous_56)
FNDA:0,(anonymous_57)
FNDA:0,(anonymous_58)
FNDA:0,(anonymous_59)
DA:32,0
DA:41,0
DA:51,0
DA:54,0
DA:78,0
DA:80,0
DA:89,0
DA:113,0
DA:132,0
DA:134,0
DA:142,0
DA:163,0
DA:164,0
DA:166,0
DA:186,0
DA:188,0
DA:189,0
DA:190,0
DA:197,0
DA:221,0
DA:259,0
DA:261,0
DA:262,0
DA:263,0
DA:265,0
DA:266,0
DA:267,0
DA:268,0
DA:271,0
DA:272,0
DA:273,0
DA:274,0
DA:275,0
DA:278,0
DA:280,0
DA:281,0
DA:283,0
DA:284,0
DA:285,0
DA:287,0
DA:290,0
DA:291,0
DA:292,0
DA:293,0
DA:296,0
DA:297,0
DA:299,0
DA:300,0
DA:301,0
DA:303,0
DA:307,0
DA:308,0
DA:309,0
DA:310,0
DA:311,0
DA:313,0
DA:314,0
DA:318,0
DA:320,0
DA:322,0
DA:323,0
DA:324,0
DA:325,0
DA:329,0
DA:332,0
DA:333,0
DA:337,0
DA:338,0
DA:339,0
DA:340,0
DA:341,0
DA:344,0
DA:351,0
DA:353,0
DA:354,0
DA:356,0
DA:357,0
DA:358,0
DA:360,0
DA:362,0
DA:363,0
DA:365,0
DA:371,0
DA:373,0
DA:375,0
DA:376,0
DA:377,0
DA:378,0
DA:379,0
DA:383,0
DA:384,0
DA:385,0
DA:386,0
DA:388,0
DA:394,0
DA:395,0
DA:396,0
DA:397,0
DA:398,0
DA:400,0
DA:401,0
DA:402,0
DA:403,0
DA:404,0
DA:405,0
DA:407,0
DA:408,0
DA:410,0
DA:414,0
DA:416,0
DA:418,0
DA:419,0
DA:420,0
DA:421,0
DA:422,0
DA:425,0
DA:434,0
DA:435,0
DA:437,0
DA:439,0
DA:440,0
DA:441,0
DA:442,0
DA:444,0
DA:450,0
DA:452,0
DA:453,0
DA:455,0
DA:466,0
DA:467,0
DA:468,0
DA:469,0
DA:470,0
DA:471,0
DA:472,0
DA:474,0
DA:479,0
DA:480,0
DA:487,0
DA:489,0
DA:504,0
DA:511,0
DA:521,0
DA:526,0
DA:527,0
DA:528,0
DA:534,0
DA:543,0
DA:546,0
DA:581,0
DA:584,0
DA:585,0
DA:586,0
DA:587,0
DA:588,0
DA:589,0
DA:591,0
DA:595,0
DA:596,0
DA:634,0
DA:635,0
DA:646,0
DA:647,0
DA:658,0
DA:659,0
DA:695,0
DA:698,0
DA:711,0
DA:726,0
DA:730,0
DA:732,0
DA:742,0
DA:753,0
DA:756,0
DA:762,0
DA:764,0
DA:781,0
DA:789,0
DA:794,0
DA:800,0
LF:180
LH:0
BRDA:52,0,0,0
BRDA:52,0,1,0
BRDA:52,1,0,0
BRDA:52,1,1,0
BRDA:55,2,0,0
BRDA:55,2,1,0
BRDA:56,3,0,0
BRDA:56,3,1,0
BRDA:58,4,0,0
BRDA:58,4,1,0
BRDA:58,5,0,0
BRDA:58,5,1,0
BRDA:61,6,0,0
BRDA:61,6,1,0
BRDA:96,7,0,0
BRDA:96,7,1,0
BRDA:115,8,0,0
BRDA:115,8,1,0
BRDA:168,9,0,0
BRDA:168,9,1,0
BRDA:191,10,0,0
BRDA:191,10,1,0
BRDA:237,11,0,0
BRDA:237,11,1,0
BRDA:284,12,0,0
BRDA:284,12,1,0
BRDA:310,13,0,0
BRDA:310,13,1,0
BRDA:320,14,0,0
BRDA:320,14,1,0
BRDA:320,15,0,0
BRDA:320,15,1,0
BRDA:324,16,0,0
BRDA:324,16,1,0
BRDA:333,17,0,0
BRDA:333,17,1,0
BRDA:337,18,0,0
BRDA:337,18,1,0
BRDA:345,19,0,0
BRDA:345,19,1,0
BRDA:346,20,0,0
BRDA:346,20,1,0
BRDA:347,21,0,0
BRDA:347,21,1,0
BRDA:351,22,0,0
BRDA:351,22,1,0
BRDA:353,23,0,0
BRDA:353,23,1,0
BRDA:373,24,0,0
BRDA:373,24,1,0
BRDA:376,25,0,0
BRDA:376,25,1,0
BRDA:377,26,0,0
BRDA:377,26,1,0
BRDA:383,27,0,0
BRDA:383,27,1,0
BRDA:383,28,0,0
BRDA:383,28,1,0
BRDA:395,29,0,0
BRDA:395,29,1,0
BRDA:397,30,0,0
BRDA:397,30,1,0
BRDA:398,31,0,0
BRDA:398,31,1,0
BRDA:402,32,0,0
BRDA:402,32,1,0
BRDA:416,33,0,0
BRDA:416,33,1,0
BRDA:418,34,0,0
BRDA:418,34,1,0
BRDA:419,35,0,0
BRDA:419,35,1,0
BRDA:420,36,0,0
BRDA:420,36,1,0
BRDA:439,37,0,0
BRDA:439,37,1,0
BRDA:440,38,0,0
BRDA:440,38,1,0
BRDA:479,39,0,0
BRDA:479,39,1,0
BRDA:548,40,0,0
BRDA:548,40,1,0
BRDA:549,41,0,0
BRDA:549,41,1,0
BRDA:560,42,0,0
BRDA:560,42,1,0
BRDA:584,43,0,0
BRDA:584,43,1,0
BRDA:585,44,0,0
BRDA:585,44,1,0
BRDA:586,45,0,0
BRDA:586,45,1,0
BRDA:587,46,0,0
BRDA:587,46,1,0
BRDA:588,47,0,0
BRDA:588,47,1,0
BRDA:589,48,0,0
BRDA:589,48,1,0
BRDA:598,49,0,0
BRDA:598,49,1,0
BRDA:637,50,0,0
BRDA:637,50,1,0
BRDA:649,51,0,0
BRDA:649,51,1,0
BRDA:661,52,0,0
BRDA:661,52,1,0
BRDA:681,53,0,0
BRDA:681,53,1,0
BRDA:681,54,0,0
BRDA:681,54,1,0
BRDA:696,55,0,0
BRDA:696,55,1,0
BRDA:700,56,0,0
BRDA:700,56,1,0
BRDA:700,56,2,0
BRDA:701,57,0,0
BRDA:701,57,1,0
BRDA:713,58,0,0
BRDA:713,58,1,0
BRDA:714,59,0,0
BRDA:714,59,1,0
BRDA:737,60,0,0
BRDA:737,60,1,0
BRDA:766,61,0,0
BRDA:766,61,1,0
BRDA:767,62,0,0
BRDA:767,62,1,0
BRF:127
BRH:0
end_of_record
TN:
SF:src/pages/AuthForgotPasswordScreen.tsx
FN:40,looksLikeEmail
FN:44,AuthForgotPasswordScreen
FN:55,(anonymous_2)
FN:63,(anonymous_3)
FN:71,(anonymous_4)
FN:84,(anonymous_5)
FN:85,(anonymous_6)
FN:102,(anonymous_7)
FN:106,(anonymous_8)
FN:118,(anonymous_9)
FN:124,(anonymous_10)
FN:198,(anonymous_11)
FN:211,(anonymous_12)
FN:217,(anonymous_13)
FN:220,(anonymous_14)
FN:230,(anonymous_15)
FN:233,(anonymous_16)
FN:253,(anonymous_17)
FN:290,(anonymous_18)
FN:309,(anonymous_19)
FN:310,(anonymous_20)
FN:321,(anonymous_21)
FNF:22
FNH:17
FNDA:19,looksLikeEmail
FNDA:98,AuthForgotPasswordScreen
FNDA:39,(anonymous_2)
FNDA:41,(anonymous_3)
FNDA:28,(anonymous_4)
FNDA:31,(anonymous_5)
FNDA:31,(anonymous_6)
FNDA:3,(anonymous_7)
FNDA:2,(anonymous_8)
FNDA:1,(anonymous_9)
FNDA:21,(anonymous_10)
FNDA:21,(anonymous_11)
FNDA:1,(anonymous_12)
FNDA:1,(anonymous_13)
FNDA:0,(anonymous_14)
FNDA:20,(anonymous_15)
FNDA:0,(anonymous_16)
FNDA:1,(anonymous_17)
FNDA:0,(anonymous_18)
FNDA:2,(anonymous_19)
FNDA:0,(anonymous_20)
FNDA:0,(anonymous_21)
DA:34,2
DA:41,19
DA:45,98
DA:47,98
DA:48,98
DA:51,98
DA:52,98
DA:54,98
DA:55,98
DA:56,39
DA:63,98
DA:64,41
DA:65,41
DA:67,1
DA:71,98
DA:72,28
DA:73,28
DA:74,28
DA:75,2
DA:76,1
DA:78,1
DA:79,1
DA:84,98
DA:85,31
DA:86,31
DA:87,31
DA:88,30
DA:89,2
DA:90,2
DA:91,2
DA:94,28
DA:95,28
DA:97,1
DA:102,98
DA:103,3
DA:106,98
DA:107,2
DA:108,2
DA:109,2
DA:110,2
DA:112,1
DA:114,2
DA:118,98
DA:119,1
DA:121,1
DA:124,98
DA:125,21
DA:127,20
DA:128,20
DA:129,20
DA:130,20
DA:131,1
DA:132,1
DA:136,19
DA:137,1
DA:138,1
DA:142,18
DA:143,18
DA:145,18
DA:147,18
DA:149,17
DA:150,5
DA:151,5
DA:153,5
DA:154,5
DA:155,5
DA:158,12
DA:159,10
DA:164,10
DA:166,2
DA:172,1
DA:173,1
DA:175,20
DA:179,98
DA:199,21
DA:200,21
DA:211,1
DA:217,1
DA:220,0
DA:230,20
DA:233,0
DA:253,1
DA:290,0
DA:309,2
DA:310,0
DA:321,0
DA:339,2
LF:87
LH:82
BRDA:57,0,0,5
BRDA:57,0,1,34
BRDA:74,1,0,26
BRDA:74,1,1,2
BRDA:76,2,0,1
BRDA:76,2,1,0
BRDA:87,3,0,31
BRDA:87,3,1,28
BRDA:88,4,0,2
BRDA:88,4,1,28
BRDA:95,5,0,1
BRDA:95,5,1,27
BRDA:108,6,0,2
BRDA:108,6,1,0
BRDA:109,7,0,0
BRDA:109,7,1,2
BRDA:119,8,0,1
BRDA:119,8,1,0
BRDA:125,9,0,1
BRDA:125,9,1,20
BRDA:129,10,0,20
BRDA:129,10,1,1
BRDA:130,11,0,1
BRDA:130,11,1,19
BRDA:136,12,0,1
BRDA:136,12,1,18
BRDA:142,13,0,18
BRDA:142,13,1,0
BRDA:149,14,0,5
BRDA:149,14,1,12
BRDA:158,15,0,10
BRDA:158,15,1,2
BRDA:161,16,0,10
BRDA:161,16,1,9
BRDA:168,17,0,2
BRDA:168,17,1,1
BRDA:182,18,0,98
BRDA:182,18,1,0
BRDA:209,19,0,98
BRDA:209,19,1,20
BRDA:222,20,0,0
BRDA:222,20,1,0
BRDA:223,21,0,0
BRDA:223,21,1,0
BRDA:235,22,0,0
BRDA:235,22,1,0
BRDA:236,23,0,0
BRDA:236,23,1,0
BRDA:239,24,0,20
BRDA:239,24,1,78
BRDA:304,25,0,98
BRDA:304,25,1,90
BRDA:312,26,0,0
BRDA:312,26,1,0
BRDA:323,27,0,0
BRDA:323,27,1,0
BRF:56
BRH:38
end_of_record
TN:
SF:src/pages/AuthLoginScreen.tsx
FN:24,looksLikeEmail
FN:29,AuthLoginScreen
FN:39,(anonymous_2)
FN:50,(anonymous_3)
FN:68,(anonymous_4)
FN:108,(anonymous_5)
FN:109,(anonymous_6)
FN:146,(anonymous_7)
FN:159,(anonymous_8)
FN:166,(anonymous_9)
FN:168,(anonymous_10)
FN:181,(anonymous_11)
FN:187,(anonymous_12)
FN:190,(anonymous_13)
FN:209,(anonymous_14)
FNF:15
FNH:0
FNDA:0,looksLikeEmail
FNDA:0,AuthLoginScreen
FNDA:0,(anonymous_2)
FNDA:0,(anonymous_3)
FNDA:0,(anonymous_4)
FNDA:0,(anonymous_5)
FNDA:0,(anonymous_6)
FNDA:0,(anonymous_7)
FNDA:0,(anonymous_8)
FNDA:0,(anonymous_9)
FNDA:0,(anonymous_10)
FNDA:0,(anonymous_11)
FNDA:0,(anonymous_12)
FNDA:0,(anonymous_13)
FNDA:0,(anonymous_14)
DA:19,0
DA:20,0
DA:25,0
DA:26,0
DA:30,0
DA:32,0
DA:33,0
DA:34,0
DA:37,0
DA:39,0
DA:40,0
DA:41,0
DA:42,0
DA:43,0
DA:44,0
DA:46,0
DA:50,0
DA:51,0
DA:52,0
DA:53,0
DA:54,0
DA:55,0
DA:57,0
DA:63,0
DA:64,0
DA:68,0
DA:69,0
DA:71,0
DA:72,0
DA:73,0
DA:74,0
DA:76,0
DA:77,0
DA:78,0
DA:80,0
DA:81,0
DA:82,0
DA:84,0
DA:85,0
DA:86,0
DA:89,0
DA:91,0
DA:92,0
DA:93,0
DA:99,0
DA:101,0
DA:102,0
DA:104,0
DA:108,0
DA:109,0
DA:110,0
DA:112,0
DA:113,0
DA:114,0
DA:115,0
DA:119,0
DA:120,0
DA:121,0
DA:122,0
DA:125,0
DA:131,0
DA:147,0
DA:148,0
DA:159,0
DA:166,0
DA:169,0
DA:170,0
DA:181,0
DA:187,0
DA:190,0
DA:209,0
DA:230,0
LF:72
LH:0
BRDA:25,0,0,0
BRDA:25,0,1,0
BRDA:26,1,0,0
BRDA:26,1,1,0
BRDA:26,1,2,0
BRDA:42,2,0,0
BRDA:42,2,1,0
BRDA:53,3,0,0
BRDA:53,3,1,0
BRDA:55,4,0,0
BRDA:55,4,1,0
BRDA:55,5,0,0
BRDA:55,5,1,0
BRDA:58,6,0,0
BRDA:58,6,1,0
BRDA:60,7,0,0
BRDA:60,7,1,0
BRDA:69,8,0,0
BRDA:69,8,1,0
BRDA:73,9,0,0
BRDA:73,9,1,0
BRDA:74,10,0,0
BRDA:74,10,1,0
BRDA:76,11,0,0
BRDA:76,11,1,0
BRDA:80,12,0,0
BRDA:80,12,1,0
BRDA:84,13,0,0
BRDA:84,13,1,0
BRDA:91,14,0,0
BRDA:91,14,1,0
BRDA:112,15,0,0
BRDA:112,15,1,0
BRDA:113,16,0,0
BRDA:113,16,1,0
BRDA:113,17,0,0
BRDA:113,17,1,0
BRDA:120,18,0,0
BRDA:120,18,1,0
BRDA:121,19,0,0
BRDA:121,19,1,0
BRDA:121,20,0,0
BRDA:121,20,1,0
BRDA:122,21,0,0
BRDA:122,21,1,0
BRDA:122,22,0,0
BRDA:122,22,1,0
BRDA:134,23,0,0
BRDA:134,23,1,0
BRDA:157,24,0,0
BRDA:157,24,1,0
BRDA:179,25,0,0
BRDA:179,25,1,0
BRDA:192,26,0,0
BRDA:192,26,1,0
BRDA:193,27,0,0
BRDA:193,27,1,0
BRDA:196,28,0,0
BRDA:196,28,1,0
BRDA:213,29,0,0
BRDA:213,29,1,0
BRF:61
BRH:0
end_of_record
TN:
SF:src/pages/AuthResetPasswordScreen.tsx
FN:31,analyzePassword
FN:45,AuthResetPasswordScreen
FN:59,(anonymous_2)
FN:63,(anonymous_3)
FN:68,(anonymous_4)
FN:73,(anonymous_5)
FN:77,(anonymous_6)
FN:84,(anonymous_7)
FN:88,(anonymous_8)
FN:97,(anonymous_9)
FN:110,(anonymous_10)
FN:148,(anonymous_11)
FN:190,(anonymous_12)
FN:191,(anonymous_13)
FN:210,(anonymous_14)
FN:211,(anonymous_15)
FN:255,(anonymous_16)
FN:301,(anonymous_17)
FN:323,(anonymous_18)
FN:326,(anonymous_19)
FN:336,(anonymous_20)
FN:339,(anonymous_21)
FN:358,(anonymous_22)
FN:373,ChecklistRow
FNF:24
FNH:0
FNDA:0,analyzePassword
FNDA:0,AuthResetPasswordScreen
FNDA:0,(anonymous_2)
FNDA:0,(anonymous_3)
FNDA:0,(anonymous_4)
FNDA:0,(anonymous_5)
FNDA:0,(anonymous_6)
FNDA:0,(anonymous_7)
FNDA:0,(anonymous_8)
FNDA:0,(anonymous_9)
FNDA:0,(anonymous_10)
FNDA:0,(anonymous_11)
FNDA:0,(anonymous_12)
FNDA:0,(anonymous_13)
FNDA:0,(anonymous_14)
FNDA:0,(anonymous_15)
FNDA:0,(anonymous_16)
FNDA:0,(anonymous_17)
FNDA:0,(anonymous_18)
FNDA:0,(anonymous_19)
FNDA:0,(anonymous_20)
FNDA:0,(anonymous_21)
FNDA:0,(anonymous_22)
FNDA:0,ChecklistRow
DA:25,0
DA:26,0
DA:32,0
DA:33,0
DA:46,0
DA:47,0
DA:49,0
DA:52,0
DA:53,0
DA:55,0
DA:56,0
DA:58,0
DA:59,0
DA:62,0
DA:63,0
DA:67,0
DA:68,0
DA:72,0
DA:73,0
DA:77,0
DA:78,0
DA:79,0
DA:80,0
DA:83,0
DA:84,0
DA:88,0
DA:89,0
DA:90,0
DA:91,0
DA:93,0
DA:97,0
DA:98,0
DA:99,0
DA:100,0
DA:101,0
DA:102,0
DA:104,0
DA:105,0
DA:109,0
DA:114,0
DA:115,0
DA:117,0
DA:118,0
DA:119,0
DA:120,0
DA:123,0
DA:128,0
DA:131,0
DA:133,0
DA:134,0
DA:135,0
DA:137,0
DA:138,0
DA:141,0
DA:142,0
DA:148,0
DA:149,0
DA:151,0
DA:152,0
DA:153,0
DA:154,0
DA:155,0
DA:156,0
DA:159,0
DA:160,0
DA:164,0
DA:167,0
DA:169,0
DA:170,0
DA:174,0
DA:176,0
DA:182,0
DA:183,0
DA:185,0
DA:190,0
DA:191,0
DA:192,0
DA:193,0
DA:194,0
DA:195,0
DA:196,0
DA:200,0
DA:202,0
DA:209,0
DA:210,0
DA:211,0
DA:212,0
DA:214,0
DA:215,0
DA:217,0
DA:218,0
DA:219,0
DA:221,0
DA:223,0
DA:228,0
DA:256,0
DA:257,0
DA:301,0
DA:323,0
DA:326,0
DA:336,0
DA:339,0
DA:358,0
DA:374,0
DA:375,0
DA:385,0
LF:106
LH:0
BRDA:32,0,0,0
BRDA:32,0,1,0
BRDA:39,1,0,0
BRDA:39,1,1,0
BRDA:39,2,0,0
BRDA:39,2,1,0
BRDA:59,3,0,0
BRDA:59,3,1,0
BRDA:63,4,0,0
BRDA:63,4,1,0
BRDA:68,5,0,0
BRDA:68,5,1,0
BRDA:73,6,0,0
BRDA:73,6,1,0
BRDA:73,6,2,0
BRDA:73,6,3,0
BRDA:78,7,0,0
BRDA:78,7,1,0
BRDA:79,8,0,0
BRDA:79,8,1,0
BRDA:100,9,0,0
BRDA:100,9,1,0
BRDA:102,10,0,0
BRDA:102,10,1,0
BRDA:115,11,0,0
BRDA:115,11,1,0
BRDA:117,12,0,0
BRDA:117,12,1,0
BRDA:119,13,0,0
BRDA:119,13,1,0
BRDA:134,14,0,0
BRDA:134,14,1,0
BRDA:134,15,0,0
BRDA:134,15,1,0
BRDA:137,16,0,0
BRDA:137,16,1,0
BRDA:149,17,0,0
BRDA:149,17,1,0
BRDA:149,18,0,0
BRDA:149,18,1,0
BRDA:153,19,0,0
BRDA:153,19,1,0
BRDA:154,20,0,0
BRDA:154,20,1,0
BRDA:159,21,0,0
BRDA:159,21,1,0
BRDA:159,22,0,0
BRDA:159,22,1,0
BRDA:169,23,0,0
BRDA:169,23,1,0
BRDA:178,24,0,0
BRDA:178,24,1,0
BRDA:193,25,0,0
BRDA:193,25,1,0
BRDA:193,26,0,0
BRDA:193,26,1,0
BRDA:195,27,0,0
BRDA:195,27,1,0
BRDA:214,28,0,0
BRDA:214,28,1,0
BRDA:217,29,0,0
BRDA:217,29,1,0
BRDA:231,30,0,0
BRDA:231,30,1,0
BRDA:240,31,0,0
BRDA:240,31,1,0
BRDA:250,32,0,0
BRDA:250,32,1,0
BRDA:264,33,0,0
BRDA:264,33,1,0
BRDA:282,34,0,0
BRDA:282,34,1,0
BRDA:299,35,0,0
BRDA:299,35,1,0
BRDA:328,36,0,0
BRDA:328,36,1,0
BRDA:329,37,0,0
BRDA:329,37,1,0
BRDA:341,38,0,0
BRDA:341,38,1,0
BRDA:342,39,0,0
BRDA:342,39,1,0
BRDA:345,40,0,0
BRDA:345,40,1,0
BRDA:362,41,0,0
BRDA:362,41,1,0
BRDA:377,42,0,0
BRDA:377,42,1,0
BRDA:378,43,0,0
BRDA:378,43,1,0
BRF:90
BRH:0
end_of_record
TN:
SF:src/pages/DashboardDevicesScreen.tsx
FN:40,DashboardDevicesScreen
FN:80,(anonymous_1)
FN:113,(anonymous_2)
FN:116,(anonymous_3)
FN:134,(anonymous_4)
FN:141,(anonymous_5)
FN:148,(anonymous_6)
FN:168,(anonymous_7)
FN:188,(anonymous_8)
FN:202,(anonymous_9)
FN:229,(anonymous_10)
FN:253,(anonymous_11)
FN:261,(anonymous_12)
FN:272,(anonymous_13)
FN:324,(anonymous_14)
FN:330,(anonymous_15)
FN:375,(anonymous_16)
FN:379,(anonymous_17)
FN:393,(anonymous_18)
FN:410,(anonymous_19)
FN:423,(anonymous_20)
FN:432,(anonymous_21)
FN:441,(anonymous_22)
FN:450,(anonymous_23)
FN:463,(anonymous_24)
FN:472,(anonymous_25)
FN:481,(anonymous_26)
FN:507,(anonymous_27)
FN:519,(anonymous_28)
FN:520,(anonymous_29)
FN:535,(anonymous_30)
FN:536,(anonymous_31)
FN:546,(anonymous_32)
FN:547,(anonymous_33)
FN:561,(anonymous_34)
FN:562,(anonymous_35)
FN:572,(anonymous_36)
FN:573,(anonymous_37)
FN:584,(anonymous_38)
FN:585,(anonymous_39)
FN:596,(anonymous_40)
FN:597,(anonymous_41)
FN:606,(anonymous_42)
FN:607,(anonymous_43)
FN:616,(anonymous_44)
FN:617,(anonymous_45)
FN:626,(anonymous_46)
FN:627,(anonymous_47)
FN:636,(anonymous_48)
FN:637,(anonymous_49)
FN:646,(anonymous_50)
FN:647,(anonymous_51)
FN:655,(anonymous_52)
FN:661,(anonymous_53)
FNF:54
FNH:0
FNDA:0,DashboardDevicesScreen
FNDA:0,(anonymous_1)
FNDA:0,(anonymous_2)
FNDA:0,(anonymous_3)
FNDA:0,(anonymous_4)
FNDA:0,(anonymous_5)
FNDA:0,(anonymous_6)
FNDA:0,(anonymous_7)
FNDA:0,(anonymous_8)
FNDA:0,(anonymous_9)
FNDA:0,(anonymous_10)
FNDA:0,(anonymous_11)
FNDA:0,(anonymous_12)
FNDA:0,(anonymous_13)
FNDA:0,(anonymous_14)
FNDA:0,(anonymous_15)
FNDA:0,(anonymous_16)
FNDA:0,(anonymous_17)
FNDA:0,(anonymous_18)
FNDA:0,(anonymous_19)
FNDA:0,(anonymous_20)
FNDA:0,(anonymous_21)
FNDA:0,(anonymous_22)
FNDA:0,(anonymous_23)
FNDA:0,(anonymous_24)
FNDA:0,(anonymous_25)
FNDA:0,(anonymous_26)
FNDA:0,(anonymous_27)
FNDA:0,(anonymous_28)
FNDA:0,(anonymous_29)
FNDA:0,(anonymous_30)
FNDA:0,(anonymous_31)
FNDA:0,(anonymous_32)
FNDA:0,(anonymous_33)
FNDA:0,(anonymous_34)
FNDA:0,(anonymous_35)
FNDA:0,(anonymous_36)
FNDA:0,(anonymous_37)
FNDA:0,(anonymous_38)
FNDA:0,(anonymous_39)
FNDA:0,(anonymous_40)
FNDA:0,(anonymous_41)
FNDA:0,(anonymous_42)
FNDA:0,(anonymous_43)
FNDA:0,(anonymous_44)
FNDA:0,(anonymous_45)
FNDA:0,(anonymous_46)
FNDA:0,(anonymous_47)
FNDA:0,(anonymous_48)
FNDA:0,(anonymous_49)
FNDA:0,(anonymous_50)
FNDA:0,(anonymous_51)
FNDA:0,(anonymous_52)
FNDA:0,(anonymous_53)
DA:29,0
DA:35,0
DA:41,0
DA:44,0
DA:45,0
DA:46,0
DA:47,0
DA:48,0
DA:49,0
DA:50,0
DA:53,0
DA:54,0
DA:57,0
DA:58,0
DA:61,0
DA:62,0
DA:63,0
DA:74,0
DA:79,0
DA:81,0
DA:82,0
DA:83,0
DA:85,0
DA:87,0
DA:89,0
DA:96,0
DA:97,0
DA:99,0
DA:100,0
DA:102,0
DA:103,0
DA:106,0
DA:108,0
DA:109,0
DA:112,0
DA:113,0
DA:115,0
DA:116,0
DA:118,0
DA:119,0
DA:121,0
DA:122,0
DA:124,0
DA:125,0
DA:134,0
DA:135,0
DA:141,0
DA:142,0
DA:148,0
DA:149,0
DA:150,0
DA:161,0
DA:162,0
DA:168,0
DA:169,0
DA:170,0
DA:181,0
DA:182,0
DA:188,0
DA:189,0
DA:191,0
DA:192,0
DA:195,0
DA:196,0
DA:202,0
DA:203,0
DA:205,0
DA:206,0
DA:208,0
DA:209,0
DA:210,0
DA:212,0
DA:213,0
DA:216,0
DA:217,0
DA:219,0
DA:220,0
DA:222,0
DA:229,0
DA:230,0
DA:235,0
DA:237,0
DA:238,0
DA:239,0
DA:240,0
DA:241,0
DA:243,0
DA:244,0
DA:246,0
DA:253,0
DA:254,0
DA:255,0
DA:261,0
DA:262,0
DA:263,0
DA:264,0
DA:265,0
DA:266,0
DA:272,0
DA:273,0
DA:324,0
DA:330,0
DA:338,0
DA:375,0
DA:379,0
DA:393,0
DA:410,0
DA:423,0
DA:432,0
DA:441,0
DA:450,0
DA:463,0
DA:472,0
DA:481,0
DA:507,0
DA:520,0
DA:536,0
DA:547,0
DA:562,0
DA:573,0
DA:585,0
DA:597,0
DA:607,0
DA:617,0
DA:627,0
DA:637,0
DA:647,0
DA:655,0
DA:661,0
DA:676,0
LF:130
LH:0
BRDA:80,0,0,0
BRDA:82,1,0,0
BRDA:82,1,1,0
BRDA:96,2,0,0
BRDA:96,2,1,0
BRDA:99,3,0,0
BRDA:99,3,1,0
BRDA:102,4,0,0
BRDA:102,4,1,0
BRDA:174,5,0,0
BRDA:174,5,1,0
BRDA:175,6,0,0
BRDA:175,6,1,0
BRDA:176,7,0,0
BRDA:176,7,1,0
BRDA:177,8,0,0
BRDA:177,8,1,0
BRDA:178,9,0,0
BRDA:178,9,1,0
BRDA:179,10,0,0
BRDA:179,10,1,0
BRDA:191,11,0,0
BRDA:191,11,1,0
BRDA:203,12,0,0
BRDA:203,12,1,0
BRDA:208,13,0,0
BRDA:208,13,1,0
BRDA:235,14,0,0
BRDA:235,14,1,0
BRDA:279,15,0,0
BRDA:279,15,1,0
BRDA:280,16,0,0
BRDA:280,16,1,0
BRDA:281,17,0,0
BRDA:281,17,1,0
BRDA:292,18,0,0
BRDA:292,18,1,0
BRDA:299,19,0,0
BRDA:299,19,1,0
BRDA:306,20,0,0
BRDA:306,20,1,0
BRDA:313,21,0,0
BRDA:313,21,1,0
BRDA:386,22,0,0
BRDA:386,22,1,0
BRDA:388,23,0,0
BRDA:388,23,1,0
BRDA:388,24,0,0
BRDA:388,24,1,0
BRDA:421,25,0,0
BRDA:421,25,1,0
BRDA:430,26,0,0
BRDA:430,26,1,0
BRDA:439,27,0,0
BRDA:439,27,1,0
BRDA:448,28,0,0
BRDA:448,28,1,0
BRDA:461,29,0,0
BRDA:461,29,1,0
BRDA:470,30,0,0
BRDA:470,30,1,0
BRDA:479,31,0,0
BRDA:479,31,1,0
BRDA:512,32,0,0
BRDA:512,32,1,0
BRDA:517,33,0,0
BRDA:517,33,1,0
BRDA:524,34,0,0
BRDA:524,34,1,0
BRDA:533,35,0,0
BRDA:533,35,1,0
BRDA:544,36,0,0
BRDA:544,36,1,0
BRDA:559,37,0,0
BRDA:559,37,1,0
BRDA:570,38,0,0
BRDA:570,38,1,0
BRDA:581,39,0,0
BRDA:581,39,1,0
BRDA:665,40,0,0
BRDA:665,40,1,0
BRF:81
BRH:0
end_of_record
TN:
SF:src/pages/DashboardProjectsScreen.tsx
FN:13,DashboardProjectsScreen
FN:38,(anonymous_1)
FN:42,(anonymous_2)
FN:45,(anonymous_3)
FN:79,(anonymous_4)
FN:104,(anonymous_5)
FN:109,(anonymous_6)
FN:132,(anonymous_7)
FN:135,(anonymous_8)
FNF:9
FNH:0
FNDA:0,DashboardProjectsScreen
FNDA:0,(anonymous_1)
FNDA:0,(anonymous_2)
FNDA:0,(anonymous_3)
FNDA:0,(anonymous_4)
FNDA:0,(anonymous_5)
FNDA:0,(anonymous_6)
FNDA:0,(anonymous_7)
FNDA:0,(anonymous_8)
DA:15,0
DA:17,0
DA:38,0
DA:42,0
DA:45,0
DA:80,0
DA:81,0
DA:109,0
DA:132,0
DA:135,0
DA:148,0
LF:11
LH:0
BRDA:47,0,0,0
BRDA:47,0,1,0
BRDA:48,1,0,0
BRDA:48,1,1,0
BRDA:61,2,0,0
BRDA:61,2,1,0
BRDA:80,3,0,0
BRDA:80,3,1,0
BRDA:87,4,0,0
BRDA:87,4,1,0
BRDA:90,5,0,0
BRDA:90,5,1,0
BRDA:93,6,0,0
BRDA:93,6,1,0
BRDA:96,7,0,0
BRDA:96,7,1,0
BRDA:99,8,0,0
BRDA:99,8,1,0
BRDA:111,9,0,0
BRDA:111,9,1,0
BRDA:121,10,0,0
BRDA:121,10,1,0
BRDA:121,11,0,0
BRDA:121,11,1,0
BRDA:123,12,0,0
BRDA:123,12,1,0
BRDA:133,13,0,0
BRDA:133,13,1,0
BRDA:137,14,0,0
BRDA:137,14,1,0
BRDA:137,14,2,0
BRDA:138,15,0,0
BRDA:138,15,1,0
BRF:33
BRH:0
end_of_record
TN:
SF:src/pages/DashboardScreen.tsx
FN:11,DashboardHome
FN:22,DashboardScreen
FN:26,(anonymous_2)
FN:35,(anonymous_3)
FN:43,(anonymous_4)
FN:48,(anonymous_5)
FN:65,(anonymous_6)
FN:78,(anonymous_7)
FNF:8
FNH:0
FNDA:0,DashboardHome
FNDA:0,DashboardScreen
FNDA:0,(anonymous_2)
FNDA:0,(anonymous_3)
FNDA:0,(anonymous_4)
FNDA:0,(anonymous_5)
FNDA:0,(anonymous_6)
FNDA:0,(anonymous_7)
DA:12,0
DA:23,0
DA:26,0
DA:27,0
DA:29,0
DA:31,0
DA:35,0
DA:36,0
DA:37,0
DA:39,0
DA:43,0
DA:45,0
DA:48,0
DA:49,0
DA:52,0
DA:65,0
DA:78,0
DA:91,0
LF:18
LH:0
BRDA:29,0,0,0
BRDA:29,0,1,0
BRDA:37,1,0,0
BRDA:37,1,1,0
BRDA:61,2,0,0
BRDA:61,2,1,0
BRDA:67,3,0,0
BRDA:67,3,1,0
BRDA:74,4,0,0
BRDA:74,4,1,0
BRDA:80,5,0,0
BRDA:80,5,1,0
BRF:12
BRH:0
end_of_record
TN:
SF:src/pages/DashboardTestsScreen.tsx
FN:51,safeTrim
FN:55,normId
FN:66,normalizeTask
FN:98,mockTasks
FN:121,useDashboardTasksPageInline
FN:136,(anonymous_5)
FN:136,(anonymous_6)
FN:141,(anonymous_7)
FN:174,(anonymous_8)
FN:180,(anonymous_9)
FN:202,(anonymous_10)
FN:208,(anonymous_11)
FN:210,(anonymous_12)
FN:213,(anonymous_13)
FN:230,(anonymous_14)
FN:240,(anonymous_15)
FN:248,(anonymous_16)
FN:249,(anonymous_17)
FN:264,DashboardTasksScreen
FN:288,(anonymous_19)
FN:292,(anonymous_20)
FN:295,(anonymous_21)
FN:326,(anonymous_22)
FN:363,(anonymous_23)
FN:367,(anonymous_24)
FN:390,(anonymous_25)
FN:393,(anonymous_26)
FNF:27
FNH:0
FNDA:0,safeTrim
FNDA:0,normId
FNDA:0,normalizeTask
FNDA:0,mockTasks
FNDA:0,useDashboardTasksPageInline
FNDA:0,(anonymous_5)
FNDA:0,(anonymous_6)
FNDA:0,(anonymous_7)
FNDA:0,(anonymous_8)
FNDA:0,(anonymous_9)
FNDA:0,(anonymous_10)
FNDA:0,(anonymous_11)
FNDA:0,(anonymous_12)
FNDA:0,(anonymous_13)
FNDA:0,(anonymous_14)
FNDA:0,(anonymous_15)
FNDA:0,(anonymous_16)
FNDA:0,(anonymous_17)
FNDA:0,DashboardTasksScreen
FNDA:0,(anonymous_19)
FNDA:0,(anonymous_20)
FNDA:0,(anonymous_21)
FNDA:0,(anonymous_22)
FNDA:0,(anonymous_23)
FNDA:0,(anonymous_24)
FNDA:0,(anonymous_25)
FNDA:0,(anonymous_26)
DA:44,0
DA:52,0
DA:56,0
DA:57,0
DA:59,0
DA:62,0
DA:63,0
DA:67,0
DA:68,0
DA:71,0
DA:72,0
DA:74,0
DA:77,0
DA:78,0
DA:79,0
DA:81,0
DA:82,0
DA:83,0
DA:85,0
DA:99,0
DA:100,0
DA:101,0
DA:102,0
DA:114,0
DA:122,0
DA:124,0
DA:125,0
DA:127,0
DA:128,0
DA:129,0
DA:131,0
DA:132,0
DA:133,0
DA:135,0
DA:136,0
DA:140,0
DA:144,0
DA:146,0
DA:147,0
DA:149,0
DA:150,0
DA:151,0
DA:153,0
DA:160,0
DA:161,0
DA:165,0
DA:169,0
DA:170,0
DA:171,0
DA:174,0
DA:175,0
DA:176,0
DA:177,0
DA:180,0
DA:181,0
DA:182,0
DA:183,0
DA:185,0
DA:188,0
DA:191,0
DA:193,0
DA:195,0
DA:196,0
DA:199,0
DA:200,0
DA:204,0
DA:205,0
DA:208,0
DA:209,0
DA:210,0
DA:211,0
DA:213,0
DA:214,0
DA:215,0
DA:217,0
DA:218,0
DA:219,0
DA:220,0
DA:223,0
DA:229,0
DA:231,0
DA:232,0
DA:233,0
DA:235,0
DA:240,0
DA:241,0
DA:242,0
DA:243,0
DA:245,0
DA:248,0
DA:249,0
DA:250,0
DA:252,0
DA:253,0
DA:255,0
DA:261,0
DA:266,0
DA:268,0
DA:288,0
DA:292,0
DA:295,0
DA:327,0
DA:328,0
DA:367,0
DA:390,0
DA:393,0
DA:406,0
LF:107
LH:0
BRDA:52,0,0,0
BRDA:52,0,1,0
BRDA:56,1,0,0
BRDA:56,1,1,0
BRDA:57,2,0,0
BRDA:57,2,1,0
BRDA:59,3,0,0
BRDA:59,3,1,0
BRDA:59,4,0,0
BRDA:59,4,1,0
BRDA:62,5,0,0
BRDA:62,5,1,0
BRDA:62,6,0,0
BRDA:62,6,1,0
BRDA:63,7,0,0
BRDA:63,7,1,0
BRDA:63,7,2,0
BRDA:63,7,3,0
BRDA:63,7,4,0
BRDA:68,8,0,0
BRDA:68,8,1,0
BRDA:71,9,0,0
BRDA:71,9,1,0
BRDA:71,10,0,0
BRDA:71,10,1,0
BRDA:71,10,2,0
BRDA:71,10,3,0
BRDA:72,11,0,0
BRDA:72,11,1,0
BRDA:72,12,0,0
BRDA:72,12,1,0
BRDA:72,12,2,0
BRDA:74,13,0,0
BRDA:74,13,1,0
BRDA:74,14,0,0
BRDA:74,14,1,0
BRDA:74,14,2,0
BRDA:77,15,0,0
BRDA:77,15,1,0
BRDA:77,16,0,0
BRDA:77,16,1,0
BRDA:78,17,0,0
BRDA:78,17,1,0
BRDA:79,18,0,0
BRDA:79,18,1,0
BRDA:79,19,0,0
BRDA:79,19,1,0
BRDA:81,20,0,0
BRDA:81,20,1,0
BRDA:82,21,0,0
BRDA:82,21,1,0
BRDA:83,22,0,0
BRDA:83,22,1,0
BRDA:151,23,0,0
BRDA:151,23,1,0
BRDA:151,24,0,0
BRDA:151,24,1,0
BRDA:156,25,0,0
BRDA:156,25,1,0
BRDA:157,26,0,0
BRDA:157,26,1,0
BRDA:160,27,0,0
BRDA:160,27,1,0
BRDA:161,28,0,0
BRDA:161,28,1,0
BRDA:169,29,0,0
BRDA:169,29,1,0
BRDA:175,30,0,0
BRDA:175,30,1,0
BRDA:181,31,0,0
BRDA:181,31,1,0
BRDA:183,32,0,0
BRDA:183,32,1,0
BRDA:191,33,0,0
BRDA:191,33,1,0
BRDA:193,34,0,0
BRDA:193,34,1,0
BRDA:199,35,0,0
BRDA:199,35,1,0
BRDA:200,36,0,0
BRDA:200,36,1,0
BRDA:220,37,0,0
BRDA:220,37,1,0
BRDA:230,38,0,0
BRDA:231,39,0,0
BRDA:231,39,1,0
BRDA:235,40,0,0
BRDA:235,40,1,0
BRDA:241,41,0,0
BRDA:241,41,1,0
BRDA:297,42,0,0
BRDA:297,42,1,0
BRDA:298,43,0,0
BRDA:298,43,1,0
BRDA:307,44,0,0
BRDA:307,44,1,0
BRDA:327,45,0,0
BRDA:327,45,1,0
BRDA:334,46,0,0
BRDA:334,46,1,0
BRDA:340,47,0,0
BRDA:340,47,1,0
BRDA:346,48,0,0
BRDA:346,48,1,0
BRDA:349,49,0,0
BRDA:349,49,1,0
BRDA:355,50,0,0
BRDA:355,50,1,0
BRDA:358,51,0,0
BRDA:358,51,1,0
BRDA:369,52,0,0
BRDA:369,52,1,0
BRDA:379,53,0,0
BRDA:379,53,1,0
BRDA:379,54,0,0
BRDA:379,54,1,0
BRDA:381,55,0,0
BRDA:381,55,1,0
BRDA:391,56,0,0
BRDA:391,56,1,0
BRDA:395,57,0,0
BRDA:395,57,1,0
BRDA:395,57,2,0
BRDA:396,58,0,0
BRDA:396,58,1,0
BRF:125
BRH:0
end_of_record
TN:
SF:src/pages/ResetPassowrdScreen.tsx
FN:21,looksLikeToken
FN:29,passMinOk
FN:33,ResetPasswordScreen
FN:43,(anonymous_3)
FN:48,(anonymous_4)
FN:50,(anonymous_5)
FN:55,(anonymous_6)
FN:64,(anonymous_7)
FN:76,(anonymous_8)
FN:140,(anonymous_9)
FN:143,(anonymous_10)
FN:199,(anonymous_11)
FN:208,(anonymous_12)
FN:211,(anonymous_13)
FNF:14
FNH:0
FNDA:0,looksLikeToken
FNDA:0,passMinOk
FNDA:0,ResetPasswordScreen
FNDA:0,(anonymous_3)
FNDA:0,(anonymous_4)
FNDA:0,(anonymous_5)
FNDA:0,(anonymous_6)
FNDA:0,(anonymous_7)
FNDA:0,(anonymous_8)
FNDA:0,(anonymous_9)
FNDA:0,(anonymous_10)
FNDA:0,(anonymous_11)
FNDA:0,(anonymous_12)
FNDA:0,(anonymous_13)
DA:17,0
DA:22,0
DA:25,0
DA:26,0
DA:30,0
DA:34,0
DA:37,0
DA:38,0
DA:39,0
DA:40,0
DA:43,0
DA:44,0
DA:45,0
DA:48,0
DA:50,0
DA:51,0
DA:52,0
DA:55,0
DA:56,0
DA:57,0
DA:58,0
DA:59,0
DA:60,0
DA:64,0
DA:65,0
DA:66,0
DA:67,0
DA:68,0
DA:69,0
DA:71,0
DA:72,0
DA:76,0
DA:77,0
DA:79,0
DA:80,0
DA:81,0
DA:82,0
DA:83,0
DA:85,0
DA:87,0
DA:88,0
DA:89,0
DA:91,0
DA:97,0
DA:98,0
DA:100,0
DA:104,0
DA:140,0
DA:143,0
DA:199,0
DA:208,0
DA:211,0
DA:233,0
LF:53
LH:0
BRDA:22,0,0,0
BRDA:22,0,1,0
BRDA:25,1,0,0
BRDA:25,1,1,0
BRDA:26,2,0,0
BRDA:26,2,1,0
BRDA:30,3,0,0
BRDA:30,3,1,0
BRDA:44,4,0,0
BRDA:44,4,1,0
BRDA:51,5,0,0
BRDA:51,5,1,0
BRDA:56,6,0,0
BRDA:56,6,1,0
BRDA:57,7,0,0
BRDA:57,7,1,0
BRDA:57,8,0,0
BRDA:57,8,1,0
BRDA:58,9,0,0
BRDA:58,9,1,0
BRDA:59,10,0,0
BRDA:59,10,1,0
BRDA:59,11,0,0
BRDA:59,11,1,0
BRDA:67,12,0,0
BRDA:67,12,1,0
BRDA:68,13,0,0
BRDA:68,13,1,0
BRDA:77,14,0,0
BRDA:77,14,1,0
BRDA:87,15,0,0
BRDA:87,15,1,0
BRDA:93,16,0,0
BRDA:93,16,1,0
BRDA:107,17,0,0
BRDA:107,17,1,0
BRDA:133,18,0,0
BRDA:133,18,1,0
BRDA:134,19,0,0
BRDA:134,19,1,0
BRDA:134,19,2,0
BRDA:145,20,0,0
BRDA:145,20,1,0
BRDA:146,21,0,0
BRDA:146,21,1,0
BRDA:153,22,0,0
BRDA:153,22,1,0
BRDA:153,23,0,0
BRDA:153,23,1,0
BRDA:171,24,0,0
BRDA:171,24,1,0
BRDA:172,25,0,0
BRDA:172,25,1,0
BRDA:172,25,2,0
BRDA:176,26,0,0
BRDA:176,26,1,0
BRDA:176,27,0,0
BRDA:176,27,1,0
BRDA:194,28,0,0
BRDA:194,28,1,0
BRDA:195,29,0,0
BRDA:195,29,1,0
BRDA:195,29,2,0
BRDA:201,30,0,0
BRDA:201,30,1,0
BRDA:201,31,0,0
BRDA:201,31,1,0
BRDA:213,32,0,0
BRDA:213,32,1,0
BRDA:214,33,0,0
BRDA:214,33,1,0
BRDA:217,34,0,0
BRDA:217,34,1,0
BRF:73
BRH:0
end_of_record
TN:
SF:src/services/AdminApiService.ts
FN:13,(anonymous_0)
FN:32,(anonymous_1)
FN:46,(anonymous_2)
FN:65,(anonymous_3)
FN:87,(anonymous_4)
FN:105,(anonymous_5)
FN:124,(anonymous_6)
FN:142,(anonymous_7)
FN:163,(anonymous_8)
FN:182,(anonymous_9)
FN:200,(anonymous_10)
FN:223,(anonymous_11)
FN:242,(anonymous_12)
FN:260,(anonymous_13)
FNF:14
FNH:0
FNDA:0,(anonymous_0)
FNDA:0,(anonymous_1)
FNDA:0,(anonymous_2)
FNDA:0,(anonymous_3)
FNDA:0,(anonymous_4)
FNDA:0,(anonymous_5)
FNDA:0,(anonymous_6)
FNDA:0,(anonymous_7)
FNDA:0,(anonymous_8)
FNDA:0,(anonymous_9)
FNDA:0,(anonymous_10)
FNDA:0,(anonymous_11)
FNDA:0,(anonymous_12)
FNDA:0,(anonymous_13)
DA:21,0
DA:22,0
DA:25,0
DA:27,0
DA:28,0
DA:35,0
DA:36,0
DA:39,0
DA:41,0
DA:42,0
DA:54,0
DA:55,0
DA:58,0
DA:60,0
DA:61,0
DA:66,0
DA:67,0
DA:68,0
DA:70,0
DA:71,0
DA:73,0
DA:77,0
DA:79,0
DA:83,0
DA:88,0
DA:89,0
DA:90,0
DA:92,0
DA:95,0
DA:97,0
DA:101,0
DA:113,0
DA:114,0
DA:117,0
DA:119,0
DA:120,0
DA:125,0
DA:126,0
DA:127,0
DA:129,0
DA:132,0
DA:134,0
DA:138,0
DA:146,0
DA:147,0
DA:148,0
DA:150,0
DA:153,0
DA:155,0
DA:159,0
DA:164,0
DA:165,0
DA:166,0
DA:168,0
DA:169,0
DA:171,0
DA:175,0
DA:177,0
DA:178,0
DA:183,0
DA:184,0
DA:185,0
DA:187,0
DA:190,0
DA:192,0
DA:196,0
DA:203,0
DA:204,0
DA:205,0
DA:207,0
DA:208,0
DA:210,0
DA:211,0
DA:213,0
DA:214,0
DA:218,0
DA:219,0
DA:231,0
DA:232,0
DA:235,0
DA:237,0
DA:238,0
DA:243,0
DA:244,0
DA:245,0
DA:247,0
DA:250,0
DA:252,0
DA:256,0
DA:263,0
DA:264,0
DA:265,0
DA:267,0
DA:270,0
DA:272,0
DA:276,0
LF:96
LH:0
BRDA:67,0,0,0
BRDA:67,0,1,0
BRDA:67,1,0,0
BRDA:67,1,1,0
BRDA:70,2,0,0
BRDA:70,2,1,0
BRDA:70,3,0,0
BRDA:70,3,1,0
BRDA:89,4,0,0
BRDA:89,4,1,0
BRDA:89,5,0,0
BRDA:89,5,1,0
BRDA:95,6,0,0
BRDA:95,6,1,0
BRDA:126,7,0,0
BRDA:126,7,1,0
BRDA:126,8,0,0
BRDA:126,8,1,0
BRDA:144,9,0,0
BRDA:147,10,0,0
BRDA:147,10,1,0
BRDA:147,11,0,0
BRDA:147,11,1,0
BRDA:165,12,0,0
BRDA:165,12,1,0
BRDA:165,13,0,0
BRDA:165,13,1,0
BRDA:168,14,0,0
BRDA:168,14,1,0
BRDA:168,15,0,0
BRDA:168,15,1,0
BRDA:184,16,0,0
BRDA:184,16,1,0
BRDA:184,17,0,0
BRDA:184,17,1,0
BRDA:204,18,0,0
BRDA:204,18,1,0
BRDA:204,19,0,0
BRDA:204,19,1,0
BRDA:207,20,0,0
BRDA:207,20,1,0
BRDA:207,21,0,0
BRDA:207,21,1,0
BRDA:210,22,0,0
BRDA:210,22,1,0
BRDA:210,23,0,0
BRDA:210,23,1,0
BRDA:214,24,0,0
BRDA:214,24,1,0
BRDA:244,25,0,0
BRDA:244,25,1,0
BRDA:244,26,0,0
BRDA:244,26,1,0
BRDA:264,27,0,0
BRDA:264,27,1,0
BRDA:264,28,0,0
BRDA:264,28,1,0
BRF:57
BRH:0
end_of_record
TN:
SF:src/services/AlertService.ts
FN:4,(anonymous_0)
FN:24,(anonymous_1)
FN:42,(anonymous_2)
FNF:3
FNH:0
FNDA:0,(anonymous_0)
FNDA:0,(anonymous_1)
FNDA:0,(anonymous_2)
DA:5,0
DA:6,0
DA:7,0
DA:8,0
DA:10,0
DA:11,0
DA:12,0
DA:20,0
DA:25,0
DA:26,0
DA:27,0
DA:29,0
DA:31,0
DA:32,0
DA:38,0
DA:43,0
DA:44,0
DA:45,0
DA:47,0
DA:48,0
DA:50,0
DA:51,0
DA:58,0
DA:60,0
DA:61,0
DA:66,0
DA:67,0
DA:68,0
DA:70,0
DA:71,0
LF:30
LH:0
BRDA:6,0,0,0
BRDA:6,0,1,0
BRDA:6,1,0,0
BRDA:6,1,1,0
BRDA:10,2,0,0
BRDA:10,2,1,0
BRDA:10,3,0,0
BRDA:10,3,1,0
BRDA:16,4,0,0
BRDA:16,4,1,0
BRDA:26,5,0,0
BRDA:26,5,1,0
BRDA:26,6,0,0
BRDA:26,6,1,0
BRDA:31,7,0,0
BRDA:31,7,1,0
BRDA:31,8,0,0
BRDA:31,8,1,0
BRDA:35,9,0,0
BRDA:35,9,1,0
BRDA:44,10,0,0
BRDA:44,10,1,0
BRDA:44,11,0,0
BRDA:44,11,1,0
BRDA:47,12,0,0
BRDA:47,12,1,0
BRDA:47,13,0,0
BRDA:47,13,1,0
BRF:28
BRH:0
end_of_record
TN:
SF:src/services/ApiClientService.ts
FN:14,(anonymous_0)
FN:20,(anonymous_1)
FN:39,(anonymous_2)
FN:46,(anonymous_3)
FN:47,(anonymous_4)
FN:70,(anonymous_5)
FN:80,(anonymous_6)
FN:85,(anonymous_7)
FN:92,(anonymous_8)
FN:93,(anonymous_9)
FN:95,(anonymous_10)
FN:97,(anonymous_11)
FN:99,(anonymous_12)
FN:104,(anonymous_13)
FN:105,(anonymous_14)
FN:106,(anonymous_15)
FN:108,(anonymous_16)
FNF:17
FNH:14
FNDA:31,(anonymous_0)
FNDA:6,(anonymous_1)
FNDA:0,(anonymous_2)
FNDA:0,(anonymous_3)
FNDA:4,(anonymous_4)
FNDA:45,(anonymous_5)
FNDA:0,(anonymous_6)
FNDA:1,(anonymous_7)
FNDA:2,(anonymous_8)
FNDA:1,(anonymous_9)
FNDA:2,(anonymous_10)
FNDA:1,(anonymous_11)
FNDA:2,(anonymous_12)
FNDA:2,(anonymous_13)
FNDA:1,(anonymous_14)
FNDA:1,(anonymous_15)
FNDA:1,(anonymous_16)
DA:9,31
DA:15,31
DA:17,31
DA:19,31
DA:21,6
DA:22,6
DA:25,6
DA:28,6
DA:29,5
DA:30,1
DA:33,5
DA:35,1
DA:36,1
DA:40,0
DA:41,0
DA:45,31
DA:46,0
DA:48,4
DA:49,4
DA:50,4
DA:53,4
DA:54,1
DA:55,1
DA:58,4
DA:59,1
DA:62,0
DA:65,4
DA:71,45
DA:75,31
DA:78,31
DA:84,31
DA:86,1
DA:87,1
DA:91,31
DA:92,2
DA:94,1
DA:96,2
DA:98,1
DA:100,2
DA:103,31
DA:104,2
DA:105,1
DA:107,1
DA:109,1
LF:44
LH:40
BRDA:9,0,0,31
BRDA:9,0,1,31
BRDA:15,1,0,0
BRDA:15,1,1,31
BRDA:22,2,0,6
BRDA:22,2,1,0
BRDA:26,3,0,6
BRDA:26,3,1,5
BRDA:29,4,0,1
BRDA:29,4,1,4
BRDA:29,5,0,5
BRDA:29,5,1,2
BRDA:50,6,0,4
BRDA:50,6,1,1
BRDA:53,7,0,1
BRDA:53,7,1,3
BRDA:53,8,0,4
BRDA:53,8,1,2
BRDA:58,9,0,1
BRDA:58,9,1,3
BRDA:58,10,0,4
BRDA:58,10,1,3
BRF:22
BRH:20
end_of_record
TN:
SF:src/services/AppEventService.ts
FN:15,(anonymous_0)
FN:21,(anonymous_1)
FN:25,(anonymous_2)
FN:27,(anonymous_3)
FN:40,(anonymous_4)
FN:50,(anonymous_5)
FNF:6
FNH:0
FNDA:0,(anonymous_0)
FNDA:0,(anonymous_1)
FNDA:0,(anonymous_2)
FNDA:0,(anonymous_3)
FNDA:0,(anonymous_4)
FNDA:0,(anonymous_5)
DA:15,0
DA:16,0
DA:17,0
DA:18,0
DA:22,0
DA:26,0
DA:27,0
DA:28,0
DA:38,0
DA:41,0
DA:42,0
DA:43,0
DA:44,0
DA:51,0
LF:14
LH:0
BRDA:42,0,0,0
BRDA:42,0,1,0
BRF:2
BRH:0
end_of_record
TN:
SF:src/services/AuthEvents.ts
FNF:0
FNH:0
DA:9,31
LF:1
LH:1
BRF:0
BRH:0
end_of_record
TN:
SF:src/services/AuthGuardService.ts
FN:14,(anonymous_0)
FN:18,(anonymous_1)
FN:26,(anonymous_2)
FN:49,(anonymous_3)
FN:68,(anonymous_4)
FNF:5
FNH:0
FNDA:0,(anonymous_0)
FNDA:0,(anonymous_1)
FNDA:0,(anonymous_2)
FNDA:0,(anonymous_3)
FNDA:0,(anonymous_4)
DA:11,0
DA:12,0
DA:15,0
DA:19,0
DA:20,0
DA:22,0
DA:24,0
DA:25,0
DA:27,0
DA:28,0
DA:34,0
DA:35,0
DA:36,0
DA:39,0
DA:40,0
DA:42,0
DA:43,0
DA:45,0
DA:51,0
DA:52,0
DA:60,0
DA:61,0
DA:62,0
DA:63,0
DA:64,0
DA:68,0
DA:69,0
DA:71,0
LF:28
LH:0
BRDA:19,0,0,0
BRDA:19,0,1,0
BRDA:20,1,0,0
BRDA:20,1,1,0
BRDA:34,2,0,0
BRDA:34,2,1,0
BRDA:64,3,0,0
BRDA:64,3,1,0
BRF:8
BRH:0
end_of_record
TN:
SF:src/services/AuthRecoveryService.ts
FN:27,(anonymous_0)
FN:35,(anonymous_1)
FN:42,(anonymous_2)
FN:49,(anonymous_3)
FN:69,(anonymous_4)
FN:76,(anonymous_5)
FN:83,(anonymous_6)
FN:87,(anonymous_7)
FN:101,(anonymous_8)
FN:109,(anonymous_9)
FN:139,(anonymous_10)
FN:143,(anonymous_11)
FNF:12
FNH:0
FNDA:0,(anonymous_0)
FNDA:0,(anonymous_1)
FNDA:0,(anonymous_2)
FNDA:0,(anonymous_3)
FNDA:0,(anonymous_4)
FNDA:0,(anonymous_5)
FNDA:0,(anonymous_6)
FNDA:0,(anonymous_7)
FNDA:0,(anonymous_8)
FNDA:0,(anonymous_9)
FNDA:0,(anonymous_10)
FNDA:0,(anonymous_11)
DA:28,0
DA:29,0
DA:36,0
DA:37,0
DA:43,0
DA:44,0
DA:45,0
DA:47,0
DA:49,0
DA:50,0
DA:53,0
DA:54,0
DA:56,0
DA:57,0
DA:70,0
DA:77,0
DA:78,0
DA:84,0
DA:85,0
DA:87,0
DA:88,0
DA:94,0
DA:95,0
DA:97,0
DA:106,0
DA:107,0
DA:109,0
DA:110,0
DA:118,0
DA:119,0
DA:121,0
DA:124,0
DA:133,0
DA:134,0
DA:135,0
DA:136,0
DA:138,0
DA:140,0
DA:143,0
DA:145,0
DA:147,0
DA:151,0
LF:42
LH:0
BRDA:29,0,0,0
BRDA:29,0,1,0
BRDA:36,1,0,0
BRDA:36,1,1,0
BRDA:37,2,0,0
BRDA:37,2,1,0
BRDA:43,3,0,0
BRDA:43,3,1,0
BRDA:44,4,0,0
BRDA:44,4,1,0
BRDA:57,5,0,0
BRDA:57,5,1,0
BRDA:77,6,0,0
BRDA:77,6,1,0
BRDA:78,7,0,0
BRDA:78,7,1,0
BRDA:84,8,0,0
BRDA:84,8,1,0
BRDA:85,9,0,0
BRDA:85,9,1,0
BRDA:106,10,0,0
BRDA:106,10,1,0
BRDA:107,11,0,0
BRDA:107,11,1,0
BRDA:122,12,0,0
BRDA:122,12,1,0
BRDA:138,13,0,0
BRDA:138,13,1,0
BRDA:151,14,0,0
BRDA:151,14,1,0
BRF:30
BRH:0
end_of_record
TN:
SF:src/services/AuthService.ts
FN:10,(anonymous_0)
FN:22,(anonymous_1)
FN:26,(anonymous_2)
FN:36,(anonymous_3)
FN:40,(anonymous_4)
FN:52,(anonymous_5)
FN:89,(anonymous_6)
FNF:7
FNH:7
FNDA:4,(anonymous_0)
FNDA:4,(anonymous_1)
FNDA:13,(anonymous_2)
FNDA:4,(anonymous_3)
FNDA:9,(anonymous_4)
FNDA:8,(anonymous_5)
FNDA:3,(anonymous_6)
DA:6,5
DA:7,5
DA:8,5
DA:11,4
DA:13,4
DA:14,4
DA:15,4
DA:17,0
DA:18,0
DA:23,4
DA:27,13
DA:28,13
DA:29,11
DA:31,2
DA:32,2
DA:37,4
DA:41,9
DA:42,9
DA:47,1
DA:48,1
DA:53,8
DA:54,8
DA:55,1
DA:57,7
DA:58,1
DA:61,6
DA:63,6
DA:67,5
DA:69,5
DA:70,1
DA:73,4
DA:75,4
DA:76,3
DA:78,1
DA:79,1
DA:82,4
DA:83,4
DA:84,4
DA:85,4
DA:90,3
DA:91,3
DA:92,2
DA:94,1
LF:43
LH:41
BRDA:15,0,0,4
BRDA:15,0,1,2
BRDA:29,1,0,11
BRDA:29,1,1,5
BRDA:54,2,0,1
BRDA:54,2,1,7
BRDA:54,3,0,8
BRDA:54,3,1,7
BRDA:57,4,0,1
BRDA:57,4,1,6
BRDA:57,5,0,7
BRDA:57,5,1,6
BRDA:69,6,0,1
BRDA:69,6,1,4
BRDA:75,7,0,3
BRDA:75,7,1,1
BRF:16
BRH:16
end_of_record
TN:
SF:src/services/BootstrapCoordinator.ts
FN:24,(anonymous_0)
FN:28,(anonymous_1)
FN:49,(anonymous_2)
FN:60,(anonymous_3)
FN:65,(anonymous_4)
FN:70,(anonymous_5)
FN:74,(anonymous_6)
FN:129,(anonymous_7)
FNF:8
FNH:0
FNDA:0,(anonymous_0)
FNDA:0,(anonymous_1)
FNDA:0,(anonymous_2)
FNDA:0,(anonymous_3)
FNDA:0,(anonymous_4)
FNDA:0,(anonymous_5)
FNDA:0,(anonymous_6)
FNDA:0,(anonymous_7)
DA:8,0
DA:9,0
DA:11,0
DA:12,0
DA:14,0
DA:15,0
DA:16,0
DA:25,0
DA:26,0
DA:28,0
DA:29,0
DA:30,0
DA:32,0
DA:33,0
DA:36,0
DA:37,0
DA:39,0
DA:50,0
DA:52,0
DA:54,0
DA:59,0
DA:60,0
DA:65,0
DA:66,0
DA:71,0
DA:76,0
DA:77,0
DA:78,0
DA:79,0
DA:83,0
DA:84,0
DA:85,0
DA:86,0
DA:88,0
DA:92,0
DA:93,0
DA:98,0
DA:99,0
DA:105,0
DA:110,0
DA:114,0
DA:118,0
DA:120,0
DA:121,0
DA:123,0
DA:129,0
LF:46
LH:0
BRDA:25,0,0,0
BRDA:25,0,1,0
BRDA:26,1,0,0
BRDA:26,1,1,0
BRDA:30,2,0,0
BRDA:30,2,1,0
BRDA:54,3,0,0
BRDA:54,3,1,0
BRDA:55,4,0,0
BRDA:55,4,1,0
BRDA:85,5,0,0
BRDA:85,5,1,0
BRDA:105,6,0,0
BRDA:105,6,1,0
BRDA:110,7,0,0
BRDA:110,7,1,0
BRDA:114,8,0,0
BRDA:114,8,1,0
BRDA:118,9,0,0
BRDA:118,9,1,0
BRF:20
BRH:0
end_of_record
TN:
SF:src/services/DateMapper.ts
FN:4,(anonymous_0)
FNF:1
FNH:0
FNDA:0,(anonymous_0)
DA:8,0
DA:9,0
DA:11,0
LF:3
LH:0
BRDA:6,0,0,0
BRDA:9,1,0,0
BRDA:9,1,1,0
BRF:3
BRH:0
end_of_record
TN:
SF:src/services/DateTimeService.ts
FN:2,(anonymous_0)
FN:13,(anonymous_1)
FNF:2
FNH:0
FNDA:0,(anonymous_0)
FNDA:0,(anonymous_1)
DA:3,0
DA:4,0
DA:6,0
DA:14,0
DA:15,0
DA:17,0
LF:6
LH:0
BRDA:3,0,0,0
BRDA:3,0,1,0
BRDA:3,1,0,0
BRDA:3,1,1,0
BRDA:4,2,0,0
BRDA:4,2,1,0
BRDA:4,3,0,0
BRDA:4,3,1,0
BRDA:14,4,0,0
BRDA:14,4,1,0
BRDA:14,5,0,0
BRDA:14,5,1,0
BRDA:15,6,0,0
BRDA:15,6,1,0
BRDA:15,7,0,0
BRDA:15,7,1,0
BRF:16
BRH:0
end_of_record
TN:
SF:src/services/DateValidator.ts
FN:2,(anonymous_0)
FN:7,(anonymous_1)
FNF:2
FNH:0
FNDA:0,(anonymous_0)
FNDA:0,(anonymous_1)
DA:3,0
DA:4,0
DA:8,0
LF:3
LH:0
BRDA:3,0,0,0
BRDA:3,0,1,0
BRDA:4,1,0,0
BRDA:4,1,1,0
BRDA:8,2,0,0
BRDA:8,2,1,0
BRF:6
BRH:0
end_of_record
TN:
SF:src/services/DevicesService.ts
FN:65,(anonymous_0)
FN:86,(anonymous_1)
FN:96,(anonymous_2)
FN:107,(anonymous_3)
FN:118,(anonymous_4)
FNF:5
FNH:0
FNDA:0,(anonymous_0)
FNDA:0,(anonymous_1)
FNDA:0,(anonymous_2)
FNDA:0,(anonymous_3)
FNDA:0,(anonymous_4)
DA:66,0
DA:68,0
DA:69,0
DA:70,0
DA:71,0
DA:72,0
DA:73,0
DA:74,0
DA:75,0
DA:77,0
DA:78,0
DA:80,0
DA:87,0
DA:90,0
DA:97,0
DA:101,0
DA:108,0
DA:112,0
DA:119,0
LF:19
LH:0
BRDA:68,0,0,0
BRDA:68,0,1,0
BRDA:69,1,0,0
BRDA:69,1,1,0
BRDA:69,2,0,0
BRDA:69,2,1,0
BRDA:71,3,0,0
BRDA:71,3,1,0
BRDA:71,4,0,0
BRDA:71,4,1,0
BRDA:72,5,0,0
BRDA:72,5,1,0
BRDA:73,6,0,0
BRDA:73,6,1,0
BRDA:74,7,0,0
BRDA:74,7,1,0
BRDA:75,8,0,0
BRDA:75,8,1,0
BRDA:77,9,0,0
BRDA:77,9,1,0
BRF:20
BRH:0
end_of_record
TN:
SF:src/services/DrawerA11yService.ts
FN:29,(anonymous_0)
FN:50,(anonymous_1)
FN:74,(anonymous_2)
FN:95,(anonymous_3)
FNF:4
FNH:0
FNDA:0,(anonymous_0)
FNDA:0,(anonymous_1)
FNDA:0,(anonymous_2)
FNDA:0,(anonymous_3)
DA:14,0
DA:15,0
DA:18,0
DA:20,0
DA:34,0
DA:35,0
DA:38,0
DA:40,0
DA:43,0
DA:47,0
DA:48,0
DA:51,0
DA:52,0
DA:56,0
DA:61,0
DA:64,0
DA:65,0
DA:75,0
DA:76,0
DA:78,0
DA:80,0
DA:81,0
DA:82,0
DA:85,0
DA:86,0
DA:94,0
DA:96,0
DA:98,0
DA:99,0
DA:100,0
DA:101,0
DA:105,0
DA:108,0
DA:109,0
LF:34
LH:0
BRDA:41,0,0,0
BRDA:41,0,1,0
BRDA:61,1,0,0
BRDA:61,1,1,0
BRDA:99,2,0,0
BRDA:99,2,1,0
BRDA:99,3,0,0
BRDA:99,3,1,0
BRDA:105,4,0,0
BRDA:105,4,1,0
BRDA:108,5,0,0
BRDA:108,5,1,0
BRDA:115,6,0,0
BRDA:115,6,1,0
BRF:14
BRH:0
end_of_record
TN:
SF:src/services/DrawerService.ts
FN:24,(anonymous_0)
FN:28,(anonymous_1)
FN:35,(anonymous_2)
FN:39,(anonymous_3)
FN:43,(anonymous_4)
FNF:5
FNH:0
FNDA:0,(anonymous_0)
FNDA:0,(anonymous_1)
FNDA:0,(anonymous_2)
FNDA:0,(anonymous_3)
FNDA:0,(anonymous_4)
DA:15,0
DA:25,0
DA:29,0
DA:30,0
DA:31,0
DA:32,0
DA:36,0
DA:40,0
DA:44,0
LF:9
LH:0
BRDA:32,0,0,0
BRDA:32,0,1,0
BRDA:36,1,0,0
BRDA:36,1,1,0
BRF:4
BRH:0
end_of_record
TN:
SF:src/services/EntityNormalizerService.ts
FN:17,(anonymous_0)
FN:23,(anonymous_1)
FNF:2
FNH:0
FNDA:0,(anonymous_0)
FNDA:0,(anonymous_1)
DA:11,0
DA:18,0
DA:24,0
DA:30,0
DA:34,0
DA:36,0
DA:41,0
DA:43,0
DA:44,0
DA:45,0
DA:49,0
DA:54,0
DA:55,0
DA:59,0
DA:61,0
DA:62,0
DA:63,0
DA:69,0
DA:71,0
DA:85,0
DA:87,0
DA:88,0
DA:89,0
DA:90,0
DA:96,0
DA:97,0
DA:103,0
DA:105,0
LF:28
LH:0
BRDA:18,0,0,0
BRDA:18,0,1,0
BRDA:24,1,0,0
BRDA:24,1,1,0
BRDA:30,2,0,0
BRDA:30,2,1,0
BRDA:30,3,0,0
BRDA:30,3,1,0
BRDA:30,3,2,0
BRDA:34,4,0,0
BRDA:34,4,1,0
BRDA:34,5,0,0
BRDA:34,5,1,0
BRDA:36,6,0,0
BRDA:36,6,1,0
BRDA:37,7,0,0
BRDA:37,7,1,0
BRDA:37,7,2,0
BRDA:45,8,0,0
BRDA:45,8,1,0
BRDA:45,9,0,0
BRDA:45,9,1,0
BRDA:45,9,2,0
BRDA:55,10,0,0
BRDA:55,10,1,0
BRDA:59,11,0,0
BRDA:59,11,1,0
BRDA:62,12,0,0
BRDA:62,12,1,0
BRDA:63,13,0,0
BRDA:63,13,1,0
BRDA:69,14,0,0
BRDA:69,14,1,0
BRDA:69,15,0,0
BRDA:69,15,1,0
BRDA:69,15,2,0
BRDA:75,16,0,0
BRDA:75,16,1,0
BRDA:75,17,0,0
BRDA:75,17,1,0
BRDA:85,18,0,0
BRDA:85,18,1,0
BRDA:89,19,0,0
BRDA:89,19,1,0
BRDA:90,20,0,0
BRDA:90,20,1,0
BRDA:96,21,0,0
BRDA:96,21,1,0
BRDA:97,22,0,0
BRDA:97,22,1,0
BRDA:103,23,0,0
BRDA:103,23,1,0
BRDA:103,24,0,0
BRDA:103,24,1,0
BRDA:103,24,2,0
BRDA:103,24,3,0
BRDA:103,24,4,0
BRDA:110,25,0,0
BRDA:110,25,1,0
BRDA:110,26,0,0
BRDA:110,26,1,0
BRDA:115,27,0,0
BRDA:115,27,1,0
BRF:63
BRH:0
end_of_record
TN:
SF:src/services/EntityPromptService.ts
FN:22,(anonymous_0)
FN:52,(anonymous_1)
FN:78,(anonymous_2)
FN:80,(anonymous_3)
FN:135,(anonymous_4)
FN:182,(anonymous_5)
FN:207,(anonymous_6)
FN:228,(anonymous_7)
FN:240,(anonymous_8)
FNF:9
FNH:0
FNDA:0,(anonymous_0)
FNDA:0,(anonymous_1)
FNDA:0,(anonymous_2)
FNDA:0,(anonymous_3)
FNDA:0,(anonymous_4)
FNDA:0,(anonymous_5)
FNDA:0,(anonymous_6)
FNDA:0,(anonymous_7)
FNDA:0,(anonymous_8)
DA:23,0
DA:53,0
DA:54,0
DA:55,0
DA:59,0
DA:61,0
DA:62,0
DA:68,0
DA:69,0
DA:70,0
DA:71,0
DA:73,0
DA:74,0
DA:79,0
DA:80,0
DA:85,0
DA:136,0
DA:137,0
DA:138,0
DA:139,0
DA:141,0
DA:142,0
DA:144,0
DA:145,0
DA:147,0
DA:151,0
DA:153,0
DA:154,0
DA:155,0
DA:157,0
DA:158,0
DA:160,0
DA:173,0
DA:174,0
DA:175,0
DA:177,0
DA:178,0
DA:186,0
DA:194,0
DA:196,0
DA:197,0
DA:198,0
DA:199,0
DA:200,0
DA:202,0
DA:203,0
DA:208,0
DA:216,0
DA:218,0
DA:219,0
DA:220,0
DA:221,0
DA:223,0
DA:224,0
DA:229,0
DA:230,0
DA:231,0
DA:232,0
DA:233,0
DA:235,0
DA:236,0
DA:241,0
DA:242,0
DA:243,0
DA:244,0
DA:246,0
DA:247,0
LF:67
LH:0
BRDA:53,0,0,0
BRDA:53,0,1,0
BRDA:54,1,0,0
BRDA:54,1,1,0
BRDA:59,2,0,0
BRDA:59,2,1,0
BRDA:64,3,0,0
BRDA:64,3,1,0
BRDA:65,4,0,0
BRDA:65,4,1,0
BRDA:65,5,0,0
BRDA:65,5,1,0
BRDA:80,6,0,0
BRDA:80,6,1,0
BRDA:81,7,0,0
BRDA:81,7,1,0
BRDA:82,8,0,0
BRDA:82,8,1,0
BRDA:136,9,0,0
BRDA:136,9,1,0
BRDA:137,10,0,0
BRDA:137,10,1,0
BRDA:138,11,0,0
BRDA:138,11,1,0
BRDA:139,12,0,0
BRDA:139,12,1,0
BRDA:141,13,0,0
BRDA:141,13,1,0
BRDA:142,14,0,0
BRDA:142,14,1,0
BRDA:145,15,0,0
BRDA:145,15,1,0
BRDA:151,16,0,0
BRDA:151,16,1,0
BRDA:154,17,0,0
BRDA:154,17,1,0
BRDA:155,18,0,0
BRDA:155,18,1,0
BRDA:155,19,0,0
BRDA:155,19,1,0
BRDA:157,20,0,0
BRDA:157,20,1,0
BRDA:158,21,0,0
BRDA:158,21,1,0
BRDA:164,22,0,0
BRDA:164,22,1,0
BRDA:166,23,0,0
BRDA:166,23,1,0
BRDA:170,24,0,0
BRDA:170,24,1,0
BRDA:170,25,0,0
BRDA:170,25,1,0
BRDA:194,26,0,0
BRDA:194,26,1,0
BRDA:216,27,0,0
BRDA:216,27,1,0
BRF:56
BRH:0
end_of_record
TN:
SF:src/services/FocusableDialogService.ts
FN:24,(anonymous_0)
FN:47,(anonymous_1)
FN:61,(anonymous_2)
FN:79,(anonymous_3)
FNF:4
FNH:0
FNDA:0,(anonymous_0)
FNDA:0,(anonymous_1)
FNDA:0,(anonymous_2)
FNDA:0,(anonymous_3)
DA:15,0
DA:16,0
DA:17,0
DA:29,0
DA:30,0
DA:32,0
DA:33,0
DA:36,0
DA:37,0
DA:40,0
DA:44,0
DA:45,0
DA:48,0
DA:49,0
DA:53,0
DA:58,0
DA:62,0
DA:63,0
DA:65,0
DA:66,0
DA:69,0
DA:70,0
DA:78,0
DA:80,0
DA:81,0
DA:82,0
DA:83,0
DA:84,0
DA:87,0
DA:90,0
DA:91,0
LF:31
LH:0
BRDA:30,0,0,0
BRDA:30,0,1,0
BRDA:32,1,0,0
BRDA:32,1,1,0
BRDA:38,2,0,0
BRDA:38,2,1,0
BRDA:58,3,0,0
BRDA:58,3,1,0
BRDA:82,4,0,0
BRDA:82,4,1,0
BRDA:82,5,0,0
BRDA:82,5,1,0
BRDA:87,6,0,0
BRDA:87,6,1,0
BRDA:90,7,0,0
BRDA:90,7,1,0
BRDA:97,8,0,0
BRDA:97,8,1,0
BRF:18
BRH:0
end_of_record
TN:
SF:src/services/FormFieldPersistenceService.ts
FN:15,(anonymous_0)
FN:18,(anonymous_1)
FN:21,(anonymous_2)
FN:28,(anonymous_3)
FN:32,(anonymous_4)
FN:43,(anonymous_5)
FN:52,(anonymous_6)
FN:63,(anonymous_7)
FN:80,(anonymous_8)
FN:95,(anonymous_9)
FNF:10
FNH:0
FNDA:0,(anonymous_0)
FNDA:0,(anonymous_1)
FNDA:0,(anonymous_2)
FNDA:0,(anonymous_3)
FNDA:0,(anonymous_4)
FNDA:0,(anonymous_5)
FNDA:0,(anonymous_6)
FNDA:0,(anonymous_7)
FNDA:0,(anonymous_8)
FNDA:0,(anonymous_9)
DA:6,0
DA:14,0
DA:16,0
DA:19,0
DA:22,0
DA:26,0
DA:28,0
DA:29,0
DA:33,0
DA:34,0
DA:35,0
DA:36,0
DA:37,0
DA:39,0
DA:44,0
DA:45,0
DA:46,0
DA:56,0
DA:57,0
DA:58,0
DA:59,0
DA:60,0
DA:69,0
DA:70,0
DA:71,0
DA:73,0
DA:74,0
DA:75,0
DA:76,0
DA:77,0
DA:85,0
DA:86,0
DA:88,0
DA:89,0
DA:90,0
DA:91,0
DA:92,0
DA:99,0
DA:100,0
DA:102,0
DA:103,0
DA:104,0
DA:105,0
LF:43
LH:0
BRDA:16,0,0,0
BRDA:16,0,1,0
BRDA:29,1,0,0
BRDA:29,1,1,0
BRDA:32,2,0,0
BRDA:36,3,0,0
BRDA:36,3,1,0
BRDA:37,4,0,0
BRDA:37,4,1,0
BRDA:37,5,0,0
BRDA:37,5,1,0
BRDA:46,6,0,0
BRDA:46,6,1,0
BRDA:54,7,0,0
BRDA:56,8,0,0
BRDA:56,8,1,0
BRDA:57,9,0,0
BRDA:57,9,1,0
BRDA:60,10,0,0
BRDA:60,10,1,0
BRDA:60,11,0,0
BRDA:60,11,1,0
BRDA:67,12,0,0
BRDA:69,13,0,0
BRDA:69,13,1,0
BRDA:70,14,0,0
BRDA:70,14,1,0
BRDA:71,15,0,0
BRDA:71,15,1,0
BRDA:71,16,0,0
BRDA:71,16,1,0
BRDA:74,17,0,0
BRDA:74,17,1,0
BRDA:74,18,0,0
BRDA:74,18,1,0
BRDA:83,19,0,0
BRDA:85,20,0,0
BRDA:85,20,1,0
BRDA:86,21,0,0
BRDA:86,21,1,0
BRDA:86,22,0,0
BRDA:86,22,1,0
BRDA:86,22,2,0
BRDA:89,23,0,0
BRDA:89,23,1,0
BRDA:89,24,0,0
BRDA:89,24,1,0
BRDA:97,25,0,0
BRDA:99,26,0,0
BRDA:99,26,1,0
BRDA:100,27,0,0
BRDA:100,27,1,0
BRDA:103,28,0,0
BRDA:103,28,1,0
BRF:54
BRH:0
end_of_record
TN:
SF:src/services/FormPersistenceService.ts
FN:14,(anonymous_0)
FN:17,(anonymous_1)
FN:20,(anonymous_2)
FN:29,(anonymous_3)
FN:39,(anonymous_4)
FN:61,(anonymous_5)
FN:80,(anonymous_6)
FN:104,(anonymous_7)
FN:118,(anonymous_8)
FN:142,(anonymous_9)
FN:147,(anonymous_10)
FN:156,(anonymous_11)
FNF:12
FNH:0
FNDA:0,(anonymous_0)
FNDA:0,(anonymous_1)
FNDA:0,(anonymous_2)
FNDA:0,(anonymous_3)
FNDA:0,(anonymous_4)
FNDA:0,(anonymous_5)
FNDA:0,(anonymous_6)
FNDA:0,(anonymous_7)
FNDA:0,(anonymous_8)
FNDA:0,(anonymous_9)
FNDA:0,(anonymous_10)
FNDA:0,(anonymous_11)
DA:13,0
DA:15,0
DA:18,0
DA:21,0
DA:25,0
DA:29,0
DA:30,0
DA:33,0
DA:44,0
DA:45,0
DA:47,0
DA:48,0
DA:49,0
DA:50,0
DA:51,0
DA:53,0
DA:57,0
DA:66,0
DA:67,0
DA:69,0
DA:70,0
DA:71,0
DA:72,0
DA:73,0
DA:74,0
DA:84,0
DA:85,0
DA:87,0
DA:88,0
DA:89,0
DA:90,0
DA:91,0
DA:92,0
DA:93,0
DA:105,0
DA:106,0
DA:108,0
DA:109,0
DA:110,0
DA:111,0
DA:112,0
DA:114,0
DA:122,0
DA:123,0
DA:125,0
DA:126,0
DA:127,0
DA:128,0
DA:129,0
DA:152,0
DA:161,0
LF:51
LH:0
BRDA:15,0,0,0
BRDA:15,0,1,0
BRDA:30,1,0,0
BRDA:30,1,1,0
BRDA:42,2,0,0
BRDA:44,3,0,0
BRDA:44,3,1,0
BRDA:45,4,0,0
BRDA:45,4,1,0
BRDA:50,5,0,0
BRDA:50,5,1,0
BRDA:51,6,0,0
BRDA:51,6,1,0
BRDA:51,7,0,0
BRDA:51,7,1,0
BRDA:53,8,0,0
BRDA:53,8,1,0
BRDA:53,9,0,0
BRDA:53,9,1,0
BRDA:64,10,0,0
BRDA:66,11,0,0
BRDA:66,11,1,0
BRDA:67,12,0,0
BRDA:67,12,1,0
BRDA:72,13,0,0
BRDA:72,13,1,0
BRDA:73,14,0,0
BRDA:73,14,1,0
BRDA:73,15,0,0
BRDA:73,15,1,0
BRDA:82,16,0,0
BRDA:84,17,0,0
BRDA:84,17,1,0
BRDA:85,18,0,0
BRDA:85,18,1,0
BRDA:90,19,0,0
BRDA:90,19,1,0
BRDA:91,20,0,0
BRDA:91,20,1,0
BRDA:91,21,0,0
BRDA:91,21,1,0
BRDA:91,21,2,0
BRDA:105,22,0,0
BRDA:105,22,1,0
BRDA:106,23,0,0
BRDA:106,23,1,0
BRDA:110,24,0,0
BRDA:110,24,1,0
BRDA:112,25,0,0
BRDA:112,25,1,0
BRDA:112,26,0,0
BRDA:112,26,1,0
BRDA:122,27,0,0
BRDA:122,27,1,0
BRDA:123,28,0,0
BRDA:123,28,1,0
BRDA:127,29,0,0
BRDA:127,29,1,0
BRDA:128,30,0,0
BRDA:128,30,1,0
BRDA:150,31,0,0
BRDA:158,32,0,0
BRDA:159,33,0,0
BRF:63
BRH:0
end_of_record
TN:
SF:src/services/PasswordPolicyService.ts
FN:18,(anonymous_0)
FN:43,(anonymous_1)
FN:44,(anonymous_2)
FNF:3
FNH:0
FNDA:0,(anonymous_0)
FNDA:0,(anonymous_1)
FNDA:0,(anonymous_2)
DA:16,0
DA:19,0
DA:20,0
DA:22,0
DA:23,0
DA:24,0
DA:25,0
DA:26,0
DA:27,0
DA:29,0
DA:44,0
LF:11
LH:0
BRDA:19,0,0,0
BRDA:19,0,1,0
BRDA:20,1,0,0
BRDA:20,1,1,0
BRDA:27,2,0,0
BRDA:27,2,1,0
BRDA:27,3,0,0
BRDA:27,3,1,0
BRDA:44,4,0,0
BRDA:44,4,1,0
BRF:10
BRH:0
end_of_record
TN:
SF:src/services/PolicyService.ts
FN:16,(anonymous_0)
FN:27,(anonymous_1)
FN:31,(anonymous_2)
FN:53,(anonymous_3)
FN:58,(anonymous_4)
FNF:5
FNH:0
FNDA:0,(anonymous_0)
FNDA:0,(anonymous_1)
FNDA:0,(anonymous_2)
FNDA:0,(anonymous_3)
FNDA:0,(anonymous_4)
DA:6,0
DA:8,0
DA:17,0
DA:19,0
DA:20,0
DA:22,0
DA:23,0
DA:28,0
DA:32,0
DA:33,0
DA:34,0
DA:35,0
DA:38,0
DA:39,0
DA:40,0
DA:43,0
DA:45,0
DA:49,0
DA:54,0
DA:55,0
DA:56,0
DA:58,0
DA:60,0
DA:61,0
LF:24
LH:0
BRDA:20,0,0,0
BRDA:20,0,1,0
BRDA:33,1,0,0
BRDA:33,1,1,0
BRDA:33,2,0,0
BRDA:33,2,1,0
BRDA:39,3,0,0
BRDA:39,3,1,0
BRDA:39,4,0,0
BRDA:39,4,1,0
BRDA:55,5,0,0
BRDA:55,5,1,0
BRDA:55,6,0,0
BRDA:55,6,1,0
BRF:14
BRH:0
end_of_record
TN:
SF:src/services/ProjectsOptionsService.ts
FN:9,(anonymous_0)
FN:13,(anonymous_1)
FN:20,(anonymous_2)
FNF:3
FNH:0
FNDA:0,(anonymous_0)
FNDA:0,(anonymous_1)
FNDA:0,(anonymous_2)
DA:6,0
DA:7,0
DA:10,0
DA:14,0
DA:15,0
DA:21,0
LF:6
LH:0
BRDA:15,0,0,0
BRDA:15,0,1,0
BRF:2
BRH:0
end_of_record
TN:
SF:src/services/PromptBridge.ts
FN:42,(anonymous_0)
FN:46,(anonymous_1)
FN:50,(anonymous_2)
FNF:3
FNH:0
FNDA:0,(anonymous_0)
FNDA:0,(anonymous_1)
FNDA:0,(anonymous_2)
DA:40,0
DA:43,0
DA:47,0
DA:51,0
DA:52,0
DA:56,0
LF:6
LH:0
BRDA:51,0,0,0
BRDA:51,0,1,0
BRF:2
BRH:0
end_of_record
TN:
SF:src/services/QueryCacheService.ts
FN:24,(anonymous_0)
FN:28,(anonymous_1)
FN:47,(anonymous_2)
FN:66,(anonymous_3)
FN:79,(anonymous_4)
FNF:5
FNH:0
FNDA:0,(anonymous_0)
FNDA:0,(anonymous_1)
FNDA:0,(anonymous_2)
FNDA:0,(anonymous_3)
FNDA:0,(anonymous_4)
DA:19,0
DA:22,0
DA:25,0
DA:29,0
DA:30,0
DA:33,0
DA:37,0
DA:38,0
DA:40,0
DA:41,0
DA:43,0
DA:44,0
DA:48,0
DA:49,0
DA:52,0
DA:56,0
DA:57,0
DA:63,0
DA:71,0
DA:72,0
DA:74,0
DA:75,0
DA:76,0
DA:80,0
DA:81,0
DA:84,0
DA:88,0
LF:27
LH:0
BRDA:25,0,0,0
BRDA:25,0,1,0
BRDA:29,1,0,0
BRDA:29,1,1,0
BRDA:30,2,0,0
BRDA:30,2,1,0
BRDA:30,3,0,0
BRDA:30,3,1,0
BRDA:33,4,0,0
BRDA:33,4,1,0
BRDA:38,5,0,0
BRDA:38,5,1,0
BRDA:41,6,0,0
BRDA:41,6,1,0
BRDA:48,7,0,0
BRDA:48,7,1,0
BRDA:49,8,0,0
BRDA:49,8,1,0
BRDA:49,9,0,0
BRDA:49,9,1,0
BRDA:52,10,0,0
BRDA:52,10,1,0
BRDA:72,11,0,0
BRDA:72,11,1,0
BRDA:72,12,0,0
BRDA:72,12,1,0
BRDA:80,13,0,0
BRDA:80,13,1,0
BRDA:81,14,0,0
BRDA:81,14,1,0
BRDA:81,15,0,0
BRDA:81,15,1,0
BRDA:84,16,0,0
BRDA:84,16,1,0
BRF:34
BRH:0
end_of_record
TN:
SF:src/services/RoleService.ts
FN:12,(anonymous_0)
FN:24,(anonymous_1)
FN:31,(anonymous_2)
FN:38,(anonymous_3)
FN:43,(anonymous_4)
FNF:5
FNH:0
FNDA:0,(anonymous_0)
FNDA:0,(anonymous_1)
FNDA:0,(anonymous_2)
FNDA:0,(anonymous_3)
FNDA:0,(anonymous_4)
DA:5,0
DA:6,0
DA:13,0
DA:14,0
DA:15,0
DA:16,0
DA:25,0
DA:32,0
DA:33,0
DA:34,0
DA:35,0
DA:39,0
DA:40,0
DA:44,0
DA:48,0
LF:15
LH:0
BRDA:14,0,0,0
BRDA:14,0,1,0
BRDA:25,1,0,0
BRDA:25,1,1,0
BRDA:33,2,0,0
BRDA:33,2,1,0
BRDA:48,3,0,0
BRDA:48,3,1,0
BRDA:48,3,2,0
BRDA:48,3,3,0
BRF:10
BRH:0
end_of_record
TN:
SF:src/services/StorageService.ts
FN:13,(anonymous_0)
FN:17,(anonymous_1)
FN:22,(anonymous_2)
FN:26,(anonymous_3)
FN:30,(anonymous_4)
FN:39,(anonymous_5)
FN:44,(anonymous_6)
FN:48,(anonymous_7)
FN:59,(anonymous_8)
FN:68,(anonymous_9)
FN:73,(anonymous_10)
FN:77,(anonymous_11)
FN:82,(anonymous_12)
FN:86,(anonymous_13)
FN:95,(anonymous_14)
FNF:15
FNH:2
FNDA:8,(anonymous_0)
FNDA:0,(anonymous_1)
FNDA:0,(anonymous_2)
FNDA:0,(anonymous_3)
FNDA:0,(anonymous_4)
FNDA:8,(anonymous_5)
FNDA:0,(anonymous_6)
FNDA:0,(anonymous_7)
FNDA:0,(anonymous_8)
FNDA:0,(anonymous_9)
FNDA:0,(anonymous_10)
FNDA:0,(anonymous_11)
FNDA:0,(anonymous_12)
FNDA:0,(anonymous_13)
FNDA:0,(anonymous_14)
DA:14,8
DA:18,0
DA:19,0
DA:23,0
DA:27,0
DA:31,0
DA:40,8
DA:41,8
DA:45,0
DA:49,0
DA:50,0
DA:51,0
DA:52,0
DA:53,0
DA:55,0
DA:60,0
DA:61,0
DA:62,0
DA:69,0
DA:70,0
DA:74,0
DA:78,0
DA:79,0
DA:83,0
DA:87,0
DA:88,0
DA:89,0
DA:96,0
DA:101,4
DA:102,4
DA:105,4
DA:106,4
LF:32
LH:7
BRDA:19,0,0,0
BRDA:19,0,1,0
BRDA:50,1,0,0
BRDA:50,1,1,0
BRDA:50,2,0,0
BRDA:50,2,1,0
BRDA:52,3,0,0
BRDA:52,3,1,0
BRDA:61,4,0,0
BRDA:61,4,1,0
BRDA:61,5,0,0
BRDA:61,5,1,0
BRDA:69,6,0,0
BRDA:69,6,1,0
BRDA:74,7,0,0
BRDA:74,7,1,0
BRDA:79,8,0,0
BRDA:79,8,1,0
BRDA:88,9,0,0
BRDA:88,9,1,0
BRDA:88,10,0,0
BRDA:88,10,1,0
BRF:22
BRH:0
end_of_record
TN:
SF:src/services/ThemeService.ts
FN:11,(anonymous_0)
FN:32,(anonymous_1)
FN:54,(anonymous_2)
FNF:3
FNH:0
FNDA:0,(anonymous_0)
FNDA:0,(anonymous_1)
FNDA:0,(anonymous_2)
DA:7,0
DA:8,0
DA:9,0
DA:12,0
DA:13,0
DA:14,0
DA:15,0
DA:16,0
DA:19,0
DA:22,0
DA:23,0
DA:28,0
DA:30,0
DA:31,0
DA:32,0
DA:33,0
DA:34,0
DA:38,0
DA:39,0
DA:42,0
DA:50,0
DA:55,0
DA:56,0
DA:57,0
DA:58,0
DA:59,0
DA:62,0
DA:63,0
DA:64,0
DA:66,0
DA:71,0
DA:72,0
DA:73,0
DA:75,0
DA:76,0
DA:78,0
DA:79,0
DA:82,0
DA:84,0
LF:39
LH:0
BRDA:14,0,0,0
BRDA:14,0,1,0
BRDA:19,1,0,0
BRDA:19,1,1,0
BRDA:22,2,0,0
BRDA:22,2,1,0
BRDA:31,3,0,0
BRDA:31,3,1,0
BRDA:38,4,0,0
BRDA:38,4,1,0
BRDA:57,5,0,0
BRDA:57,5,1,0
BRDA:73,6,0,0
BRDA:73,6,1,0
BRDA:75,7,0,0
BRDA:75,7,1,0
BRDA:78,8,0,0
BRDA:78,8,1,0
BRDA:82,9,0,0
BRDA:82,9,1,0
BRF:20
BRH:0
end_of_record
